[2021-05-11 00:15:03] local.INFO: Recordatorio de turnos por correo (5 dias): 1  en la cola  
[2021-05-11 00:16:02] local.INFO: SMS no enviado, numero incorrecto: 44805236  
[2021-05-11 00:43:19] local.INFO: Recordatorio de turnos por correo (para mañana): 743  en la cola  
[2021-05-11 03:32:02] local.INFO: SMS no enviado, numero incorrecto: 44805236  
[2021-05-11 05:00:09] local.INFO: Reporte de turnos del dia 2021-05-11 para las 06:00:00:28  en la cola  
[2021-05-11 05:32:03] local.INFO: SMS no enviado, numero incorrecto: 44805236  
[2021-05-11 05:48:02] local.INFO: SMS no enviado, numero incorrecto: 44805236  
[2021-05-11 05:56:01] local.INFO: SMS no enviado, numero incorrecto: 44805236  
[2021-05-11 06:00:06] local.INFO: Enviado a naspropiedades@gmail.com el reporte de turnos para 2021-05-11  
[2021-05-11 06:00:07] local.INFO: Enviado a naspropiedades@gmail.com el reporte de turnos para 2021-05-11  
[2021-05-11 06:00:07] local.INFO: Enviado a naspropiedades@gmail.com el reporte de turnos para 2021-05-11  
[2021-05-11 06:00:10] local.INFO: Enviado a deptomedicocentral@aerolineas.com.ar el reporte de turnos para 2021-05-11  
[2021-05-11 06:00:10] local.INFO: Enviado a deptomedicoaep@aerolineas.com.ar el reporte de turnos para 2021-05-11  
[2021-05-11 06:00:11] local.INFO: Enviado a nicotutor@outlook.com el reporte de turnos para 2021-05-11  
[2021-05-11 06:00:12] local.INFO: Enviado a sanchezmariaeugenia@hotmail.com el reporte de turnos para 2021-05-11  
[2021-05-11 06:00:13] local.INFO: Enviado a cmininni@sodimac.com.uy el reporte de turnos para 2021-05-11  
[2021-05-11 06:00:14] local.INFO: Enviado a glmartinez@sodimac.com.ar el reporte de turnos para 2021-05-11  
[2021-05-11 06:00:14] local.INFO: Enviado a glmartinez@sodimac.com.ar el reporte de turnos para 2021-05-11  
[2021-05-11 06:05:03] local.INFO: Enviado a dastella@sodimac.com.ar el reporte de turnos para 2021-05-11  
[2021-05-11 06:05:04] local.INFO: Enviado a dastella@sodimac.com.ar el reporte de turnos para 2021-05-11  
[2021-05-11 06:05:04] local.INFO: Enviado a dabaldi@sodimac.com.ar el reporte de turnos para 2021-05-11  
[2021-05-11 06:05:05] local.INFO: Enviado a davherrera@sodimac.com.ar el reporte de turnos para 2021-05-11  
[2021-05-11 06:05:06] local.INFO: Enviado a jcondori@sodimac.com.ar el reporte de turnos para 2021-05-11  
[2021-05-11 06:05:06] local.INFO: Enviado a jcondori@sodimac.com.ar el reporte de turnos para 2021-05-11  
[2021-05-11 06:05:07] local.INFO: Enviado a lwoltmann@sodimac.com.ar el reporte de turnos para 2021-05-11  
[2021-05-11 06:05:07] local.INFO: Enviado a gbalbi@sodimac.com.ar el reporte de turnos para 2021-05-11  
[2021-05-11 06:05:08] local.INFO: Enviado a danielroda_mp@yahoo.com.ar el reporte de turnos para 2021-05-11  
[2021-05-11 06:05:09] local.INFO: Enviado a serviciotecnico@climaplat.com.ar el reporte de turnos para 2021-05-11  
[2021-05-11 06:10:04] local.INFO: Enviado a lwoltmann@sodimac.com.ar el reporte de turnos para 2021-05-11  
[2021-05-11 06:10:04] local.INFO: Enviado a lwoltmann@sodimac.com.ar el reporte de turnos para 2021-05-11  
[2021-05-11 06:10:08] local.INFO: Enviado a edgardo.salatino@aerolineas.com.ar el reporte de turnos para 2021-05-11  
[2021-05-11 06:10:08] local.INFO: Enviado a martin.rivera@aerolineas.com.ar el reporte de turnos para 2021-05-11  
[2021-05-11 06:10:09] local.INFO: Enviado a walter.lamas@aerolineas.com.ar el reporte de turnos para 2021-05-11  
[2021-05-11 06:40:03] local.INFO: SMS no enviado, numero incorrecto: 44805236  
[2021-05-11 06:48:02] local.INFO: SMS no enviado, numero incorrecto: 44805236  
[2021-05-11 06:48:02] local.INFO: SMS no enviado, numero incorrecto: 44805236  
[2021-05-11 06:48:02] local.INFO: SMS no enviado, numero incorrecto: 44805236  
[2021-05-11 07:08:02] local.INFO: SMS no enviado, numero incorrecto: 44805236  
[2021-05-11 07:08:02] local.INFO: SMS no enviado, numero incorrecto: 44805236  
[2021-05-11 07:32:02] local.INFO: SMS no enviado, numero incorrecto: 44805236  
[2021-05-11 07:32:02] local.INFO: SMS no enviado, numero incorrecto: 44805236  
[2021-05-11 07:32:02] local.INFO: SMS no enviado, numero incorrecto: 44805236  
[2021-05-11 07:40:03] local.INFO: SMS no enviado, numero incorrecto: 44805236  
[2021-05-11 07:48:02] local.INFO: SMS no enviado, numero incorrecto: 41303318  
[2021-05-11 07:48:02] local.INFO: SMS no enviado, numero incorrecto: 44805236  
[2021-05-11 07:56:02] local.INFO: SMS no enviado, numero incorrecto: 44805236  
[2021-05-11 07:56:02] local.INFO: SMS no enviado, numero incorrecto: 44805236  
[2021-05-11 07:56:02] local.INFO: SMS no enviado, numero incorrecto: 44805236  
[2021-05-11 08:00:08] local.INFO: Recordatorio de turnos por sms (para mañana): 182  en la cola  
[2021-05-11 08:08:02] local.INFO: SMS enviado a +542245514141  
[2021-05-11 08:08:03] local.INFO: SMS enviado a +541161846080  
[2021-05-11 08:08:03] local.INFO: SMS enviado a 1163763062  
[2021-05-11 08:08:03] local.INFO: SMS enviado a 1169522500  
[2021-05-11 08:08:03] local.INFO: SMS enviado a 1163505640  
[2021-05-11 08:08:04] local.INFO: SMS enviado a 1161781877  
[2021-05-11 08:08:04] local.INFO: SMS enviado a 0358215407134  
[2021-05-11 08:08:04] local.INFO: SMS enviado a 1136874615  
[2021-05-11 08:08:05] local.INFO: SMS enviado a 1151220336  
[2021-05-11 08:08:05] local.INFO: SMS enviado a +541141646731  
[2021-05-11 08:08:05] local.INFO: SMS enviado a 1161192030  
[2021-05-11 08:08:05] local.INFO: SMS enviado a 1131443183  
[2021-05-11 08:08:05] local.INFO: SMS enviado a 1153255000  
[2021-05-11 08:08:06] local.INFO: SMS enviado a 3434599500  
[2021-05-11 08:08:06] local.INFO: SMS enviado a 1521911346  
[2021-05-11 08:08:06] local.INFO: SMS enviado a 1140951403  
[2021-05-11 08:08:06] local.INFO: SMS enviado a 1560995343  
[2021-05-11 08:08:07] local.INFO: SMS enviado a 1154615855  
[2021-05-11 08:08:07] local.INFO: SMS enviado a 1167987404  
[2021-05-11 08:08:07] local.INFO: SMS enviado a 1169662229  
[2021-05-11 08:08:07] local.INFO: SMS enviado a 11416397677  
[2021-05-11 08:08:08] local.INFO: SMS enviado a 1124644488  
[2021-05-11 08:08:08] local.INFO: SMS enviado a 1154692802  
[2021-05-11 08:08:08] local.INFO: SMS enviado a 1541752667  
[2021-05-11 08:08:08] local.INFO: SMS enviado a 1144963024  
[2021-05-11 08:08:08] local.INFO: SMS enviado a 1151477028  
[2021-05-11 08:08:08] local.INFO: SMS enviado a 1156567710  
[2021-05-11 08:08:09] local.INFO: SMS enviado a 02216430570  
[2021-05-11 08:08:09] local.INFO: SMS enviado a 1131672427  
[2021-05-11 08:08:09] local.INFO: SMS enviado a 1536413924  
[2021-05-11 08:08:09] local.INFO: SMS enviado a +5491137058744  
[2021-05-11 08:08:09] local.INFO: SMS enviado a 1153185960  
[2021-05-11 08:08:09] local.INFO: SMS enviado a 1157157365  
[2021-05-11 08:08:10] local.INFO: SMS enviado a 1155833091  
[2021-05-11 08:08:10] local.INFO: SMS enviado a 1157157365  
[2021-05-11 08:08:10] local.INFO: SMS enviado a 1155040621  
[2021-05-11 08:08:10] local.INFO: SMS enviado a +541160414237  
[2021-05-11 08:08:10] local.INFO: SMS enviado a 2644408180  
[2021-05-11 08:08:10] local.INFO: SMS enviado a +541152628558  
[2021-05-11 08:08:11] local.INFO: SMS enviado a 1138424026  
[2021-05-11 08:08:11] local.INFO: SMS enviado a 1139533865  
[2021-05-11 08:08:11] local.INFO: SMS enviado a 1140443177  
[2021-05-11 08:08:11] local.INFO: SMS enviado a 1157157365  
[2021-05-11 08:08:11] local.INFO: SMS enviado a +541141717459  
[2021-05-11 08:08:12] local.INFO: SMS enviado a 1164041752  
[2021-05-11 08:08:12] local.INFO: SMS enviado a 1153102015  
[2021-05-11 08:08:12] local.INFO: SMS enviado a 1131752628  
[2021-05-11 08:08:12] local.INFO: SMS enviado a +541158511703  
[2021-05-11 08:08:12] local.INFO: SMS enviado a +541156940920  
[2021-05-11 08:08:12] local.INFO: SMS enviado a 1555744793  
[2021-05-11 08:08:13] local.INFO: SMS enviado a 1163924675  
[2021-05-11 08:08:13] local.INFO: SMS enviado a 1155866572  
[2021-05-11 08:08:13] local.INFO: SMS enviado a +5491166539953  
[2021-05-11 08:08:13] local.INFO: SMS enviado a 1155869593  
[2021-05-11 08:08:13] local.INFO: SMS enviado a 1168074438  
[2021-05-11 08:08:13] local.INFO: SMS enviado a 1536376021  
[2021-05-11 08:08:14] local.INFO: SMS enviado a 1166193163  
[2021-05-11 08:08:14] local.INFO: SMS enviado a 1161616682  
[2021-05-11 08:08:14] local.INFO: SMS enviado a 1150638943  
[2021-05-11 08:08:14] local.INFO: SMS enviado a 1169868406  
[2021-05-11 08:08:14] local.INFO: SMS enviado a 1156324962  
[2021-05-11 08:08:14] local.INFO: SMS enviado a +541168602213  
[2021-05-11 08:08:15] local.INFO: SMS enviado a 1130977324  
[2021-05-11 08:08:15] local.INFO: SMS enviado a 1131488325  
[2021-05-11 08:08:15] local.INFO: SMS enviado a 1131412414  
[2021-05-11 08:08:15] local.INFO: SMS enviado a 1141876709  
[2021-05-11 08:08:15] local.INFO: SMS enviado a +5491140280383  
[2021-05-11 08:08:15] local.INFO: SMS no enviado, numero incorrecto: 67651927  
[2021-05-11 08:08:15] local.INFO: SMS enviado a 0111567270979  
[2021-05-11 08:08:16] local.INFO: SMS enviado a +5491151134952  
[2021-05-11 08:08:16] local.INFO: SMS enviado a 1554843598  
[2021-05-11 08:08:16] local.INFO: SMS enviado a 1154057933  
[2021-05-11 08:08:16] local.INFO: SMS enviado a 1136239090  
[2021-05-11 08:08:16] local.INFO: SMS enviado a 01165393003  
[2021-05-11 08:08:16] local.INFO: SMS enviado a 1131814993  
[2021-05-11 08:08:17] local.INFO: SMS enviado a +541164233306  
[2021-05-11 08:08:17] local.INFO: SMS enviado a 1161257855  
[2021-05-11 08:08:17] local.INFO: SMS enviado a 1167858511  
[2021-05-11 08:08:17] local.INFO: SMS enviado a 1541978454  
[2021-05-11 08:08:17] local.INFO: SMS enviado a 1135790600  
[2021-05-11 08:08:17] local.INFO: SMS enviado a 1549690371  
[2021-05-11 08:08:18] local.INFO: SMS enviado a 1123027724  
[2021-05-11 08:08:18] local.INFO: SMS enviado a 1140995159  
[2021-05-11 08:08:18] local.INFO: SMS enviado a 1149603567  
[2021-05-11 08:08:18] local.INFO: SMS enviado a 1556552398  
[2021-05-11 08:08:18] local.INFO: SMS enviado a 1553741644  
[2021-05-11 08:08:18] local.INFO: SMS enviado a 1169339007  
[2021-05-11 08:08:19] local.INFO: SMS enviado a 1162802389  
[2021-05-11 08:08:19] local.INFO: SMS enviado a +541166946728  
[2021-05-11 08:08:19] local.INFO: SMS enviado a 1133641646  
[2021-05-11 08:08:19] local.INFO: SMS enviado a 1155249679  
[2021-05-11 08:08:19] local.INFO: SMS enviado a 1158159929  
[2021-05-11 08:08:19] local.INFO: SMS enviado a +541540447152  
[2021-05-11 08:08:20] local.INFO: SMS enviado a 1160581372  
[2021-05-11 08:08:20] local.INFO: SMS enviado a +541161976441  
[2021-05-11 08:08:20] local.INFO: SMS enviado a 1165063400  
[2021-05-11 08:08:20] local.INFO: SMS enviado a 1168034615  
[2021-05-11 08:08:20] local.INFO: SMS enviado a +541569122584  
[2021-05-11 08:08:20] local.INFO: SMS enviado a 1559398144  
[2021-05-11 08:08:21] local.INFO: SMS enviado a 1533069573  
[2021-05-11 08:16:02] local.INFO: SMS enviado a +541154771184  
[2021-05-11 08:16:02] local.INFO: SMS enviado a 1162740283  
[2021-05-11 08:16:02] local.INFO: SMS enviado a 1540737559  
[2021-05-11 08:16:02] local.INFO: SMS enviado a 1157064964  
[2021-05-11 08:16:03] local.INFO: SMS enviado a 1536728239  
[2021-05-11 08:16:03] local.INFO: SMS enviado a 1126824795  
[2021-05-11 08:16:03] local.INFO: SMS enviado a 1554251971  
[2021-05-11 08:16:03] local.INFO: SMS enviado a 153327796  
[2021-05-11 08:16:04] local.INFO: SMS enviado a 1156564090  
[2021-05-11 08:16:04] local.INFO: SMS enviado a 1121674218  
[2021-05-11 08:16:04] local.INFO: SMS enviado a 1154840322  
[2021-05-11 08:16:04] local.INFO: SMS enviado a 1125795821  
[2021-05-11 08:16:05] local.INFO: SMS enviado a 1134065149  
[2021-05-11 08:16:05] local.INFO: SMS enviado a 1157935504  
[2021-05-11 08:16:05] local.INFO: SMS enviado a 1167321515  
[2021-05-11 08:16:05] local.INFO: SMS enviado a 1167932110  
[2021-05-11 08:16:06] local.INFO: SMS enviado a 1154771184  
[2021-05-11 08:16:06] local.INFO: SMS enviado a +541150003110  
[2021-05-11 08:16:06] local.INFO: SMS enviado a 1161749125  
[2021-05-11 08:16:06] local.INFO: SMS enviado a 1165073264  
[2021-05-11 08:16:06] local.INFO: SMS enviado a 1140246298  
[2021-05-11 08:16:07] local.INFO: SMS enviado a 1549757291  
[2021-05-11 08:16:07] local.INFO: SMS enviado a 1168088046  
[2021-05-11 08:16:07] local.INFO: SMS enviado a 1164527620  
[2021-05-11 08:16:07] local.INFO: SMS enviado a 01131277156  
[2021-05-11 08:16:07] local.INFO: SMS enviado a 1131542049  
[2021-05-11 08:16:07] local.INFO: SMS enviado a 1136239090  
[2021-05-11 08:16:08] local.INFO: SMS enviado a 1554566035  
[2021-05-11 08:16:08] local.INFO: SMS enviado a +541160580957  
[2021-05-11 08:16:08] local.INFO: SMS enviado a 1562766827  
[2021-05-11 08:16:08] local.INFO: SMS enviado a 1164549777  
[2021-05-11 08:16:08] local.INFO: SMS enviado a 1144737562  
[2021-05-11 08:16:09] local.INFO: SMS enviado a +541162934093  
[2021-05-11 08:16:09] local.INFO: SMS enviado a 1549365467  
[2021-05-11 08:16:09] local.INFO: SMS enviado a 1537754730  
[2021-05-11 08:16:09] local.INFO: SMS enviado a 91157401773  
[2021-05-11 08:16:09] local.INFO: SMS enviado a 1160272870  
[2021-05-11 08:16:09] local.INFO: SMS enviado a 1164971993  
[2021-05-11 08:16:10] local.INFO: SMS enviado a 1155944728  
[2021-05-11 08:16:10] local.INFO: SMS enviado a 1168754042  
[2021-05-11 08:16:10] local.INFO: SMS enviado a 1140318610  
[2021-05-11 08:16:10] local.INFO: SMS enviado a 1168495342  
[2021-05-11 08:16:10] local.INFO: SMS enviado a 1150548063  
[2021-05-11 08:16:10] local.INFO: SMS enviado a +541568007377  
[2021-05-11 08:16:10] local.INFO: SMS enviado a 1559208701  
[2021-05-11 08:16:11] local.INFO: SMS enviado a 1169122584  
[2021-05-11 08:16:11] local.INFO: SMS enviado a 1157989302  
[2021-05-11 08:16:11] local.INFO: SMS enviado a 1168786519  
[2021-05-11 08:16:11] local.INFO: SMS enviado a 1536851552  
[2021-05-11 08:16:11] local.INFO: SMS enviado a 1167399699  
[2021-05-11 08:16:11] local.INFO: SMS enviado a 1164760370  
[2021-05-11 08:16:12] local.INFO: SMS enviado a 1157008729  
[2021-05-11 08:16:12] local.INFO: SMS enviado a 1558914561  
[2021-05-11 08:16:12] local.INFO: SMS enviado a 1123693271  
[2021-05-11 08:16:12] local.INFO: SMS enviado a 1136808512  
[2021-05-11 08:16:12] local.INFO: SMS enviado a 1150636254  
[2021-05-11 08:16:12] local.INFO: SMS enviado a 1155266711  
[2021-05-11 08:16:13] local.INFO: SMS enviado a 3513816245  
[2021-05-11 08:16:13] local.INFO: SMS enviado a 1161626140  
[2021-05-11 08:16:13] local.INFO: SMS enviado a 1164620176  
[2021-05-11 08:16:13] local.INFO: SMS enviado a 1158204456  
[2021-05-11 08:16:13] local.INFO: SMS enviado a 1134567450  
[2021-05-11 08:16:13] local.INFO: SMS enviado a 1534004812  
[2021-05-11 08:16:14] local.INFO: SMS enviado a 1153193423  
[2021-05-11 08:16:14] local.INFO: SMS enviado a 1555879506  
[2021-05-11 08:16:14] local.INFO: SMS enviado a 1550401095  
[2021-05-11 08:16:14] local.INFO: SMS enviado a 1164579281  
[2021-05-11 08:16:14] local.INFO: SMS enviado a 1555119122  
[2021-05-11 08:16:14] local.INFO: SMS enviado a 1159194000  
[2021-05-11 08:16:15] local.INFO: SMS enviado a 1130566648  
[2021-05-11 08:16:15] local.INFO: SMS enviado a 1168077393  
[2021-05-11 08:16:15] local.INFO: SMS enviado a 1138759269  
[2021-05-11 08:16:15] local.INFO: SMS enviado a 1130497407  
[2021-05-11 08:16:15] local.INFO: SMS enviado a 1168381938  
[2021-05-11 08:16:15] local.INFO: SMS enviado a 1534390101  
[2021-05-11 08:16:16] local.INFO: SMS enviado a 1156979496  
[2021-05-11 08:16:16] local.INFO: SMS enviado a 1137636059  
[2021-05-11 08:16:16] local.INFO: SMS enviado a 1128669169  
[2021-05-11 08:16:16] local.INFO: SMS enviado a 1158658238  
[2021-05-11 08:16:16] local.INFO: SMS enviado a 1565031035  
[2021-05-11 08:16:16] local.INFO: SMS enviado a 1556573563  
[2021-05-11 08:16:17] local.INFO: SMS enviado a 1530096885  
[2021-05-11 08:16:17] local.INFO: SMS enviado a 2994494000  
[2021-05-11 08:24:02] local.INFO: SMS no enviado, numero incorrecto:   
[2021-05-11 08:32:02] local.INFO: SMS no enviado, numero incorrecto: 44805236  
[2021-05-11 08:32:02] local.INFO: SMS no enviado, numero incorrecto: 44805236  
[2021-05-11 08:40:05] local.INFO: SMS no enviado, numero incorrecto: 44805236  
[2021-05-11 08:48:03] local.INFO: SMS no enviado, numero incorrecto: 44805236  
[2021-05-11 08:48:03] local.INFO: SMS no enviado, numero incorrecto: 44805236  
[2021-05-11 08:56:03] local.INFO: SMS enviado a 2994494000  
[2021-05-11 08:56:03] local.INFO: SMS no enviado, numero incorrecto: 41303318  
[2021-05-11 09:00:04] local.INFO: SMS no enviado, numero incorrecto: 44805236  
[2021-05-11 09:08:02] local.INFO: SMS no enviado, numero incorrecto: 44805236  
[2021-05-11 09:16:03] local.INFO: SMS enviado a 2994494000  
[2021-05-11 09:24:03] local.INFO: SMS enviado a 2994494000  
[2021-05-11 09:31:43] local.ERROR: http://www.turnonet.com/store_update_cliente The GET method is not supported for this route. Supported methods: POST.  
[2021-05-11 09:32:02] local.INFO: SMS no enviado, numero incorrecto: 44805236  
[2021-05-11 09:32:02] local.INFO: SMS no enviado, numero incorrecto: 44805236  
[2021-05-11 09:32:02] local.INFO: SMS no enviado, numero incorrecto: 44805236  
[2021-05-11 09:32:02] local.INFO: SMS no enviado, numero incorrecto: 44805236  
[2021-05-11 09:32:02] local.INFO: SMS no enviado, numero incorrecto: 44805236  
[2021-05-11 09:33:02] local.ERROR: http://www.turnonet.com/store_create_cliente The GET method is not supported for this route. Supported methods: POST.  
[2021-05-11 09:40:05] local.INFO: SMS no enviado, numero incorrecto:   
[2021-05-11 09:40:05] local.INFO: SMS no enviado, numero incorrecto:   
[2021-05-11 09:40:05] local.INFO: SMS no enviado, numero incorrecto: 44805236  
[2021-05-11 09:40:06] local.INFO: SMS enviado a 2994494000  
[2021-05-11 09:56:02] local.INFO: SMS no enviado, numero incorrecto: 44805236  
[2021-05-11 09:56:02] local.INFO: SMS no enviado, numero incorrecto: 44805236  
[2021-05-11 09:56:02] local.INFO: SMS no enviado, numero incorrecto: 44805236  
[2021-05-11 09:56:02] local.INFO: SMS no enviado, numero incorrecto: 44805236  
[2021-05-11 10:00:04] local.INFO: SMS no enviado, numero incorrecto: 44805236  
[2021-05-11 10:00:04] local.INFO: SMS no enviado, numero incorrecto: 44805236  
[2021-05-11 10:00:04] local.INFO: SMS no enviado, numero incorrecto: 44805236  
[2021-05-11 10:08:02] local.INFO: SMS no enviado, numero incorrecto: 44805236  
[2021-05-11 10:08:03] local.INFO: SMS enviado a 2994494000  
[2021-05-11 10:16:02] local.INFO: SMS no enviado, numero incorrecto: 44805236  
[2021-05-11 10:16:02] local.INFO: SMS no enviado, numero incorrecto: 44805236  
[2021-05-11 10:16:02] local.INFO: SMS no enviado, numero incorrecto: 44805236  
[2021-05-11 10:16:02] local.INFO: SMS no enviado, numero incorrecto: 41303318  
[2021-05-11 10:16:02] local.INFO: SMS no enviado, numero incorrecto: 44805236  
[2021-05-11 10:24:03] local.INFO: SMS no enviado, numero incorrecto: 44805236  
[2021-05-11 10:24:03] local.INFO: SMS no enviado, numero incorrecto: 41303318  
[2021-05-11 10:24:03] local.INFO: SMS no enviado, numero incorrecto:   
[2021-05-11 10:24:03] local.INFO: SMS no enviado, numero incorrecto: 41303318  
[2021-05-11 10:32:02] local.INFO: SMS no enviado, numero incorrecto: 44805236  
[2021-05-11 10:32:02] local.INFO: SMS no enviado, numero incorrecto: 41303318  
[2021-05-11 10:32:02] local.INFO: SMS no enviado, numero incorrecto: 44805236  
[2021-05-11 10:32:02] local.INFO: SMS enviado a 2994494000  
[2021-05-11 10:40:04] local.INFO: SMS no enviado, numero incorrecto: 44805236  
[2021-05-11 10:40:04] local.INFO: SMS no enviado, numero incorrecto: 44805236  
[2021-05-11 10:40:04] local.INFO: SMS no enviado, numero incorrecto: 41303318  
[2021-05-11 10:40:05] local.INFO: SMS enviado a 1162485380  
[2021-05-11 10:40:05] local.INFO: SMS enviado a 1162485380  
[2021-05-11 10:40:05] local.INFO: SMS enviado a 1162485380  
[2021-05-11 10:40:05] local.INFO: SMS no enviado, numero incorrecto: 44805236  
[2021-05-11 10:40:06] local.INFO: SMS enviado a 1162485380  
[2021-05-11 10:48:03] local.INFO: SMS no enviado, numero incorrecto: 44805236  
[2021-05-11 10:48:04] local.INFO: SMS enviado a 1162485380  
[2021-05-11 10:48:04] local.INFO: SMS no enviado, numero incorrecto: 44805236  
[2021-05-11 10:48:04] local.INFO: SMS enviado a 1162485380  
[2021-05-11 10:48:04] local.INFO: SMS no enviado, numero incorrecto: 44805236  
[2021-05-11 10:48:04] local.INFO: SMS no enviado, numero incorrecto: 41303318  
[2021-05-11 10:56:02] local.INFO: SMS no enviado, numero incorrecto: 44805236  
[2021-05-11 10:56:02] local.INFO: SMS no enviado, numero incorrecto: 44805236  
[2021-05-11 10:56:02] local.INFO: SMS no enviado, numero incorrecto: 41303318  
[2021-05-11 11:08:03] local.INFO: SMS no enviado, numero incorrecto: 41303318  
[2021-05-11 11:08:03] local.INFO: SMS no enviado, numero incorrecto: 44805236  
[2021-05-11 11:08:03] local.INFO: SMS no enviado, numero incorrecto: 44805236  
[2021-05-11 11:08:03] local.INFO: SMS no enviado, numero incorrecto: 44805236  
[2021-05-11 11:16:02] local.INFO: SMS no enviado, numero incorrecto: 44805236  
[2021-05-11 11:24:02] local.INFO: SMS no enviado, numero incorrecto: 44805236  
[2021-05-11 11:32:02] local.INFO: SMS no enviado, numero incorrecto: 41303318  
[2021-05-11 11:32:02] local.INFO: SMS no enviado, numero incorrecto: 44805236  
[2021-05-11 11:32:02] local.INFO: SMS no enviado, numero incorrecto: 44805236  
[2021-05-11 11:40:04] local.INFO: SMS no enviado, numero incorrecto: 44805236  
[2021-05-11 11:40:04] local.INFO: SMS no enviado, numero incorrecto: 41303318  
[2021-05-11 11:40:04] local.INFO: SMS no enviado, numero incorrecto: 44805236  
[2021-05-11 11:40:04] local.INFO: SMS no enviado, numero incorrecto:   
[2021-05-11 11:48:03] local.INFO: SMS no enviado, numero incorrecto: 44805236  
[2021-05-11 11:48:03] local.INFO: SMS no enviado, numero incorrecto:   
[2021-05-11 11:48:03] local.INFO: SMS no enviado, numero incorrecto: 44805236  
[2021-05-11 11:48:04] local.INFO: SMS enviado a 2994494000  
[2021-05-11 11:48:04] local.INFO: SMS enviado a 1162485380  
[2021-05-11 11:48:04] local.INFO: SMS no enviado, numero incorrecto: 44805236  
[2021-05-11 11:48:04] local.INFO: SMS enviado a 1162485380  
[2021-05-11 11:48:05] local.INFO: SMS enviado a 2994494000  
[2021-05-11 11:56:02] local.INFO: SMS no enviado, numero incorrecto:   
[2021-05-11 11:56:02] local.INFO: SMS no enviado, numero incorrecto:   
[2021-05-11 11:56:02] local.INFO: SMS no enviado, numero incorrecto: 44805236  
[2021-05-11 11:56:02] local.INFO: SMS no enviado, numero incorrecto:   
[2021-05-11 11:56:02] local.INFO: SMS no enviado, numero incorrecto: 41303318  
[2021-05-11 12:08:02] local.INFO: SMS no enviado, numero incorrecto: 44805236  
[2021-05-11 12:08:02] local.INFO: SMS enviado a 2994494000  
[2021-05-11 12:08:02] local.INFO: SMS no enviado, numero incorrecto:   
[2021-05-11 12:08:02] local.INFO: SMS no enviado, numero incorrecto: 44805236  
[2021-05-11 12:16:02] local.INFO: SMS no enviado, numero incorrecto: 44805236  
[2021-05-11 12:16:02] local.INFO: SMS no enviado, numero incorrecto: 44805236  
[2021-05-11 12:16:02] local.INFO: SMS no enviado, numero incorrecto: 41303318  
[2021-05-11 12:16:02] local.INFO: SMS no enviado, numero incorrecto: 44805236  
[2021-05-11 12:24:02] local.INFO: SMS no enviado, numero incorrecto: 41303318  
[2021-05-11 12:24:02] local.INFO: SMS no enviado, numero incorrecto: 44805236  
[2021-05-11 12:24:02] local.INFO: SMS no enviado, numero incorrecto: 44805236  
[2021-05-11 12:32:03] local.INFO: SMS enviado a 2994494000  
[2021-05-11 12:32:03] local.INFO: SMS enviado a 2994494000  
[2021-05-11 12:32:03] local.INFO: SMS no enviado, numero incorrecto: 41303318  
[2021-05-11 12:32:03] local.INFO: SMS no enviado, numero incorrecto: 44805236  
[2021-05-11 12:40:05] local.INFO: SMS no enviado, numero incorrecto: 44805236  
[2021-05-11 12:40:05] local.INFO: SMS no enviado, numero incorrecto: 44805236  
[2021-05-11 12:48:02] local.INFO: SMS no enviado, numero incorrecto: 44805236  
[2021-05-11 12:48:02] local.INFO: SMS no enviado, numero incorrecto:   
[2021-05-11 12:48:03] local.INFO: SMS enviado a 1162485380  
[2021-05-11 12:48:03] local.INFO: SMS no enviado, numero incorrecto: 44805236  
[2021-05-11 12:48:03] local.INFO: SMS no enviado, numero incorrecto: 44805236  
[2021-05-11 12:56:02] local.INFO: SMS no enviado, numero incorrecto:   
[2021-05-11 12:56:02] local.INFO: SMS no enviado, numero incorrecto: 44805236  
[2021-05-11 13:00:04] local.INFO: SMS no enviado, numero incorrecto: 41303318  
[2021-05-11 13:00:04] local.INFO: SMS no enviado, numero incorrecto: 41303318  
[2021-05-11 13:00:05] local.INFO: SMS no enviado, numero incorrecto: 44805236  
[2021-05-11 13:08:02] local.INFO: SMS no enviado, numero incorrecto:   
[2021-05-11 13:08:02] local.INFO: SMS no enviado, numero incorrecto: 44805236  
[2021-05-11 13:08:02] local.INFO: SMS no enviado, numero incorrecto: 44805236  
[2021-05-11 13:08:02] local.INFO: SMS no enviado, numero incorrecto: 44805236  
[2021-05-11 13:16:02] local.INFO: SMS no enviado, numero incorrecto: 41303318  
[2021-05-11 13:16:02] local.INFO: SMS enviado a 1162485380  
[2021-05-11 13:16:02] local.INFO: SMS no enviado, numero incorrecto:   
[2021-05-11 13:16:03] local.INFO: SMS enviado a 1162485380  
[2021-05-11 13:16:03] local.INFO: SMS enviado a 1162485380  
[2021-05-11 13:24:02] local.INFO: SMS no enviado, numero incorrecto: 44805236  
[2021-05-11 13:24:02] local.INFO: SMS no enviado, numero incorrecto:   
[2021-05-11 13:32:02] local.INFO: SMS enviado a 2994494000  
[2021-05-11 13:32:02] local.INFO: SMS no enviado, numero incorrecto: 44805236  
[2021-05-11 13:32:02] local.INFO: SMS no enviado, numero incorrecto:   
[2021-05-11 13:37:39] local.INFO: PAGO POR MERCADO PAGO PARA 2774 approved accredited  
[2021-05-11 13:40:04] local.INFO: SMS no enviado, numero incorrecto: 44805236  
[2021-05-11 13:56:02] local.INFO: SMS no enviado, numero incorrecto: 44805236  
[2021-05-11 14:08:02] local.INFO: SMS no enviado, numero incorrecto: 41303318  
[2021-05-11 14:32:02] local.INFO: SMS no enviado, numero incorrecto: 44805236  
[2021-05-11 14:32:02] local.INFO: SMS no enviado, numero incorrecto: 44805236  
[2021-05-11 14:40:03] local.INFO: SMS no enviado, numero incorrecto: 44805236  
[2021-05-11 14:40:03] local.INFO: SMS no enviado, numero incorrecto:   
[2021-05-11 14:48:02] local.INFO: SMS no enviado, numero incorrecto: 44805236  
[2021-05-11 14:48:02] local.INFO: SMS no enviado, numero incorrecto:   
[2021-05-11 14:48:02] local.INFO: SMS no enviado, numero incorrecto: 44805236  
[2021-05-11 14:48:02] local.INFO: SMS no enviado, numero incorrecto: 44805236  
[2021-05-11 14:56:02] local.INFO: SMS no enviado, numero incorrecto: 44805236  
[2021-05-11 14:56:09] local.INFO: cancelo turno 2278-1377150 desde smsfacil por curl   
[2021-05-11 14:56:09] local.INFO: cancelo turno 2278-1377150 desde smsfacil por curl   
[2021-05-11 15:00:04] local.INFO: SMS no enviado, numero incorrecto: 44805236  
[2021-05-11 15:16:02] local.INFO: SMS no enviado, numero incorrecto: 41303318  
[2021-05-11 15:16:02] local.INFO: SMS no enviado, numero incorrecto: 44805236  
[2021-05-11 15:16:02] local.INFO: SMS no enviado, numero incorrecto: 44805236  
[2021-05-11 15:24:02] local.INFO: SMS no enviado, numero incorrecto: 44805236  
[2021-05-11 15:24:02] local.INFO: SMS no enviado, numero incorrecto: 44805236  
[2021-05-11 15:24:02] local.INFO: SMS no enviado, numero incorrecto:   
[2021-05-11 15:30:38] local.ERROR: array_push() expects parameter 1 to be array, null given {"userId":402160,"exception":"[object] (ErrorException(code: 0): array_push() expects parameter 1 to be array, null given at /var/www/vhosts/turnonet.com/turnonet.com/turnonet/app/Http/Controllers/ExcelController.php:504)
[stacktrace]
#0 [internal function]: Illuminate\\Foundation\\Bootstrap\\HandleExceptions->handleError(2, 'array_push() ex...', '/var/www/vhosts...', 504, Array)
#1 /var/www/vhosts/turnonet.com/turnonet.com/turnonet/app/Http/Controllers/ExcelController.php(504): array_push(NULL, '3874062796')
#2 [internal function]: App\\Http\\Controllers\\ExcelController->shift('2021-05-10', '2021-05-17', 'ALTA', '3', Object(stdClass), Object(stdClass), '1617')
#3 /var/www/vhosts/turnonet.com/turnonet.com/turnonet/vendor/laravel/framework/src/Illuminate/Routing/Controller.php(54): call_user_func_array(Array, Array)
#4 /var/www/vhosts/turnonet.com/turnonet.com/turnonet/vendor/laravel/framework/src/Illuminate/Routing/ControllerDispatcher.php(45): Illuminate\\Routing\\Controller->callAction('shift', Array)
#5 /var/www/vhosts/turnonet.com/turnonet.com/turnonet/vendor/laravel/framework/src/Illuminate/Routing/Route.php(239): Illuminate\\Routing\\ControllerDispatcher->dispatch(Object(Illuminate\\Routing\\Route), Object(App\\Http\\Controllers\\ExcelController), 'shift')
#6 /var/www/vhosts/turnonet.com/turnonet.com/turnonet/vendor/laravel/framework/src/Illuminate/Routing/Route.php(196): Illuminate\\Routing\\Route->runController()
#7 /var/www/vhosts/turnonet.com/turnonet.com/turnonet/vendor/laravel/framework/src/Illuminate/Routing/Router.php(685): Illuminate\\Routing\\Route->run()
#8 /var/www/vhosts/turnonet.com/turnonet.com/turnonet/vendor/laravel/framework/src/Illuminate/Pipeline/Pipeline.php(128): Illuminate\\Routing\\Router->Illuminate\\Routing\\{closure}(Object(Illuminate\\Http\\Request))
#9 /var/www/vhosts/turnonet.com/turnonet.com/turnonet/app/Http/Middleware/User.php(25): Illuminate\\Pipeline\\Pipeline->Illuminate\\Pipeline\\{closure}(Object(Illuminate\\Http\\Request))
#10 /var/www/vhosts/turnonet.com/turnonet.com/turnonet/vendor/laravel/framework/src/Illuminate/Pipeline/Pipeline.php(167): App\\Http\\Middleware\\User->handle(Object(Illuminate\\Http\\Request), Object(Closure))
#11 /var/www/vhosts/turnonet.com/turnonet.com/turnonet/vendor/laravel/framework/src/Illuminate/Routing/Middleware/SubstituteBindings.php(41): Illuminate\\Pipeline\\Pipeline->Illuminate\\Pipeline\\{closure}(Object(Illuminate\\Http\\Request))
#12 /var/www/vhosts/turnonet.com/turnonet.com/turnonet/vendor/laravel/framework/src/Illuminate/Pipeline/Pipeline.php(167): Illuminate\\Routing\\Middleware\\SubstituteBindings->handle(Object(Illuminate\\Http\\Request), Object(Closure))
#13 /var/www/vhosts/turnonet.com/turnonet.com/turnonet/vendor/laravel/framework/src/Illuminate/View/Middleware/ShareErrorsFromSession.php(49): Illuminate\\Pipeline\\Pipeline->Illuminate\\Pipeline\\{closure}(Object(Illuminate\\Http\\Request))
#14 /var/www/vhosts/turnonet.com/turnonet.com/turnonet/vendor/laravel/framework/src/Illuminate/Pipeline/Pipeline.php(167): Illuminate\\View\\Middleware\\ShareErrorsFromSession->handle(Object(Illuminate\\Http\\Request), Object(Closure))
#15 /var/www/vhosts/turnonet.com/turnonet.com/turnonet/vendor/laravel/framework/src/Illuminate/Session/Middleware/StartSession.php(116): Illuminate\\Pipeline\\Pipeline->Illuminate\\Pipeline\\{closure}(Object(Illuminate\\Http\\Request))
#16 /var/www/vhosts/turnonet.com/turnonet.com/turnonet/vendor/laravel/framework/src/Illuminate/Session/Middleware/StartSession.php(62): Illuminate\\Session\\Middleware\\StartSession->handleStatefulRequest(Object(Illuminate\\Http\\Request), Object(Illuminate\\Session\\Store), Object(Closure))
#17 /var/www/vhosts/turnonet.com/turnonet.com/turnonet/vendor/laravel/framework/src/Illuminate/Pipeline/Pipeline.php(167): Illuminate\\Session\\Middleware\\StartSession->handle(Object(Illuminate\\Http\\Request), Object(Closure))
#18 /var/www/vhosts/turnonet.com/turnonet.com/turnonet/vendor/laravel/framework/src/Illuminate/Cookie/Middleware/AddQueuedCookiesToResponse.php(37): Illuminate\\Pipeline\\Pipeline->Illuminate\\Pipeline\\{closure}(Object(Illuminate\\Http\\Request))
#19 /var/www/vhosts/turnonet.com/turnonet.com/turnonet/vendor/laravel/framework/src/Illuminate/Pipeline/Pipeline.php(167): Illuminate\\Cookie\\Middleware\\AddQueuedCookiesToResponse->handle(Object(Illuminate\\Http\\Request), Object(Closure))
#20 /var/www/vhosts/turnonet.com/turnonet.com/turnonet/vendor/laravel/framework/src/Illuminate/Cookie/Middleware/EncryptCookies.php(66): Illuminate\\Pipeline\\Pipeline->Illuminate\\Pipeline\\{closure}(Object(Illuminate\\Http\\Request))
#21 /var/www/vhosts/turnonet.com/turnonet.com/turnonet/vendor/laravel/framework/src/Illuminate/Pipeline/Pipeline.php(167): Illuminate\\Cookie\\Middleware\\EncryptCookies->handle(Object(Illuminate\\Http\\Request), Object(Closure))
#22 /var/www/vhosts/turnonet.com/turnonet.com/turnonet/vendor/laravel/framework/src/Illuminate/Pipeline/Pipeline.php(103): Illuminate\\Pipeline\\Pipeline->Illuminate\\Pipeline\\{closure}(Object(Illuminate\\Http\\Request))
#23 /var/www/vhosts/turnonet.com/turnonet.com/turnonet/vendor/laravel/framework/src/Illuminate/Routing/Router.php(687): Illuminate\\Pipeline\\Pipeline->then(Object(Closure))
#24 /var/www/vhosts/turnonet.com/turnonet.com/turnonet/vendor/laravel/framework/src/Illuminate/Routing/Router.php(662): Illuminate\\Routing\\Router->runRouteWithinStack(Object(Illuminate\\Routing\\Route), Object(Illuminate\\Http\\Request))
#25 /var/www/vhosts/turnonet.com/turnonet.com/turnonet/vendor/laravel/framework/src/Illuminate/Routing/Router.php(628): Illuminate\\Routing\\Router->runRoute(Object(Illuminate\\Http\\Request), Object(Illuminate\\Routing\\Route))
#26 /var/www/vhosts/turnonet.com/turnonet.com/turnonet/vendor/laravel/framework/src/Illuminate/Routing/Router.php(617): Illuminate\\Routing\\Router->dispatchToRoute(Object(Illuminate\\Http\\Request))
#27 /var/www/vhosts/turnonet.com/turnonet.com/turnonet/vendor/laravel/framework/src/Illuminate/Foundation/Http/Kernel.php(165): Illuminate\\Routing\\Router->dispatch(Object(Illuminate\\Http\\Request))
#28 /var/www/vhosts/turnonet.com/turnonet.com/turnonet/vendor/laravel/framework/src/Illuminate/Pipeline/Pipeline.php(128): Illuminate\\Foundation\\Http\\Kernel->Illuminate\\Foundation\\Http\\{closure}(Object(Illuminate\\Http\\Request))
#29 /var/www/vhosts/turnonet.com/turnonet.com/turnonet/vendor/laravel/framework/src/Illuminate/Foundation/Http/Middleware/TransformsRequest.php(21): Illuminate\\Pipeline\\Pipeline->Illuminate\\Pipeline\\{closure}(Object(Illuminate\\Http\\Request))
#30 /var/www/vhosts/turnonet.com/turnonet.com/turnonet/vendor/laravel/framework/src/Illuminate/Pipeline/Pipeline.php(167): Illuminate\\Foundation\\Http\\Middleware\\TransformsRequest->handle(Object(Illuminate\\Http\\Request), Object(Closure))
#31 /var/www/vhosts/turnonet.com/turnonet.com/turnonet/vendor/laravel/framework/src/Illuminate/Foundation/Http/Middleware/TransformsRequest.php(21): Illuminate\\Pipeline\\Pipeline->Illuminate\\Pipeline\\{closure}(Object(Illuminate\\Http\\Request))
#32 /var/www/vhosts/turnonet.com/turnonet.com/turnonet/vendor/laravel/framework/src/Illuminate/Pipeline/Pipeline.php(167): Illuminate\\Foundation\\Http\\Middleware\\TransformsRequest->handle(Object(Illuminate\\Http\\Request), Object(Closure))
#33 /var/www/vhosts/turnonet.com/turnonet.com/turnonet/vendor/laravel/framework/src/Illuminate/Foundation/Http/Middleware/ValidatePostSize.php(27): Illuminate\\Pipeline\\Pipeline->Illuminate\\Pipeline\\{closure}(Object(Illuminate\\Http\\Request))
#34 /var/www/vhosts/turnonet.com/turnonet.com/turnonet/vendor/laravel/framework/src/Illuminate/Pipeline/Pipeline.php(167): Illuminate\\Foundation\\Http\\Middleware\\ValidatePostSize->handle(Object(Illuminate\\Http\\Request), Object(Closure))
#35 /var/www/vhosts/turnonet.com/turnonet.com/turnonet/vendor/laravel/framework/src/Illuminate/Foundation/Http/Middleware/CheckForMaintenanceMode.php(63): Illuminate\\Pipeline\\Pipeline->Illuminate\\Pipeline\\{closure}(Object(Illuminate\\Http\\Request))
#36 /var/www/vhosts/turnonet.com/turnonet.com/turnonet/vendor/laravel/framework/src/Illuminate/Pipeline/Pipeline.php(167): Illuminate\\Foundation\\Http\\Middleware\\CheckForMaintenanceMode->handle(Object(Illuminate\\Http\\Request), Object(Closure))
#37 /var/www/vhosts/turnonet.com/turnonet.com/turnonet/vendor/fruitcake/laravel-cors/src/HandleCors.php(37): Illuminate\\Pipeline\\Pipeline->Illuminate\\Pipeline\\{closure}(Object(Illuminate\\Http\\Request))
#38 /var/www/vhosts/turnonet.com/turnonet.com/turnonet/vendor/laravel/framework/src/Illuminate/Pipeline/Pipeline.php(167): Fruitcake\\Cors\\HandleCors->handle(Object(Illuminate\\Http\\Request), Object(Closure))
#39 /var/www/vhosts/turnonet.com/turnonet.com/turnonet/vendor/fideloper/proxy/src/TrustProxies.php(57): Illuminate\\Pipeline\\Pipeline->Illuminate\\Pipeline\\{closure}(Object(Illuminate\\Http\\Request))
#40 /var/www/vhosts/turnonet.com/turnonet.com/turnonet/vendor/laravel/framework/src/Illuminate/Pipeline/Pipeline.php(167): Fideloper\\Proxy\\TrustProxies->handle(Object(Illuminate\\Http\\Request), Object(Closure))
#41 /var/www/vhosts/turnonet.com/turnonet.com/turnonet/vendor/laravel/framework/src/Illuminate/Pipeline/Pipeline.php(103): Illuminate\\Pipeline\\Pipeline->Illuminate\\Pipeline\\{closure}(Object(Illuminate\\Http\\Request))
#42 /var/www/vhosts/turnonet.com/turnonet.com/turnonet/vendor/laravel/framework/src/Illuminate/Foundation/Http/Kernel.php(140): Illuminate\\Pipeline\\Pipeline->then(Object(Closure))
#43 /var/www/vhosts/turnonet.com/turnonet.com/turnonet/vendor/laravel/framework/src/Illuminate/Foundation/Http/Kernel.php(109): Illuminate\\Foundation\\Http\\Kernel->sendRequestThroughRouter(Object(Illuminate\\Http\\Request))
#44 /var/www/vhosts/turnonet.com/turnonet.com/index.php(54): Illuminate\\Foundation\\Http\\Kernel->handle(Object(Illuminate\\Http\\Request))
#45 {main}
"} 
[2021-05-11 15:30:38] local.ERROR: http://www.turnonet.com/excel/turnos/10-05-2021/17-05-2021/ALTA/3/ALL/ALL/1617 array_push() expects parameter 1 to be array, null given  
[2021-05-11 15:48:02] local.INFO: SMS no enviado, numero incorrecto: 44805236  
[2021-05-11 15:50:54] local.INFO: PAGO POR MERCADO PAGO PARA 2774 approved accredited  
[2021-05-11 15:56:02] local.INFO: SMS no enviado, numero incorrecto: 44805236  
[2021-05-11 16:00:12] local.INFO: Reporte de turnos del dia 2021-05-11 para las 17:00:00:55  en la cola  
[2021-05-11 16:08:03] local.INFO: SMS no enviado, numero incorrecto: 44805236  
[2021-05-11 16:16:02] local.INFO: SMS no enviado, numero incorrecto: 44805236  
[2021-05-11 16:16:02] local.INFO: SMS no enviado, numero incorrecto: 44805236  
[2021-05-11 16:16:02] local.INFO: SMS no enviado, numero incorrecto: 44805236  
[2021-05-11 16:24:02] local.INFO: SMS no enviado, numero incorrecto: 44805236  
[2021-05-11 16:40:04] local.INFO: SMS no enviado, numero incorrecto: 44805236  
[2021-05-11 16:40:04] local.INFO: SMS no enviado, numero incorrecto: 44805236  
[2021-05-11 16:56:04] local.INFO: SMS enviado a 1162485380  
[2021-05-11 16:56:04] local.INFO: SMS no enviado, numero incorrecto: 44805236  
[2021-05-11 17:00:03] local.INFO: SMS no enviado, numero incorrecto: 44805236  
[2021-05-11 17:00:04] local.INFO: Enviado a norali@ellenainmobiliaria.com.ar el reporte de turnos para 2021-05-12  
[2021-05-11 17:00:05] local.INFO: Enviado a contacto@ellenainmobiliaria.com.ar el reporte de turnos para 2021-05-12  
[2021-05-11 17:00:06] local.INFO: Enviado a cobranzas@ellenainmobiliaria.com.ar el reporte de turnos para 2021-05-12  
[2021-05-11 17:00:08] local.INFO: Enviado a profesoradoconsudec@profesoradoconsudec.edu.ar el reporte de turnos para 2021-05-12  
[2021-05-11 17:00:08] local.INFO: Enviado a secretaria@crha.org.ar el reporte de turnos para 2021-05-12  
[2021-05-11 17:00:09] local.INFO: Enviado a cammisaje@yahoo.com.ar el reporte de turnos para 2021-05-12  
[2021-05-11 17:00:10] local.INFO: Enviado a majmilani@gmail.com el reporte de turnos para 2021-05-12  
[2021-05-11 17:00:11] local.INFO: Enviado a majmilani@gmail.com el reporte de turnos para 2021-05-12  
[2021-05-11 17:00:14] local.INFO: Enviado a info@neumovil.com.ar el reporte de turnos para 2021-05-12  
[2021-05-11 17:00:15] local.INFO: Enviado a pista@ciudadautodromo.com el reporte de turnos para 2021-05-12  
[2021-05-11 17:05:03] local.INFO: Enviado a info@ciudadautodromo.com el reporte de turnos para 2021-05-12  
[2021-05-11 17:05:03] local.INFO: Enviado a info@ciudadautodormo.com el reporte de turnos para 2021-05-12  
[2021-05-11 17:05:07] local.INFO: Enviado a turnosrpc@jusneuquen.gov.ar el reporte de turnos para 2021-05-12  
[2021-05-11 17:05:07] local.INFO: Enviado a turnosrpc@jusneuquen.gov.ar el reporte de turnos para 2021-05-12  
[2021-05-11 17:05:11] local.INFO: Enviado a ufatencionalpublicompfnq@jusneuquen.gov.ar el reporte de turnos para 2021-05-12  
[2021-05-11 17:05:11] local.INFO: Enviado a ufatencionalpublicompfnq@jusneuquen.gov.ar el reporte de turnos para 2021-05-12  
[2021-05-11 17:05:12] local.INFO: Enviado a aedufempfnq@jusneuquen.gov.ar el reporte de turnos para 2021-05-12  
[2021-05-11 17:05:12] local.INFO: Enviado a ufapyacmpfsmafd@jusneuquen.gov.ar el reporte de turnos para 2021-05-12  
[2021-05-11 17:05:18] local.INFO: Enviado a turnoscirc1@gmail.com el reporte de turnos para 2021-05-12  
[2021-05-11 17:05:19] local.INFO: Enviado a JuzgadodeFamilia-Junin@jusneuquen.gov.ar el reporte de turnos para 2021-05-12  
[2021-05-11 17:10:03] local.INFO: Enviado a OficinaJudicialCivil-NQN-FD@jusneuquen.gov.ar el reporte de turnos para 2021-05-12  
[2021-05-11 17:10:04] local.INFO: Enviado a ofilabnqfd@jusneuquen.gov.ar el reporte de turnos para 2021-05-12  
[2021-05-11 17:10:05] local.INFO: Enviado a meufanq@jusneuquen.gov.ar el reporte de turnos para 2021-05-12  
[2021-05-11 17:10:05] local.INFO: Enviado a MesadeEntradasUnicaJuzgadoJuiciosEjecutivos-FD@jusneuquen.gov.ar el reporte de turnos para 2021-05-12  
[2021-05-11 17:10:06] local.INFO: Enviado a ccivnqfd@jusneuquen.gov.ar el reporte de turnos para 2021-05-12  
[2021-05-11 17:10:07] local.INFO: Enviado a MesadeEntradasOPANQ-FD@jusneuquen.gov.ar el reporte de turnos para 2021-05-12  
[2021-05-11 17:10:07] local.INFO: Enviado a JuzgadoCivildeRincondelosSauces@jusneuquen.gov.ar el reporte de turnos para 2021-05-12  
[2021-05-11 17:10:08] local.INFO: Enviado a OficinadeViolencia@jusneuquen.gov.ar el reporte de turnos para 2021-05-12  
[2021-05-11 17:10:08] local.INFO: Enviado a ojpazapfd@jusneuquen.gov.ar el reporte de turnos para 2021-05-12  
[2021-05-11 17:10:09] local.INFO: Enviado a jciv1cu@jusneuquen.gov.ar el reporte de turnos para 2021-05-12  
[2021-05-11 17:15:04] local.INFO: Enviado a jciv2cufd@jusneuquen.gov.ar el reporte de turnos para 2021-05-12  
[2021-05-11 17:15:04] local.INFO: Enviado a JuzgadodeFamilia-CutralCo@jusneuquen.gov.ar el reporte de turnos para 2021-05-12  
[2021-05-11 17:15:05] local.INFO: Enviado a jciv1s1zafd@jusneuquen.gov.ar el reporte de turnos para 2021-05-12  
[2021-05-11 17:15:06] local.INFO: Enviado a oapygccismafd@jusneuquen.gov.ar el reporte de turnos para 2021-05-12  
[2021-05-11 17:15:06] local.INFO: Enviado a JuzgadoCivildeJunindelosAndes@jusneuquen.gov.ar el reporte de turnos para 2021-05-12  
[2021-05-11 17:15:07] local.INFO: Enviado a jciv2ju@jusneuquen.gov.ar el reporte de turnos para 2021-05-12  
[2021-05-11 17:15:07] local.INFO: Enviado a JuzgadoTodoslosFueros-VillalaAngostura@jusneuquen.gov.ar el reporte de turnos para 2021-05-12  
[2021-05-11 17:15:08] local.INFO: Enviado a JuzgadoCivildeChosMalal@jusneuquen.gov.ar el reporte de turnos para 2021-05-12  
[2021-05-11 17:15:09] local.INFO: Enviado a JuzgadodeFamilia-ChosMalal@jusneuquen.gov.ar el reporte de turnos para 2021-05-12  
[2021-05-11 17:15:09] local.INFO: Enviado a OficinadeViolenciaCutralCo-FD@jusneuquen.gov.ar el reporte de turnos para 2021-05-12  
[2021-05-11 17:16:02] local.INFO: SMS no enviado, numero incorrecto: 44805236  
[2021-05-11 17:20:05] local.INFO: Enviado a turnos@libraseguros.com.ar el reporte de turnos para 2021-05-12  
[2021-05-11 17:20:06] local.INFO: Enviado a turnos@libraseguros.com.ar el reporte de turnos para 2021-05-12  
[2021-05-11 17:20:07] local.INFO: Enviado a mcastelli@libraseguros.com.ar el reporte de turnos para 2021-05-12  
[2021-05-11 17:20:08] local.INFO: Enviado a turnosrpi@jusneuquen.gov.ar el reporte de turnos para 2021-05-12  
[2021-05-11 17:20:09] local.INFO: Enviado a turnosrpi@jusneuquen.gov.ar el reporte de turnos para 2021-05-12  
[2021-05-11 17:20:09] local.INFO: Enviado a turnoscd@sodimac.com.ar el reporte de turnos para 2021-05-12  
[2021-05-11 17:20:10] local.INFO: Enviado a aalvez@sodimac.com.ar el reporte de turnos para 2021-05-12  
[2021-05-11 17:20:11] local.INFO: Enviado a consultoriointegralarenales@hotmail.com el reporte de turnos para 2021-05-12  
[2021-05-11 17:20:11] local.INFO: Enviado a drgabrieltoledo@yahoo.com.ar el reporte de turnos para 2021-05-12  
[2021-05-11 17:20:12] local.INFO: Enviado a bugarin.jose@gmail.com el reporte de turnos para 2021-05-12  
[2021-05-11 17:25:02] local.INFO: Enviado a sarandreucci@gmail.com el reporte de turnos para 2021-05-12  
[2021-05-11 17:25:03] local.INFO: Enviado a fabianberuschi@hotmail.com el reporte de turnos para 2021-05-12  
[2021-05-11 17:25:04] local.INFO: Enviado a admventashelvetica@gmail.com el reporte de turnos para 2021-05-12  
[2021-05-11 17:25:05] local.INFO: Enviado a info@helvetica.com.ar el reporte de turnos para 2021-05-12  
[2021-05-11 17:25:05] local.INFO: Enviado a info@helvetica.com.ar el reporte de turnos para 2021-05-12  
[2021-05-11 17:32:02] local.INFO: SMS no enviado, numero incorrecto: 44805236  
[2021-05-11 17:32:02] local.INFO: SMS no enviado, numero incorrecto: 44805236  
[2021-05-11 17:32:02] local.INFO: SMS no enviado, numero incorrecto: 44805236  
[2021-05-11 17:32:02] local.INFO: SMS no enviado, numero incorrecto: 44805236  
[2021-05-11 17:48:03] local.INFO: SMS no enviado, numero incorrecto: 44805236  
[2021-05-11 17:48:03] local.INFO: SMS no enviado, numero incorrecto: 44805236  
[2021-05-11 17:48:03] local.INFO: SMS no enviado, numero incorrecto: 44805236  
[2021-05-11 17:56:02] local.INFO: SMS no enviado, numero incorrecto: 44805236  
[2021-05-11 17:56:02] local.INFO: SMS no enviado, numero incorrecto: 44805236  
[2021-05-11 18:16:02] local.INFO: SMS no enviado, numero incorrecto: 41303318  
[2021-05-11 18:24:02] local.INFO: SMS no enviado, numero incorrecto:   
[2021-05-11 18:24:02] local.INFO: SMS no enviado, numero incorrecto: 44805236  
[2021-05-11 18:24:02] local.INFO: SMS no enviado, numero incorrecto: 44805236  
[2021-05-11 18:32:02] local.INFO: SMS no enviado, numero incorrecto: 44805236  
[2021-05-11 18:32:02] local.INFO: SMS no enviado, numero incorrecto: 44805236  
[2021-05-11 18:32:02] local.INFO: SMS no enviado, numero incorrecto: 44805236  
[2021-05-11 18:40:05] local.INFO: SMS enviado a 1162485380  
[2021-05-11 18:40:05] local.INFO: SMS no enviado, numero incorrecto: 44805236  
[2021-05-11 18:48:02] local.INFO: SMS no enviado, numero incorrecto: 44805236  
[2021-05-11 18:48:02] local.INFO: SMS no enviado, numero incorrecto: 44805236  
[2021-05-11 18:56:02] local.INFO: SMS no enviado, numero incorrecto: 44805236  
[2021-05-11 18:56:02] local.INFO: SMS no enviado, numero incorrecto: 44805236  
[2021-05-11 19:00:14] local.INFO: Reporte de turnos del dia 2021-05-11 para las 20:00:00:17  en la cola  
[2021-05-11 19:08:02] local.INFO: SMS no enviado, numero incorrecto: 44805236  
[2021-05-11 19:16:02] local.INFO: SMS no enviado, numero incorrecto:   
[2021-05-11 19:16:02] local.INFO: SMS no enviado, numero incorrecto: 44805236  
[2021-05-11 19:24:02] local.INFO: SMS no enviado, numero incorrecto: 44805236  
[2021-05-11 19:28:10] local.INFO: cancelo turno 2278-1376998 desde smsfacil por curl   
[2021-05-11 19:32:02] local.INFO: SMS no enviado, numero incorrecto: 44805236  
[2021-05-11 19:40:03] local.INFO: SMS no enviado, numero incorrecto: 44805236  
[2021-05-11 19:48:02] local.INFO: SMS no enviado, numero incorrecto: 41303318  
[2021-05-11 19:56:01] local.INFO: SMS no enviado, numero incorrecto: 44805236  
[2021-05-11 19:56:02] local.INFO: SMS enviado a 1162485380  
[2021-05-11 19:56:02] local.INFO: SMS no enviado, numero incorrecto: 44805236  
[2021-05-11 20:00:06] local.INFO: Enviado a atencionalcliente@jazminchebar.com.ar el reporte de turnos para 2021-05-12  
[2021-05-11 20:00:06] local.INFO: Enviado a salvador@jazminchebar.com.ar el reporte de turnos para 2021-05-12  
[2021-05-11 20:00:07] local.INFO: Enviado a elcano@jazminchebar.com.ar el reporte de turnos para 2021-05-12  
[2021-05-11 20:00:08] local.INFO: Enviado a localpalermo@jazminchebar.com.ar el reporte de turnos para 2021-05-12  
[2021-05-11 20:00:09] local.INFO: Enviado a elcano@jazminchebar.com.ar el reporte de turnos para 2021-05-12  
[2021-05-11 20:00:09] local.INFO: Enviado a jmorellana@sodimac.com.ar el reporte de turnos para 2021-05-12  
[2021-05-11 20:00:10] local.INFO: Enviado a jmorellana@sodimac.com.ar el reporte de turnos para 2021-05-12  
[2021-05-11 20:00:10] local.INFO: Enviado a gulymat1976@yahoo.com.ar el reporte de turnos para 2021-05-12  
[2021-05-11 20:00:11] local.INFO: Enviado a julioellunar@gmail.com el reporte de turnos para 2021-05-12  
[2021-05-11 20:00:12] local.INFO: Enviado a gulymat@yahoo.com.ar el reporte de turnos para 2021-05-12  
[2021-05-11 20:05:03] local.INFO: Enviado a adelarosana@gmail.com el reporte de turnos para 2021-05-12  
[2021-05-11 20:05:04] local.INFO: Enviado a gracielaallinlewis@hotmail.com el reporte de turnos para 2021-05-12  
[2021-05-11 20:05:05] local.INFO: Enviado a anamcarro@yahoo.com.ar el reporte de turnos para 2021-05-12  
[2021-05-11 20:05:06] local.INFO: Enviado a anamcarro@yahoo.com.ar el reporte de turnos para 2021-05-12  
[2021-05-11 20:05:07] local.INFO: Enviado a monicagvera@hotmail.com el reporte de turnos para 2021-05-12  
[2021-05-11 20:05:07] local.INFO: Enviado a Alapontmarisa@yahoo.com.ar el reporte de turnos para 2021-05-12  
[2021-05-11 20:05:08] local.INFO: Enviado a afainboim@gmail.com el reporte de turnos para 2021-05-12  
[2021-05-11 20:08:02] local.INFO: SMS enviado a 1162485380  
[2021-05-11 20:08:02] local.INFO: SMS no enviado, numero incorrecto:   
[2021-05-11 20:16:03] local.INFO: SMS enviado a 1162485380  
[2021-05-11 20:24:02] local.INFO: SMS enviado a 1162485380  
[2021-05-11 20:24:02] local.INFO: SMS no enviado, numero incorrecto:   
[2021-05-11 20:24:03] local.INFO: SMS enviado a 1162485380  
[2021-05-11 20:32:02] local.INFO: SMS no enviado, numero incorrecto: 44805236  
[2021-05-11 20:32:02] local.INFO: SMS no enviado, numero incorrecto: 44805236  
[2021-05-11 20:40:04] local.INFO: SMS no enviado, numero incorrecto: 44805236  
[2021-05-11 20:48:02] local.INFO: SMS no enviado, numero incorrecto: 44805236  
[2021-05-11 20:56:02] local.INFO: SMS no enviado, numero incorrecto: 44805236  
[2021-05-11 20:56:02] local.INFO: SMS no enviado, numero incorrecto: 44805236  
[2021-05-11 20:56:02] local.INFO: SMS no enviado, numero incorrecto: 44805236  
[2021-05-11 20:56:02] local.INFO: SMS no enviado, numero incorrecto: 44805236  
[2021-05-11 20:56:03] local.INFO: SMS enviado a 1162485380  
[2021-05-11 21:00:04] local.INFO: SMS no enviado, numero incorrecto: 44805236  
[2021-05-11 21:08:02] local.INFO: SMS no enviado, numero incorrecto: 44805236  
[2021-05-11 21:16:02] local.INFO: SMS no enviado, numero incorrecto: 44805236  
[2021-05-11 21:24:02] local.INFO: SMS no enviado, numero incorrecto: 44805236  
[2021-05-11 21:32:02] local.INFO: SMS no enviado, numero incorrecto: 44805236  
[2021-05-11 21:32:02] local.INFO: SMS no enviado, numero incorrecto: 44805236  
[2021-05-11 21:40:03] local.INFO: SMS no enviado, numero incorrecto: 41303318  
[2021-05-11 21:48:02] local.INFO: SMS no enviado, numero incorrecto:   
[2021-05-11 21:56:02] local.INFO: SMS no enviado, numero incorrecto:   
[2021-05-11 22:00:09] local.INFO: Reporte de turnos del dia 2021-05-11 para las 23:00:00:10  en la cola  
[2021-05-11 22:24:02] local.INFO: SMS no enviado, numero incorrecto: 44805236  
[2021-05-11 22:24:02] local.INFO: SMS no enviado, numero incorrecto: 44805236  
[2021-05-11 22:24:02] local.INFO: SMS no enviado, numero incorrecto: 44805236  
[2021-05-11 22:32:02] local.INFO: SMS no enviado, numero incorrecto: 44805236  
[2021-05-11 22:48:02] local.INFO: SMS no enviado, numero incorrecto: 44805236  
[2021-05-11 22:48:03] local.INFO: SMS enviado a 1162485380  
[2021-05-11 22:48:03] local.INFO: SMS enviado a 1162485380  
[2021-05-11 23:00:09] local.INFO: Enviado a cv.fisioterapia.vet@gmail.com el reporte de turnos para 2021-05-12  
[2021-05-11 23:00:10] local.INFO: Enviado a espaciokosmos@gmail.com el reporte de turnos para 2021-05-12  
[2021-05-11 23:00:10] local.INFO: Enviado a marianaamado84@gmail.com el reporte de turnos para 2021-05-12  
[2021-05-11 23:00:11] local.INFO: Enviado a marianaamado84@gmail.com el reporte de turnos para 2021-05-12  
[2021-05-11 23:00:28] local.INFO: Enviado a deptomedicoeze@aerolineas.com.ar el reporte de turnos para 2021-05-12  
[2021-05-11 23:00:29] local.INFO: Enviado a deptomedicoaep@aerolineas.com.ar el reporte de turnos para 2021-05-12  
[2021-05-11 23:00:29] local.INFO: Enviado a deptomedicoeze@aerolineas.com.ar el reporte de turnos para 2021-05-12  
[2021-05-11 23:00:32] local.INFO: Enviado a kartodromobuenosaires@gmail.com el reporte de turnos para 2021-05-12  
[2021-05-11 23:00:33] local.INFO: Enviado a arielnac@yahoo.com.ar el reporte de turnos para 2021-05-12  
[2021-05-11 23:08:02] local.INFO: SMS no enviado, numero incorrecto: 44805236  
[2021-05-11 23:16:02] local.INFO: SMS no enviado, numero incorrecto: 44805236  
[2021-05-11 23:48:02] local.INFO: SMS enviado a 2994494000  
