[2021-05-15 00:20:44] local.INFO: Recordatorio de turnos por correo (5 dias): 379  en la cola  
[2021-05-15 00:30:36] local.INFO: Recordatorio de turnos por correo (para mañana): 63  en la cola  
[2021-05-15 01:08:02] local.INFO: SMS no enviado, numero incorrecto: 44805236  
[2021-05-15 01:40:04] local.INFO: SMS no enviado, numero incorrecto:   
[2021-05-15 02:40:03] local.INFO: SMS no enviado, numero incorrecto: 44805236  
[2021-05-15 03:48:02] local.INFO: SMS no enviado, numero incorrecto: 44805236  
[2021-05-15 04:08:02] local.INFO: SMS no enviado, numero incorrecto: 44805236  
[2021-05-15 05:00:09] local.INFO: Reporte de turnos del dia 2021-05-15 para las 06:00:00:4  en la cola  
[2021-05-15 05:24:02] local.INFO: SMS no enviado, numero incorrecto: 44805236  
[2021-05-15 05:32:02] local.INFO: SMS no enviado, numero incorrecto: 44805236  
[2021-05-15 05:32:02] local.INFO: SMS no enviado, numero incorrecto: 44805236  
[2021-05-15 06:00:09] local.INFO: Enviado a naspropiedades@gmail.com el reporte de turnos para 2021-05-15  
[2021-05-15 06:00:10] local.INFO: Enviado a naspropiedades@gmail.com el reporte de turnos para 2021-05-15  
[2021-05-15 06:00:10] local.INFO: Enviado a naspropiedades@gmail.com el reporte de turnos para 2021-05-15  
[2021-05-15 06:00:11] local.INFO: Enviado a danielroda_mp@yahoo.com.ar el reporte de turnos para 2021-05-15  
[2021-05-15 06:08:02] local.INFO: SMS no enviado, numero incorrecto: 44805236  
[2021-05-15 06:08:02] local.INFO: SMS no enviado, numero incorrecto: 44805236  
[2021-05-15 06:16:02] local.INFO: SMS no enviado, numero incorrecto: 44805236  
[2021-05-15 06:16:02] local.INFO: SMS no enviado, numero incorrecto: 44805236  
[2021-05-15 07:08:03] local.INFO: SMS no enviado, numero incorrecto: 44805236  
[2021-05-15 07:16:02] local.INFO: SMS no enviado, numero incorrecto: 44805236  
[2021-05-15 08:00:08] local.INFO: Recordatorio de turnos por sms (para mañana): 69  en la cola  
[2021-05-15 08:08:03] local.INFO: SMS enviado a 1154828762  
[2021-05-15 08:08:03] local.INFO: SMS enviado a 0111568639898  
[2021-05-15 08:08:04] local.INFO: SMS enviado a 1158269991  
[2021-05-15 08:08:04] local.INFO: SMS enviado a 1136211144  
[2021-05-15 08:08:04] local.INFO: SMS enviado a 1126535979  
[2021-05-15 08:08:04] local.INFO: SMS enviado a 1151436941  
[2021-05-15 08:08:05] local.INFO: SMS enviado a 1131093006  
[2021-05-15 08:08:05] local.INFO: SMS enviado a 1124580692  
[2021-05-15 08:08:05] local.INFO: SMS enviado a 1162582569  
[2021-05-15 08:08:05] local.INFO: SMS no enviado, numero incorrecto: 67243300  
[2021-05-15 08:08:05] local.INFO: SMS enviado a 1164989707  
[2021-05-15 08:08:05] local.INFO: SMS enviado a 1530701100  
[2021-05-15 08:08:06] local.INFO: SMS enviado a 1169838004  
[2021-05-15 08:08:06] local.INFO: SMS enviado a 1133355831  
[2021-05-15 08:08:06] local.INFO: SMS enviado a 1564140500  
[2021-05-15 08:08:07] local.INFO: SMS enviado a 1163377267  
[2021-05-15 08:08:07] local.INFO: SMS enviado a 1136275471  
[2021-05-15 08:08:07] local.INFO: SMS enviado a 01141487906  
[2021-05-15 08:08:07] local.INFO: SMS enviado a 1164465245  
[2021-05-15 08:08:07] local.INFO: SMS enviado a 1167935666  
[2021-05-15 08:08:07] local.INFO: SMS enviado a 1166918248  
[2021-05-15 08:08:08] local.INFO: SMS enviado a 1151582210  
[2021-05-15 08:08:08] local.INFO: SMS enviado a 1533865485  
[2021-05-15 08:08:08] local.INFO: SMS enviado a 1155794378  
[2021-05-15 08:08:08] local.INFO: SMS enviado a 1164911442  
[2021-05-15 08:08:08] local.INFO: SMS enviado a 1150111027  
[2021-05-15 08:08:09] local.INFO: SMS enviado a 1151619971  
[2021-05-15 08:08:09] local.INFO: SMS enviado a 1169071160  
[2021-05-15 08:08:09] local.INFO: SMS enviado a 1165901409  
[2021-05-15 08:08:09] local.INFO: SMS enviado a 1155616696  
[2021-05-15 08:08:09] local.INFO: SMS enviado a 1131422900  
[2021-05-15 08:08:09] local.INFO: SMS enviado a 1153444332  
[2021-05-15 08:08:10] local.INFO: SMS enviado a 1533327722  
[2021-05-15 08:08:10] local.INFO: SMS enviado a 1565772164  
[2021-05-15 08:08:10] local.INFO: SMS enviado a 1169779534  
[2021-05-15 08:08:10] local.INFO: SMS enviado a +541154164304  
[2021-05-15 08:08:10] local.INFO: SMS enviado a 1164873886  
[2021-05-15 08:08:10] local.INFO: SMS enviado a 1530693878  
[2021-05-15 08:08:11] local.INFO: SMS enviado a 3425210363  
[2021-05-15 08:08:11] local.INFO: SMS enviado a 1153133858  
[2021-05-15 08:08:11] local.INFO: SMS enviado a 1565182441  
[2021-05-15 08:08:11] local.INFO: SMS enviado a 1165008668  
[2021-05-15 08:08:11] local.INFO: SMS enviado a 1168266387  
[2021-05-15 08:08:11] local.INFO: SMS enviado a 1564839476  
[2021-05-15 08:08:12] local.INFO: SMS enviado a 1131080540  
[2021-05-15 08:08:12] local.INFO: SMS enviado a 1155087197  
[2021-05-15 08:08:12] local.INFO: SMS enviado a 1134866327  
[2021-05-15 08:08:12] local.INFO: SMS enviado a 1130542110  
[2021-05-15 08:08:12] local.INFO: SMS enviado a 1164974106  
[2021-05-15 08:08:12] local.INFO: SMS enviado a 1534381888  
[2021-05-15 08:08:13] local.INFO: SMS enviado a 1544109439  
[2021-05-15 08:08:13] local.INFO: SMS enviado a 1161725425  
[2021-05-15 08:08:13] local.INFO: SMS enviado a +541134213722  
[2021-05-15 08:08:13] local.INFO: SMS enviado a 1163663017  
[2021-05-15 08:08:19] local.INFO: SMS enviado a 1154181058  
[2021-05-15 08:08:19] local.INFO: SMS enviado a 1124554818  
[2021-05-15 08:08:19] local.INFO: SMS enviado a 1149390401  
[2021-05-15 08:08:19] local.INFO: SMS enviado a 1137566931  
[2021-05-15 08:08:20] local.INFO: SMS enviado a 1130375255  
[2021-05-15 08:08:20] local.INFO: SMS enviado a +541169606686  
[2021-05-15 08:08:20] local.INFO: SMS enviado a 1168663651  
[2021-05-15 08:08:20] local.INFO: SMS enviado a 1140299358  
[2021-05-15 08:08:20] local.INFO: SMS enviado a 3834507262  
[2021-05-15 08:08:20] local.INFO: SMS enviado a 01141457163  
[2021-05-15 08:08:21] local.INFO: SMS enviado a 1134170297  
[2021-05-15 08:08:21] local.INFO: SMS enviado a 1140714505  
[2021-05-15 08:08:21] local.INFO: SMS enviado a 1159536135  
[2021-05-15 08:08:21] local.INFO: SMS enviado a 1135106349  
[2021-05-15 08:08:21] local.INFO: SMS enviado a 1135022121  
[2021-05-15 08:16:02] local.INFO: SMS no enviado, numero incorrecto:   
[2021-05-15 08:32:02] local.INFO: SMS no enviado, numero incorrecto: 44805236  
[2021-05-15 08:40:03] local.INFO: SMS no enviado, numero incorrecto: 44805236  
[2021-05-15 08:40:03] local.INFO: SMS no enviado, numero incorrecto: 44805236  
[2021-05-15 08:43:58] local.INFO: PAGO POR MERCADO PAGO PARA 2774 approved accredited  
[2021-05-15 08:48:02] local.INFO: SMS no enviado, numero incorrecto: 44805236  
[2021-05-15 08:56:02] local.INFO: SMS no enviado, numero incorrecto: 44805236  
[2021-05-15 08:56:02] local.INFO: SMS no enviado, numero incorrecto: 44805236  
[2021-05-15 08:56:02] local.INFO: SMS no enviado, numero incorrecto: 44805236  
[2021-05-15 09:08:03] local.INFO: SMS no enviado, numero incorrecto: 44805236  
[2021-05-15 09:16:02] local.INFO: SMS no enviado, numero incorrecto:   
[2021-05-15 09:24:02] local.INFO: SMS no enviado, numero incorrecto:   
[2021-05-15 09:32:02] local.INFO: SMS no enviado, numero incorrecto: 44805236  
[2021-05-15 09:40:03] local.INFO: SMS no enviado, numero incorrecto:   
[2021-05-15 09:48:02] local.INFO: SMS no enviado, numero incorrecto:   
[2021-05-15 09:52:10] local.INFO: cancelo turno 2278-1383225 desde smsfacil por curl   
[2021-05-15 09:56:02] local.INFO: SMS no enviado, numero incorrecto:   
[2021-05-15 09:56:02] local.INFO: SMS no enviado, numero incorrecto: 44805236  
[2021-05-15 10:24:02] local.INFO: SMS no enviado, numero incorrecto: 44805236  
[2021-05-15 10:32:09] local.INFO: PAGO POR MERCADO PAGO PARA 2774 approved accredited  
[2021-05-15 10:38:46] local.INFO: PAGO POR MERCADO PAGO PARA 2774 approved accredited  
[2021-05-15 11:08:02] local.INFO: SMS no enviado, numero incorrecto:   
[2021-05-15 11:16:02] local.INFO: SMS no enviado, numero incorrecto:   
[2021-05-15 11:29:11] local.INFO: PAGO POR MERCADO PAGO PARA 2774 approved accredited  
[2021-05-15 11:40:03] local.INFO: SMS no enviado, numero incorrecto:   
[2021-05-15 11:48:02] local.INFO: SMS no enviado, numero incorrecto: 44805236  
[2021-05-15 11:48:02] local.INFO: SMS no enviado, numero incorrecto: 41303318  
[2021-05-15 12:08:02] local.INFO: SMS no enviado, numero incorrecto:   
[2021-05-15 12:16:02] local.INFO: SMS no enviado, numero incorrecto:   
[2021-05-15 12:32:02] local.INFO: SMS no enviado, numero incorrecto: 44805236  
[2021-05-15 12:32:02] local.INFO: SMS no enviado, numero incorrecto: 44805236  
[2021-05-15 12:40:08] local.INFO: SMS no enviado, numero incorrecto:   
[2021-05-15 12:40:08] local.INFO: SMS no enviado, numero incorrecto:   
[2021-05-15 12:48:02] local.INFO: SMS no enviado, numero incorrecto:   
[2021-05-15 12:56:02] local.INFO: SMS no enviado, numero incorrecto: 44805236  
[2021-05-15 13:00:04] local.INFO: SMS no enviado, numero incorrecto: 44805236  
[2021-05-15 13:08:02] local.INFO: SMS no enviado, numero incorrecto: 44805236  
[2021-05-15 13:16:02] local.INFO: SMS no enviado, numero incorrecto: 44805236  
[2021-05-15 13:32:02] local.INFO: SMS no enviado, numero incorrecto:   
[2021-05-15 13:40:03] local.INFO: SMS no enviado, numero incorrecto: 41303318  
[2021-05-15 13:40:03] local.INFO: SMS no enviado, numero incorrecto:   
[2021-05-15 13:56:03] local.INFO: SMS no enviado, numero incorrecto:   
[2021-05-15 14:24:02] local.INFO: SMS no enviado, numero incorrecto:   
[2021-05-15 14:32:02] local.INFO: SMS no enviado, numero incorrecto: 44805236  
[2021-05-15 14:48:02] local.INFO: SMS no enviado, numero incorrecto: 44805236  
[2021-05-15 14:56:02] local.INFO: SMS no enviado, numero incorrecto:   
[2021-05-15 15:24:02] local.INFO: SMS no enviado, numero incorrecto:   
[2021-05-15 15:24:02] local.INFO: SMS no enviado, numero incorrecto: 44805236  
[2021-05-15 15:40:04] local.INFO: SMS no enviado, numero incorrecto: 44805236  
[2021-05-15 15:48:02] local.INFO: SMS no enviado, numero incorrecto:   
[2021-05-15 16:00:07] local.INFO: Reporte de turnos del dia 2021-05-15 para las 17:00:00:0  en la cola  
[2021-05-15 16:05:28] local.INFO: PAGO POR MERCADO PAGO PARA 2774 approved accredited  
[2021-05-15 16:16:03] local.INFO: SMS no enviado, numero incorrecto:   
[2021-05-15 16:16:03] local.INFO: SMS no enviado, numero incorrecto:   
[2021-05-15 16:56:02] local.INFO: SMS no enviado, numero incorrecto: 44805236  
[2021-05-15 17:08:02] local.INFO: SMS no enviado, numero incorrecto: 44805236  
[2021-05-15 17:08:02] local.INFO: SMS no enviado, numero incorrecto:   
[2021-05-15 17:11:00] local.ERROR: http://www.turnonet.com/store_shift The GET method is not supported for this route. Supported methods: POST.  
[2021-05-15 17:40:04] local.INFO: SMS no enviado, numero incorrecto: 44805236  
[2021-05-15 17:48:02] local.INFO: SMS no enviado, numero incorrecto:   
[2021-05-15 17:56:24] local.ERROR: http://www.turnonet.com/store_signin The GET method is not supported for this route. Supported methods: POST.  
[2021-05-15 18:05:24] local.ERROR: http://www.turnonet.com/store_update_cliente The GET method is not supported for this route. Supported methods: POST.  
[2021-05-15 18:16:02] local.INFO: SMS no enviado, numero incorrecto:   
[2021-05-15 18:23:58] local.INFO: PAGO POR MERCADO PAGO PARA 2774 approved accredited  
[2021-05-15 18:24:02] local.INFO: SMS no enviado, numero incorrecto: 44805236  
[2021-05-15 18:48:02] local.INFO: SMS no enviado, numero incorrecto: 41303318  
[2021-05-15 19:00:10] local.INFO: Reporte de turnos del dia 2021-05-15 para las 20:00:00:3  en la cola  
[2021-05-15 19:40:03] local.INFO: SMS no enviado, numero incorrecto: 44805236  
[2021-05-15 19:48:02] local.INFO: SMS no enviado, numero incorrecto: 44805236  
[2021-05-15 19:48:02] local.INFO: SMS no enviado, numero incorrecto:   
[2021-05-15 20:00:06] local.INFO: Enviado a atencionalcliente@jazminchebar.com.ar el reporte de turnos para 2021-05-16  
[2021-05-15 20:00:07] local.INFO: Enviado a salvador@jazminchebar.com.ar el reporte de turnos para 2021-05-16  
[2021-05-15 20:00:08] local.INFO: Enviado a localpalermo@jazminchebar.com.ar el reporte de turnos para 2021-05-16  
[2021-05-15 20:24:01] local.INFO: SMS no enviado, numero incorrecto: 44805236  
[2021-05-15 20:24:02] local.INFO: SMS enviado a 1162485380  
[2021-05-15 20:32:02] local.INFO: SMS enviado a 1162485380  
[2021-05-15 20:32:03] local.INFO: SMS enviado a 1162485380  
[2021-05-15 20:32:03] local.INFO: SMS enviado a 1162485380  
[2021-05-15 20:48:02] local.INFO: SMS no enviado, numero incorrecto:   
[2021-05-15 21:08:03] local.INFO: SMS enviado a 1162485380  
[2021-05-15 21:08:03] local.INFO: SMS no enviado, numero incorrecto: 44805236  
[2021-05-15 22:00:08] local.INFO: Reporte de turnos del dia 2021-05-15 para las 23:00:00:5  en la cola  
[2021-05-15 22:24:02] local.INFO: SMS no enviado, numero incorrecto: 44805236  
[2021-05-15 22:24:02] local.INFO: SMS no enviado, numero incorrecto: 44805236  
[2021-05-15 22:48:02] local.INFO: SMS no enviado, numero incorrecto: 44805236  
[2021-05-15 23:00:08] local.INFO: SMS no enviado, numero incorrecto: 44805236  
[2021-05-15 23:00:19] local.INFO: Enviado a deptomedicoeze@aerolineas.com.ar el reporte de turnos para 2021-05-16  
[2021-05-15 23:00:20] local.INFO: Enviado a deptomedicoaep@aerolineas.com.ar el reporte de turnos para 2021-05-16  
[2021-05-15 23:00:21] local.INFO: Enviado a deptomedicoeze@aerolineas.com.ar el reporte de turnos para 2021-05-16  
[2021-05-15 23:00:21] local.INFO: Enviado a kartodromobuenosaires@gmail.com el reporte de turnos para 2021-05-16  
[2021-05-15 23:32:02] local.INFO: SMS no enviado, numero incorrecto: 44805236  
