[2021-05-12 00:08:02] local.INFO: SMS no enviado, numero incorrecto: 44805236  
[2021-05-12 00:16:03] local.INFO: SMS enviado a 1162485380  
[2021-05-12 00:19:39] local.INFO: Recordatorio de turnos por correo (5 dias): 264  en la cola  
[2021-05-12 00:24:02] local.INFO: SMS enviado a 2994494000  
[2021-05-12 00:24:02] local.INFO: SMS no enviado, numero incorrecto: 44805236  
[2021-05-12 00:40:03] local.INFO: SMS no enviado, numero incorrecto: 44805236  
[2021-05-12 00:46:46] local.INFO: Recordatorio de turnos por correo (para mañana): 826  en la cola  
[2021-05-12 01:00:03] local.INFO: SMS no enviado, numero incorrecto: 44805236  
[2021-05-12 01:16:02] local.INFO: SMS no enviado, numero incorrecto:   
[2021-05-12 01:48:02] local.INFO: SMS no enviado, numero incorrecto: 44805236  
[2021-05-12 03:56:02] local.INFO: SMS no enviado, numero incorrecto: 44805236  
[2021-05-12 04:08:02] local.INFO: SMS no enviado, numero incorrecto: 44805236  
[2021-05-12 05:00:08] local.INFO: Reporte de turnos del dia 2021-05-12 para las 06:00:00:19  en la cola  
[2021-05-12 06:00:08] local.INFO: Enviado a cmininni@sodimac.com.uy el reporte de turnos para 2021-05-12  
[2021-05-12 06:00:10] local.INFO: Enviado a dastella@sodimac.com.ar el reporte de turnos para 2021-05-12  
[2021-05-12 06:00:10] local.INFO: Enviado a dastella@sodimac.com.ar el reporte de turnos para 2021-05-12  
[2021-05-12 06:00:11] local.INFO: Enviado a dabaldi@sodimac.com.ar el reporte de turnos para 2021-05-12  
[2021-05-12 06:00:11] local.INFO: Enviado a davherrera@sodimac.com.ar el reporte de turnos para 2021-05-12  
[2021-05-12 06:00:12] local.INFO: Enviado a jcondori@sodimac.com.ar el reporte de turnos para 2021-05-12  
[2021-05-12 06:00:13] local.INFO: Enviado a jcondori@sodimac.com.ar el reporte de turnos para 2021-05-12  
[2021-05-12 06:00:14] local.INFO: Enviado a lwoltmann@sodimac.com.ar el reporte de turnos para 2021-05-12  
[2021-05-12 06:00:14] local.INFO: Enviado a gbalbi@sodimac.com.ar el reporte de turnos para 2021-05-12  
[2021-05-12 06:00:16] local.INFO: Enviado a danielroda_mp@yahoo.com.ar el reporte de turnos para 2021-05-12  
[2021-05-12 06:05:03] local.INFO: Enviado a serviciotecnico@climaplat.com.ar el reporte de turnos para 2021-05-12  
[2021-05-12 06:05:04] local.INFO: Enviado a lwoltmann@sodimac.com.ar el reporte de turnos para 2021-05-12  
[2021-05-12 06:05:05] local.INFO: Enviado a lwoltmann@sodimac.com.ar el reporte de turnos para 2021-05-12  
[2021-05-12 06:05:08] local.INFO: Enviado a edgardo.salatino@aerolineas.com.ar el reporte de turnos para 2021-05-12  
[2021-05-12 06:05:09] local.INFO: Enviado a martin.rivera@aerolineas.com.ar el reporte de turnos para 2021-05-12  
[2021-05-12 06:05:09] local.INFO: Enviado a walter.lamas@aerolineas.com.ar el reporte de turnos para 2021-05-12  
[2021-05-12 07:08:02] local.INFO: SMS no enviado, numero incorrecto: 44805236  
[2021-05-12 07:08:02] local.INFO: SMS no enviado, numero incorrecto: 44805236  
[2021-05-12 07:08:02] local.INFO: SMS no enviado, numero incorrecto: 44805236  
[2021-05-12 07:32:01] local.INFO: SMS no enviado, numero incorrecto: 44805236  
[2021-05-12 07:48:02] local.INFO: SMS no enviado, numero incorrecto: 44805236  
[2021-05-12 08:00:26] local.INFO: Recordatorio de turnos por sms (para mañana): 184  en la cola  
[2021-05-12 08:08:02] local.INFO: SMS enviado a 1135077133  
[2021-05-12 08:08:03] local.INFO: SMS enviado a 140727793  
[2021-05-12 08:08:03] local.INFO: SMS enviado a 0222715508545  
[2021-05-12 08:08:03] local.INFO: SMS enviado a 1134071047  
[2021-05-12 08:08:03] local.INFO: SMS enviado a 1121784831  
[2021-05-12 08:08:04] local.INFO: SMS enviado a 01155772094  
[2021-05-12 08:08:04] local.INFO: SMS enviado a 1164645956  
[2021-05-12 08:08:04] local.INFO: SMS enviado a 1151655676  
[2021-05-12 08:08:04] local.INFO: SMS enviado a +541131756262  
[2021-05-12 08:08:05] local.INFO: SMS enviado a 1168046609  
[2021-05-12 08:08:05] local.INFO: SMS enviado a 1131557700  
[2021-05-12 08:08:05] local.INFO: SMS enviado a 1123294383  
[2021-05-12 08:08:05] local.INFO: SMS enviado a 1132266052  
[2021-05-12 08:08:05] local.INFO: SMS enviado a 1149275437  
[2021-05-12 08:08:05] local.INFO: SMS enviado a 1151203921  
[2021-05-12 08:08:06] local.INFO: SMS enviado a 1168459191  
[2021-05-12 08:08:06] local.INFO: SMS enviado a 1150196477  
[2021-05-12 08:08:06] local.INFO: SMS enviado a 1134764874  
[2021-05-12 08:08:06] local.INFO: SMS enviado a 1144963024  
[2021-05-12 08:08:06] local.INFO: SMS enviado a 1167266058  
[2021-05-12 08:08:07] local.INFO: SMS enviado a 1160356176  
[2021-05-12 08:08:07] local.INFO: SMS enviado a 1157542163  
[2021-05-12 08:08:07] local.INFO: SMS enviado a 1163514344  
[2021-05-12 08:08:07] local.INFO: SMS enviado a 1157157365  
[2021-05-12 08:08:07] local.INFO: SMS enviado a 1530080600  
[2021-05-12 08:08:08] local.INFO: SMS enviado a 1140850695  
[2021-05-12 08:08:08] local.INFO: SMS enviado a 1151835134  
[2021-05-12 08:08:08] local.INFO: SMS enviado a 1122448981  
[2021-05-12 08:08:08] local.INFO: SMS enviado a 1562557739  
[2021-05-12 08:08:08] local.INFO: SMS enviado a 0111541416670  
[2021-05-12 08:08:08] local.INFO: SMS enviado a 01155928970  
[2021-05-12 08:08:09] local.INFO: SMS enviado a 1153274425  
[2021-05-12 08:08:09] local.INFO: SMS enviado a 0111541416670  
[2021-05-12 08:08:09] local.INFO: SMS enviado a 1155917295  
[2021-05-12 08:08:09] local.INFO: SMS enviado a 1163364228  
[2021-05-12 08:08:09] local.INFO: SMS enviado a 1167987404  
[2021-05-12 08:08:09] local.INFO: SMS enviado a +5491161737894  
[2021-05-12 08:08:10] local.INFO: SMS enviado a 1558957959  
[2021-05-12 08:08:10] local.INFO: SMS enviado a +541130008166  
[2021-05-12 08:08:10] local.INFO: SMS enviado a 1131836906  
[2021-05-12 08:08:10] local.INFO: SMS enviado a 1534814448  
[2021-05-12 08:08:10] local.INFO: SMS enviado a 1561628922  
[2021-05-12 08:08:10] local.INFO: SMS enviado a 1144118799  
[2021-05-12 08:08:11] local.INFO: SMS enviado a 1157157365  
[2021-05-12 08:08:11] local.INFO: SMS enviado a +541160414237  
[2021-05-12 08:08:11] local.INFO: SMS enviado a 1565960773  
[2021-05-12 08:08:11] local.INFO: SMS enviado a 1144237181  
[2021-05-12 08:08:11] local.INFO: SMS enviado a 1157157365  
[2021-05-12 08:08:11] local.INFO: SMS enviado a 1164909437  
[2021-05-12 08:08:12] local.INFO: SMS enviado a 1153695599  
[2021-05-12 08:08:12] local.INFO: SMS enviado a 1562557739  
[2021-05-12 08:08:12] local.INFO: SMS enviado a 1160562454  
[2021-05-12 08:08:12] local.INFO: SMS enviado a +541134067815  
[2021-05-12 08:08:12] local.INFO: SMS enviado a 1151323014  
[2021-05-12 08:08:12] local.INFO: SMS enviado a 1148880370  
[2021-05-12 08:08:13] local.INFO: SMS enviado a 0111568664461  
[2021-05-12 08:08:13] local.INFO: SMS enviado a 1154943444  
[2021-05-12 08:08:18] local.INFO: SMS enviado a 1137740611  
[2021-05-12 08:08:19] local.INFO: SMS enviado a 1136973435  
[2021-05-12 08:08:19] local.INFO: SMS enviado a 1155627572  
[2021-05-12 08:08:19] local.INFO: SMS enviado a 1168869604  
[2021-05-12 08:08:19] local.INFO: SMS enviado a 1159278008  
[2021-05-12 08:08:19] local.INFO: SMS enviado a 1162727854  
[2021-05-12 08:08:19] local.INFO: SMS enviado a 1167371309  
[2021-05-12 08:08:20] local.INFO: SMS enviado a 1131634409  
[2021-05-12 08:08:20] local.INFO: SMS enviado a 1158308342  
[2021-05-12 08:08:20] local.INFO: SMS enviado a 1160426527  
[2021-05-12 08:08:20] local.INFO: SMS enviado a 1135621845  
[2021-05-12 08:08:20] local.INFO: SMS enviado a 1169316901  
[2021-05-12 08:08:20] local.INFO: SMS enviado a +541158239588  
[2021-05-12 08:08:21] local.INFO: SMS enviado a 1158211914  
[2021-05-12 08:08:21] local.INFO: SMS enviado a 1154889313  
[2021-05-12 08:08:21] local.INFO: SMS enviado a +5491130302836  
[2021-05-12 08:08:21] local.INFO: SMS enviado a 1161791851  
[2021-05-12 08:08:21] local.INFO: SMS enviado a 1150398346  
[2021-05-12 08:08:21] local.INFO: SMS enviado a 1165449787  
[2021-05-12 08:08:22] local.INFO: SMS enviado a 1134768050  
[2021-05-12 08:08:22] local.INFO: SMS enviado a 1160356176  
[2021-05-12 08:08:22] local.INFO: SMS no enviado, numero incorrecto: 000  
[2021-05-12 08:08:22] local.INFO: SMS enviado a 1562294405  
[2021-05-12 08:08:22] local.INFO: SMS enviado a 1130192325  
[2021-05-12 08:08:22] local.INFO: SMS enviado a 1135982152  
[2021-05-12 08:08:22] local.INFO: SMS enviado a 1135714914  
[2021-05-12 08:08:23] local.INFO: SMS enviado a 1127831474  
[2021-05-12 08:08:23] local.INFO: SMS enviado a 1150618198  
[2021-05-12 08:08:23] local.INFO: SMS enviado a 1565904556  
[2021-05-12 08:08:23] local.INFO: SMS enviado a 0222315678760  
[2021-05-12 08:08:23] local.INFO: SMS enviado a 1162842118  
[2021-05-12 08:08:23] local.INFO: SMS enviado a +541130044312  
[2021-05-12 08:08:24] local.INFO: SMS enviado a 1135780816  
[2021-05-12 08:08:24] local.INFO: SMS enviado a +541130822268  
[2021-05-12 08:08:24] local.INFO: SMS enviado a 1160578510  
[2021-05-12 08:08:24] local.INFO: SMS enviado a 1155175127  
[2021-05-12 08:08:24] local.INFO: SMS enviado a 1133848924  
[2021-05-12 08:08:24] local.INFO: SMS enviado a 1568510436  
[2021-05-12 08:08:24] local.INFO: SMS enviado a 1540714972  
[2021-05-12 08:08:24] local.INFO: SMS no enviado, numero incorrecto: 54  
[2021-05-12 08:08:25] local.INFO: SMS enviado a 1124588417  
[2021-05-12 08:08:25] local.INFO: SMS enviado a 1160275605  
[2021-05-12 08:08:25] local.INFO: SMS enviado a 1163514344  
[2021-05-12 08:16:03] local.INFO: SMS enviado a +541161735984  
[2021-05-12 08:16:03] local.INFO: SMS enviado a 1549153718  
[2021-05-12 08:16:03] local.INFO: SMS enviado a 1526576295  
[2021-05-12 08:16:04] local.INFO: SMS enviado a 1557968378  
[2021-05-12 08:16:04] local.INFO: SMS enviado a 0111544123908  
[2021-05-12 08:16:04] local.INFO: SMS enviado a 1141797043  
[2021-05-12 08:16:04] local.INFO: SMS enviado a 02214887479  
[2021-05-12 08:16:04] local.INFO: SMS enviado a 1553398349  
[2021-05-12 08:16:05] local.INFO: SMS enviado a 1559380035  
[2021-05-12 08:16:05] local.INFO: SMS enviado a 1136326636  
[2021-05-12 08:16:05] local.INFO: SMS enviado a 1157367863  
[2021-05-12 08:16:05] local.INFO: SMS enviado a 1158216360  
[2021-05-12 08:16:05] local.INFO: SMS enviado a 1144382466  
[2021-05-12 08:16:06] local.INFO: SMS enviado a 1134497568  
[2021-05-12 08:16:06] local.INFO: SMS enviado a 1559475928  
[2021-05-12 08:16:06] local.INFO: SMS enviado a 1136565860  
[2021-05-12 08:16:06] local.INFO: SMS enviado a 1153421618  
[2021-05-12 08:16:06] local.INFO: SMS enviado a 1162591419  
[2021-05-12 08:16:07] local.INFO: SMS enviado a 1167518125  
[2021-05-12 08:16:07] local.INFO: SMS enviado a 1151203670  
[2021-05-12 08:16:07] local.INFO: SMS enviado a 1554576734  
[2021-05-12 08:16:07] local.INFO: SMS enviado a 1154992634  
[2021-05-12 08:16:07] local.INFO: SMS enviado a 1154944955  
[2021-05-12 08:16:07] local.INFO: SMS enviado a 1162879138  
[2021-05-12 08:16:08] local.INFO: SMS enviado a 1541732800  
[2021-05-12 08:16:08] local.INFO: SMS enviado a +541161527979  
[2021-05-12 08:16:08] local.INFO: SMS enviado a 1144057891  
[2021-05-12 08:16:08] local.INFO: SMS enviado a 1135196360  
[2021-05-12 08:16:08] local.INFO: SMS enviado a 1137692201  
[2021-05-12 08:16:08] local.INFO: SMS enviado a 1121591707  
[2021-05-12 08:16:09] local.INFO: SMS enviado a 1139135059  
[2021-05-12 08:16:09] local.INFO: SMS enviado a 1138478212  
[2021-05-12 08:16:09] local.INFO: SMS enviado a 1126454927  
[2021-05-12 08:16:09] local.INFO: SMS enviado a 1163368265  
[2021-05-12 08:16:09] local.INFO: SMS enviado a 01135987203  
[2021-05-12 08:16:09] local.INFO: SMS enviado a 1121724161  
[2021-05-12 08:16:10] local.INFO: SMS enviado a 1170366519  
[2021-05-12 08:16:10] local.INFO: SMS enviado a 3464691977  
[2021-05-12 08:16:10] local.INFO: SMS enviado a 1556545529  
[2021-05-12 08:16:10] local.INFO: SMS enviado a 1134583688  
[2021-05-12 08:16:11] local.INFO: SMS enviado a 1153444382  
[2021-05-12 08:16:11] local.INFO: SMS enviado a 1131683514  
[2021-05-12 08:16:11] local.INFO: SMS enviado a 3517314453  
[2021-05-12 08:16:11] local.INFO: SMS enviado a 1138492304  
[2021-05-12 08:16:17] local.INFO: SMS enviado a 1132091971  
[2021-05-12 08:16:17] local.INFO: SMS enviado a 1144347983  
[2021-05-12 08:16:17] local.INFO: SMS enviado a 1164661653  
[2021-05-12 08:16:17] local.INFO: SMS enviado a 01130008791  
[2021-05-12 08:16:17] local.INFO: SMS enviado a 1530042110  
[2021-05-12 08:16:18] local.INFO: SMS enviado a +541155777658  
[2021-05-12 08:16:18] local.INFO: SMS enviado a 1162912502  
[2021-05-12 08:16:18] local.INFO: SMS enviado a +541168900076  
[2021-05-12 08:16:18] local.INFO: SMS enviado a 1568938801  
[2021-05-12 08:16:18] local.INFO: SMS enviado a 1150956856  
[2021-05-12 08:16:18] local.INFO: SMS no enviado, numero incorrecto: 64923636  
[2021-05-12 08:16:19] local.INFO: SMS enviado a 1162663636  
[2021-05-12 08:16:19] local.INFO: SMS enviado a 1131162085  
[2021-05-12 08:16:19] local.INFO: SMS enviado a 1133215429  
[2021-05-12 08:16:19] local.INFO: SMS enviado a 1159787174  
[2021-05-12 08:16:19] local.INFO: SMS enviado a 1565791867  
[2021-05-12 08:16:19] local.INFO: SMS enviado a 1130733111  
[2021-05-12 08:16:19] local.INFO: SMS enviado a 1568797787  
[2021-05-12 08:16:20] local.INFO: SMS enviado a 1550948810  
[2021-05-12 08:16:20] local.INFO: SMS enviado a 1122218007  
[2021-05-12 08:16:20] local.INFO: SMS enviado a 1565256409  
[2021-05-12 08:16:20] local.INFO: SMS enviado a 1163325191  
[2021-05-12 08:16:20] local.INFO: SMS enviado a 1122340765  
[2021-05-12 08:16:20] local.INFO: SMS enviado a 1154602389  
[2021-05-12 08:16:21] local.INFO: SMS enviado a 1161550621  
[2021-05-12 08:16:21] local.INFO: SMS enviado a 153359250  
[2021-05-12 08:16:21] local.INFO: SMS enviado a 1164550032  
[2021-05-12 08:16:21] local.INFO: SMS enviado a 1158138381  
[2021-05-12 08:16:21] local.INFO: SMS enviado a 1567126224  
[2021-05-12 08:16:21] local.INFO: SMS enviado a 1536973145  
[2021-05-12 08:16:22] local.INFO: SMS enviado a 1134715987  
[2021-05-12 08:16:22] local.INFO: SMS enviado a 1167266091  
[2021-05-12 08:16:22] local.INFO: SMS enviado a 1135799928  
[2021-05-12 08:16:22] local.INFO: SMS enviado a 01158506359  
[2021-05-12 08:16:22] local.INFO: SMS enviado a 1164881401  
[2021-05-12 08:16:22] local.INFO: SMS enviado a 1135148514  
[2021-05-12 08:16:22] local.INFO: SMS enviado a 1133583484  
[2021-05-12 08:16:23] local.INFO: SMS enviado a 1159901026  
[2021-05-12 08:16:23] local.INFO: SMS no enviado, numero incorrecto: 11614098  
[2021-05-12 08:16:23] local.INFO: SMS enviado a 1169811392  
[2021-05-12 08:16:23] local.INFO: SMS no enviado, numero incorrecto: 44805236  
[2021-05-12 08:24:02] local.INFO: SMS no enviado, numero incorrecto: 44805236  
[2021-05-12 08:24:02] local.INFO: SMS no enviado, numero incorrecto: 41303318  
[2021-05-12 08:24:02] local.INFO: SMS no enviado, numero incorrecto: 41303318  
[2021-05-12 08:28:11] local.INFO: cancelo turno 2010-1377350 desde smsfacil por curl   
[2021-05-12 08:32:02] local.INFO: SMS enviado a 1162485380  
[2021-05-12 08:32:08] local.INFO: cancelo turno 2278-1378205 desde smsfacil por curl   
[2021-05-12 08:40:03] local.INFO: SMS no enviado, numero incorrecto: 44805236  
[2021-05-12 08:40:03] local.INFO: SMS no enviado, numero incorrecto: 44805236  
[2021-05-12 08:40:03] local.INFO: SMS no enviado, numero incorrecto: 44805236  
[2021-05-12 08:40:07] local.INFO: cancelo turno 2278-1377171 desde smsfacil por curl   
[2021-05-12 08:48:02] local.INFO: SMS no enviado, numero incorrecto: 44805236  
[2021-05-12 08:56:02] local.INFO: SMS no enviado, numero incorrecto: 44805236  
[2021-05-12 08:56:02] local.INFO: SMS no enviado, numero incorrecto:   
[2021-05-12 09:00:02] local.INFO: SMS no enviado, numero incorrecto: 44805236  
[2021-05-12 09:00:02] local.INFO: SMS no enviado, numero incorrecto:   
[2021-05-12 09:08:03] local.INFO: SMS enviado a 1162485380  
[2021-05-12 09:08:03] local.INFO: SMS no enviado, numero incorrecto: 44805236  
[2021-05-12 09:08:14] local.INFO: PAGO POR MERCADO PAGO PARA 2774 rejected cc_rejected_high_risk  
[2021-05-12 09:16:03] local.INFO: SMS no enviado, numero incorrecto: 44805236  
[2021-05-12 09:16:03] local.INFO: SMS no enviado, numero incorrecto: 44805236  
[2021-05-12 09:16:03] local.INFO: SMS no enviado, numero incorrecto: 44805236  
[2021-05-12 09:22:03] local.INFO: PAGO POR MERCADO PAGO PARA 2774 in_process pending_review_manual  
[2021-05-12 09:24:03] local.INFO: SMS enviado a 2994494000  
[2021-05-12 09:40:03] local.INFO: SMS no enviado, numero incorrecto: 41303318  
[2021-05-12 09:40:03] local.INFO: SMS no enviado, numero incorrecto: 44805236  
[2021-05-12 09:48:02] local.INFO: SMS no enviado, numero incorrecto: 41303318  
[2021-05-12 10:08:02] local.INFO: SMS no enviado, numero incorrecto: 44805236  
[2021-05-12 10:12:08] local.INFO: cancelo turno 2278-1378902 desde smsfacil por curl   
[2021-05-12 10:32:02] local.INFO: SMS no enviado, numero incorrecto: 44805236  
[2021-05-12 10:32:02] local.INFO: SMS no enviado, numero incorrecto: 41303318  
[2021-05-12 10:32:02] local.INFO: SMS no enviado, numero incorrecto: 44805236  
[2021-05-12 10:32:02] local.INFO: SMS no enviado, numero incorrecto: 44805236  
[2021-05-12 10:48:03] local.INFO: SMS no enviado, numero incorrecto: 44805236  
[2021-05-12 10:48:03] local.INFO: SMS no enviado, numero incorrecto: 44805236  
[2021-05-12 10:56:03] local.INFO: SMS no enviado, numero incorrecto: 44805236  
[2021-05-12 10:56:03] local.INFO: SMS no enviado, numero incorrecto: 44805236  
[2021-05-12 10:56:03] local.INFO: SMS no enviado, numero incorrecto:   
[2021-05-12 11:08:02] local.INFO: SMS no enviado, numero incorrecto: 44805236  
[2021-05-12 11:08:02] local.INFO: SMS no enviado, numero incorrecto:   
[2021-05-12 11:08:02] local.INFO: SMS no enviado, numero incorrecto: 44805236  
[2021-05-12 11:08:02] local.INFO: SMS no enviado, numero incorrecto: 44805236  
[2021-05-12 11:08:02] local.INFO: SMS no enviado, numero incorrecto: 44805236  
[2021-05-12 11:24:03] local.INFO: SMS enviado a 2994494000  
[2021-05-12 11:24:03] local.INFO: SMS no enviado, numero incorrecto: 41303318  
[2021-05-12 11:24:03] local.INFO: SMS no enviado, numero incorrecto: 41303318  
[2021-05-12 11:24:03] local.INFO: SMS no enviado, numero incorrecto: 44805236  
[2021-05-12 11:32:02] local.INFO: SMS no enviado, numero incorrecto: 44805236  
[2021-05-12 11:32:02] local.INFO: SMS no enviado, numero incorrecto: 44805236  
[2021-05-12 11:32:02] local.INFO: SMS no enviado, numero incorrecto: 44805236  
[2021-05-12 11:40:04] local.INFO: SMS no enviado, numero incorrecto: 41303318  
[2021-05-12 11:48:03] local.INFO: SMS no enviado, numero incorrecto:   
[2021-05-12 11:48:09] local.INFO: cancelo turno 2278-1377237 desde smsfacil por curl   
[2021-05-12 11:56:02] local.INFO: SMS no enviado, numero incorrecto: 44805236  
[2021-05-12 11:56:02] local.INFO: SMS no enviado, numero incorrecto:   
[2021-05-12 11:56:02] local.INFO: SMS no enviado, numero incorrecto: 44805236  
[2021-05-12 11:56:02] local.INFO: SMS no enviado, numero incorrecto: 44805236  
[2021-05-12 11:56:02] local.INFO: SMS no enviado, numero incorrecto:   
[2021-05-12 12:00:03] local.INFO: SMS no enviado, numero incorrecto: 44805236  
[2021-05-12 12:06:25] local.INFO: PAGO POR MERCADO PAGO PARA 2774 in_process pending_review_manual  
[2021-05-12 12:08:02] local.INFO: SMS no enviado, numero incorrecto: 44805236  
[2021-05-12 12:16:02] local.INFO: SMS no enviado, numero incorrecto: 41303318  
[2021-05-12 12:16:02] local.INFO: SMS no enviado, numero incorrecto: 41303318  
[2021-05-12 12:16:03] local.INFO: SMS enviado a 2994494000  
[2021-05-12 12:24:02] local.INFO: SMS no enviado, numero incorrecto: 41303318  
[2021-05-12 12:24:02] local.INFO: SMS no enviado, numero incorrecto:   
[2021-05-12 12:48:02] local.INFO: SMS no enviado, numero incorrecto: 44805236  
[2021-05-12 12:56:02] local.INFO: SMS no enviado, numero incorrecto: 44805236  
[2021-05-12 12:56:02] local.INFO: SMS no enviado, numero incorrecto: 44805236  
[2021-05-12 12:56:02] local.INFO: SMS no enviado, numero incorrecto: 41303318  
[2021-05-12 13:08:02] local.INFO: SMS no enviado, numero incorrecto:   
[2021-05-12 13:08:02] local.INFO: SMS no enviado, numero incorrecto: 44805236  
[2021-05-12 13:16:03] local.INFO: SMS no enviado, numero incorrecto: 44805236  
[2021-05-12 13:24:02] local.INFO: SMS no enviado, numero incorrecto: 44805236  
[2021-05-12 13:40:04] local.INFO: SMS no enviado, numero incorrecto:   
[2021-05-12 13:40:04] local.INFO: SMS no enviado, numero incorrecto: 44805236  
[2021-05-12 13:40:04] local.INFO: SMS no enviado, numero incorrecto: 44805236  
[2021-05-12 13:40:04] local.INFO: SMS no enviado, numero incorrecto:   
[2021-05-12 13:40:04] local.INFO: SMS no enviado, numero incorrecto: 44805236  
[2021-05-12 13:48:02] local.INFO: SMS no enviado, numero incorrecto: 44805236  
[2021-05-12 13:56:02] local.INFO: SMS no enviado, numero incorrecto: 44805236  
[2021-05-12 13:59:59] local.INFO: PAGO POR MERCADO PAGO PARA 2774 in_process pending_review_manual  
[2021-05-12 14:08:02] local.INFO: SMS no enviado, numero incorrecto: 41303318  
[2021-05-12 14:16:02] local.INFO: SMS no enviado, numero incorrecto: 44805236  
[2021-05-12 14:16:02] local.INFO: SMS no enviado, numero incorrecto: 44805236  
[2021-05-12 14:16:02] local.INFO: SMS no enviado, numero incorrecto: 44805236  
[2021-05-12 14:24:02] local.INFO: SMS no enviado, numero incorrecto: 44805236  
[2021-05-12 14:24:03] local.INFO: SMS enviado a 1161838567  
[2021-05-12 14:24:03] local.INFO: SMS no enviado, numero incorrecto: 44805236  
[2021-05-12 14:24:03] local.INFO: SMS no enviado, numero incorrecto: 44805236  
[2021-05-12 14:32:02] local.INFO: SMS no enviado, numero incorrecto: 44805236  
[2021-05-12 14:32:02] local.INFO: SMS no enviado, numero incorrecto:   
[2021-05-12 14:32:02] local.INFO: SMS no enviado, numero incorrecto: 44805236  
[2021-05-12 14:32:02] local.INFO: SMS no enviado, numero incorrecto:   
[2021-05-12 14:40:03] local.INFO: SMS no enviado, numero incorrecto: 44805236  
[2021-05-12 14:40:03] local.INFO: SMS no enviado, numero incorrecto: 44805236  
[2021-05-12 14:48:02] local.INFO: SMS no enviado, numero incorrecto:   
[2021-05-12 14:48:02] local.INFO: SMS no enviado, numero incorrecto: 44805236  
[2021-05-12 14:48:02] local.INFO: SMS no enviado, numero incorrecto: 44805236  
[2021-05-12 15:00:04] local.INFO: SMS no enviado, numero incorrecto: 44805236  
[2021-05-12 15:08:02] local.INFO: SMS no enviado, numero incorrecto: 44805236  
[2021-05-12 15:24:02] local.INFO: SMS no enviado, numero incorrecto: 44805236  
[2021-05-12 15:24:02] local.INFO: SMS no enviado, numero incorrecto: 44805236  
[2021-05-12 15:24:02] local.INFO: SMS no enviado, numero incorrecto:   
[2021-05-12 15:32:01] local.INFO: SMS no enviado, numero incorrecto: 44805236  
[2021-05-12 15:40:06] local.INFO: SMS no enviado, numero incorrecto: 44805236  
[2021-05-12 15:40:06] local.INFO: SMS enviado a 2994494000  
[2021-05-12 15:40:06] local.INFO: SMS no enviado, numero incorrecto: 44805236  
[2021-05-12 15:56:02] local.INFO: SMS no enviado, numero incorrecto: 44805236  
[2021-05-12 16:00:04] local.INFO: SMS no enviado, numero incorrecto: 44805236  
[2021-05-12 16:00:15] local.INFO: Reporte de turnos del dia 2021-05-12 para las 17:00:00:62  en la cola  
[2021-05-12 16:08:02] local.INFO: SMS no enviado, numero incorrecto: 44805236  
[2021-05-12 16:08:02] local.INFO: SMS no enviado, numero incorrecto:   
[2021-05-12 16:16:02] local.INFO: SMS no enviado, numero incorrecto: 44805236  
[2021-05-12 16:16:02] local.INFO: SMS enviado a 2994494000  
[2021-05-12 16:16:02] local.INFO: SMS no enviado, numero incorrecto:   
[2021-05-12 16:16:02] local.INFO: SMS enviado a 2994494000  
[2021-05-12 16:16:03] local.INFO: SMS enviado a 2994494000  
[2021-05-12 16:24:02] local.INFO: SMS no enviado, numero incorrecto: 44805236  
[2021-05-12 16:24:02] local.INFO: SMS no enviado, numero incorrecto: 41303318  
[2021-05-12 16:32:02] local.INFO: SMS no enviado, numero incorrecto: 44805236  
[2021-05-12 16:32:02] local.INFO: SMS no enviado, numero incorrecto:   
[2021-05-12 16:40:09] local.INFO: SMS no enviado, numero incorrecto:   
[2021-05-12 16:40:09] local.INFO: SMS no enviado, numero incorrecto: 44805236  
[2021-05-12 16:48:02] local.INFO: SMS no enviado, numero incorrecto: 44805236  
[2021-05-12 17:00:04] local.INFO: SMS enviado a 1162485380  
[2021-05-12 17:00:04] local.INFO: SMS no enviado, numero incorrecto: 44805236  
[2021-05-12 17:00:07] local.INFO: Enviado a norali@ellenainmobiliaria.com.ar el reporte de turnos para 2021-05-13  
[2021-05-12 17:00:08] local.INFO: Enviado a contacto@ellenainmobiliaria.com.ar el reporte de turnos para 2021-05-13  
[2021-05-12 17:00:09] local.INFO: Enviado a cobranzas@ellenainmobiliaria.com.ar el reporte de turnos para 2021-05-13  
[2021-05-12 17:00:11] local.INFO: Enviado a profesoradoconsudec@profesoradoconsudec.edu.ar el reporte de turnos para 2021-05-13  
[2021-05-12 17:00:12] local.INFO: Enviado a secretaria@crha.org.ar el reporte de turnos para 2021-05-13  
[2021-05-12 17:00:12] local.INFO: Enviado a grimihumberto@gmail.com el reporte de turnos para 2021-05-13  
[2021-05-12 17:00:13] local.INFO: Enviado a majmilani@gmail.com el reporte de turnos para 2021-05-13  
[2021-05-12 17:00:14] local.INFO: Enviado a majmilani@gmail.com el reporte de turnos para 2021-05-13  
[2021-05-12 17:00:21] local.INFO: Enviado a info@neumovil.com.ar el reporte de turnos para 2021-05-13  
[2021-05-12 17:00:22] local.INFO: Enviado a cap@aadevolantes.com.ar el reporte de turnos para 2021-05-13  
[2021-05-12 17:05:05] local.INFO: Enviado a cap@aadevolantes.com.ar el reporte de turnos para 2021-05-13  
[2021-05-12 17:05:06] local.INFO: Enviado a cap@aadevolantes.com.ar el reporte de turnos para 2021-05-13  
[2021-05-12 17:05:14] local.INFO: Enviado a entrega.diploma@maimonides.edu el reporte de turnos para 2021-05-13  
[2021-05-12 17:05:18] local.INFO: Enviado a turnosrpc@jusneuquen.gov.ar el reporte de turnos para 2021-05-13  
[2021-05-12 17:05:18] local.INFO: Enviado a turnosrpc@jusneuquen.gov.ar el reporte de turnos para 2021-05-13  
[2021-05-12 17:05:23] local.INFO: Enviado a ufatencionalpublicompfnq@jusneuquen.gov.ar el reporte de turnos para 2021-05-13  
[2021-05-12 17:05:24] local.INFO: Enviado a ufatencionalpublicompfnq@jusneuquen.gov.ar el reporte de turnos para 2021-05-13  
[2021-05-12 17:05:24] local.INFO: Enviado a aedufempfnq@jusneuquen.gov.ar el reporte de turnos para 2021-05-13  
[2021-05-12 17:05:25] local.INFO: Enviado a ufapyacmpfsmafd@jusneuquen.gov.ar el reporte de turnos para 2021-05-13  
[2021-05-12 17:05:41] local.INFO: Enviado a turnoscirc1@gmail.com el reporte de turnos para 2021-05-13  
[2021-05-12 17:08:02] local.INFO: SMS no enviado, numero incorrecto: 44805236  
[2021-05-12 17:10:03] local.INFO: Enviado a JuzgadodeFamilia-Junin@jusneuquen.gov.ar el reporte de turnos para 2021-05-13  
[2021-05-12 17:10:04] local.INFO: Enviado a OficinaJudicialCivil-NQN-FD@jusneuquen.gov.ar el reporte de turnos para 2021-05-13  
[2021-05-12 17:10:05] local.INFO: Enviado a ofilabnqfd@jusneuquen.gov.ar el reporte de turnos para 2021-05-13  
[2021-05-12 17:10:06] local.INFO: Enviado a meufanq@jusneuquen.gov.ar el reporte de turnos para 2021-05-13  
[2021-05-12 17:10:07] local.INFO: Enviado a MesadeEntradasUnicaJuzgadoJuiciosEjecutivos-FD@jusneuquen.gov.ar el reporte de turnos para 2021-05-13  
[2021-05-12 17:10:07] local.INFO: Enviado a ccivnqfd@jusneuquen.gov.ar el reporte de turnos para 2021-05-13  
[2021-05-12 17:10:08] local.INFO: Enviado a MesadeEntradasOPANQ-FD@jusneuquen.gov.ar el reporte de turnos para 2021-05-13  
[2021-05-12 17:10:09] local.INFO: Enviado a JuzgadoCivildeRincondelosSauces@jusneuquen.gov.ar el reporte de turnos para 2021-05-13  
[2021-05-12 17:10:09] local.INFO: Enviado a OficinadeViolencia@jusneuquen.gov.ar el reporte de turnos para 2021-05-13  
[2021-05-12 17:10:10] local.INFO: Enviado a ojpazapfd@jusneuquen.gov.ar el reporte de turnos para 2021-05-13  
[2021-05-12 17:15:03] local.INFO: Enviado a jciv1cu@jusneuquen.gov.ar el reporte de turnos para 2021-05-13  
[2021-05-12 17:15:04] local.INFO: Enviado a jciv2cufd@jusneuquen.gov.ar el reporte de turnos para 2021-05-13  
[2021-05-12 17:15:05] local.INFO: Enviado a JuzgadodeFamilia-CutralCo@jusneuquen.gov.ar el reporte de turnos para 2021-05-13  
[2021-05-12 17:15:06] local.INFO: Enviado a jciv1s1zafd@jusneuquen.gov.ar el reporte de turnos para 2021-05-13  
[2021-05-12 17:15:06] local.INFO: Enviado a JuzgadodeFamiliayJuiciosEjecutivos2-Zapala@jusneuquen.gov.ar el reporte de turnos para 2021-05-13  
[2021-05-12 17:15:07] local.INFO: Enviado a JuzgadoCivildeJunindelosAndes@jusneuquen.gov.ar el reporte de turnos para 2021-05-13  
[2021-05-12 17:15:07] local.INFO: Enviado a jciv2ju@jusneuquen.gov.ar el reporte de turnos para 2021-05-13  
[2021-05-12 17:15:08] local.INFO: Enviado a JuzgadoTodoslosFueros-VillalaAngostura@jusneuquen.gov.ar el reporte de turnos para 2021-05-13  
[2021-05-12 17:15:08] local.INFO: Enviado a JuzgadoCivildeChosMalal@jusneuquen.gov.ar el reporte de turnos para 2021-05-13  
[2021-05-12 17:15:09] local.INFO: Enviado a JuzgadodeFamilia-ChosMalal@jusneuquen.gov.ar el reporte de turnos para 2021-05-13  
[2021-05-12 17:16:02] local.INFO: SMS no enviado, numero incorrecto: 44805236  
[2021-05-12 17:20:09] local.INFO: Enviado a turnos@libraseguros.com.ar el reporte de turnos para 2021-05-13  
[2021-05-12 17:20:09] local.INFO: Enviado a turnos@libraseguros.com.ar el reporte de turnos para 2021-05-13  
[2021-05-12 17:20:10] local.INFO: Enviado a mcastelli@libraseguros.com.ar el reporte de turnos para 2021-05-13  
[2021-05-12 17:20:15] local.INFO: Enviado a turnosrpi@jusneuquen.gov.ar el reporte de turnos para 2021-05-13  
[2021-05-12 17:20:16] local.INFO: Enviado a turnosrpi@jusneuquen.gov.ar el reporte de turnos para 2021-05-13  
[2021-05-12 17:20:18] local.INFO: Enviado a titulos@iugr.edu.ar el reporte de turnos para 2021-05-13  
[2021-05-12 17:20:19] local.INFO: Enviado a titulos@ugr.edu.ar el reporte de turnos para 2021-05-13  
[2021-05-12 17:20:19] local.INFO: Enviado a titulos@ugr.edu.ar el reporte de turnos para 2021-05-13  
[2021-05-12 17:20:20] local.INFO: Enviado a titulos.sf@ugr.edu.ar el reporte de turnos para 2021-05-13  
[2021-05-12 17:20:21] local.INFO: Enviado a titulos@ugr.edu.ar el reporte de turnos para 2021-05-13  
[2021-05-12 17:24:02] local.INFO: SMS no enviado, numero incorrecto:   
[2021-05-12 17:24:02] local.INFO: SMS no enviado, numero incorrecto: 44805236  
[2021-05-12 17:24:02] local.INFO: SMS no enviado, numero incorrecto:   
[2021-05-12 17:25:03] local.INFO: Enviado a alumnos@ugr.edu.ar el reporte de turnos para 2021-05-13  
[2021-05-12 17:25:05] local.INFO: Enviado a turnoscd@sodimac.com.ar el reporte de turnos para 2021-05-13  
[2021-05-12 17:25:05] local.INFO: Enviado a aalvez@sodimac.com.ar el reporte de turnos para 2021-05-13  
[2021-05-12 17:25:10] local.INFO: Enviado a consultoriointegralarenales@hotmail.com el reporte de turnos para 2021-05-13  
[2021-05-12 17:25:11] local.INFO: Enviado a drgabrieltoledo@yahoo.com.ar el reporte de turnos para 2021-05-13  
[2021-05-12 17:25:11] local.INFO: Enviado a drgabrieltoledo@yahoo.com.ar el reporte de turnos para 2021-05-13  
[2021-05-12 17:25:12] local.INFO: Enviado a bugarin.jose@gmail.com el reporte de turnos para 2021-05-13  
[2021-05-12 17:25:12] local.INFO: Enviado a sarandreucci@gmail.com el reporte de turnos para 2021-05-13  
[2021-05-12 17:25:14] local.INFO: Enviado a fabianberuschi@hotmail.com el reporte de turnos para 2021-05-13  
[2021-05-12 17:25:14] local.INFO: Enviado a admventashelvetica@gmail.com el reporte de turnos para 2021-05-13  
[2021-05-12 17:30:04] local.INFO: Enviado a info@helvetica.com.ar el reporte de turnos para 2021-05-13  
[2021-05-12 17:30:05] local.INFO: Enviado a info@helvetica.com.ar el reporte de turnos para 2021-05-13  
[2021-05-12 17:32:02] local.INFO: SMS no enviado, numero incorrecto: 44805236  
[2021-05-12 17:40:04] local.INFO: SMS no enviado, numero incorrecto:   
[2021-05-12 17:40:05] local.INFO: SMS no enviado, numero incorrecto: 44805236  
[2021-05-12 17:40:05] local.INFO: SMS no enviado, numero incorrecto: 44805236  
[2021-05-12 17:56:02] local.INFO: SMS no enviado, numero incorrecto: 44805236  
[2021-05-12 17:56:03] local.INFO: SMS enviado a 1162485380  
[2021-05-12 18:04:27] local.INFO: PAGO POR MERCADO PAGO PARA 2774 approved accredited  
[2021-05-12 18:08:03] local.INFO: SMS no enviado, numero incorrecto: 44805236  
[2021-05-12 18:08:03] local.INFO: SMS no enviado, numero incorrecto:   
[2021-05-12 18:24:02] local.INFO: SMS no enviado, numero incorrecto: 44805236  
[2021-05-12 18:40:04] local.INFO: SMS no enviado, numero incorrecto:   
[2021-05-12 18:54:59] local.ERROR: file_put_contents(/var/www/vhosts/turnonet.com/turnonet.com/turnonet/storage/framework/cache/data/82/6f/826f2df8beb62fad02637f5d5e7e9bc279a6ddc6): failed to open stream: No such file or directory {"exception":"[object] (ErrorException(code: 0): file_put_contents(/var/www/vhosts/turnonet.com/turnonet.com/turnonet/storage/framework/cache/data/82/6f/826f2df8beb62fad02637f5d5e7e9bc279a6ddc6): failed to open stream: No such file or directory at /var/www/vhosts/turnonet.com/turnonet.com/turnonet/vendor/laravel/framework/src/Illuminate/Filesystem/Filesystem.php:135)
[stacktrace]
#0 [internal function]: Illuminate\\Foundation\\Bootstrap\\HandleExceptions->handleError(2, 'file_put_conten...', '/var/www/vhosts...', 135, Array)
#1 /var/www/vhosts/turnonet.com/turnonet.com/turnonet/vendor/laravel/framework/src/Illuminate/Filesystem/Filesystem.php(135): file_put_contents('/var/www/vhosts...', '9999999999O:12:...', 2)
#2 /var/www/vhosts/turnonet.com/turnonet.com/turnonet/vendor/laravel/framework/src/Illuminate/Cache/FileStore.php(74): Illuminate\\Filesystem\\Filesystem->put('/var/www/vhosts...', '9999999999O:12:...', true)
#3 /var/www/vhosts/turnonet.com/turnonet.com/turnonet/vendor/laravel/framework/src/Illuminate/Cache/FileStore.php(152): Illuminate\\Cache\\FileStore->put('business_3236', Object(App\\Business), 0)
#4 /var/www/vhosts/turnonet.com/turnonet.com/turnonet/vendor/laravel/framework/src/Illuminate/Cache/Repository.php(355): Illuminate\\Cache\\FileStore->forever('business_3236', Object(App\\Business))
#5 /var/www/vhosts/turnonet.com/turnonet.com/turnonet/vendor/laravel/framework/src/Illuminate/Cache/Repository.php(418): Illuminate\\Cache\\Repository->forever('business_3236', Object(App\\Business))
#6 /var/www/vhosts/turnonet.com/turnonet.com/turnonet/vendor/laravel/framework/src/Illuminate/Cache/CacheManager.php(383): Illuminate\\Cache\\Repository->rememberForever('business_3236', Object(Closure))
#7 /var/www/vhosts/turnonet.com/turnonet.com/turnonet/vendor/laravel/framework/src/Illuminate/Support/Facades/Facade.php(261): Illuminate\\Cache\\CacheManager->__call('rememberForever', Array)
#8 /var/www/vhosts/turnonet.com/turnonet.com/turnonet/app/Http/Controllers/FrameController.php(803): Illuminate\\Support\\Facades\\Facade::__callStatic('rememberForever', Array)
#9 [internal function]: App\\Http\\Controllers\\FrameController->lists_business('3236', 'ALL', '')
#10 /var/www/vhosts/turnonet.com/turnonet.com/turnonet/vendor/laravel/framework/src/Illuminate/Routing/Controller.php(54): call_user_func_array(Array, Array)
#11 /var/www/vhosts/turnonet.com/turnonet.com/turnonet/vendor/laravel/framework/src/Illuminate/Routing/ControllerDispatcher.php(45): Illuminate\\Routing\\Controller->callAction('lists_business', Array)
#12 /var/www/vhosts/turnonet.com/turnonet.com/turnonet/vendor/laravel/framework/src/Illuminate/Routing/Route.php(239): Illuminate\\Routing\\ControllerDispatcher->dispatch(Object(Illuminate\\Routing\\Route), Object(App\\Http\\Controllers\\FrameController), 'lists_business')
#13 /var/www/vhosts/turnonet.com/turnonet.com/turnonet/vendor/laravel/framework/src/Illuminate/Routing/Route.php(196): Illuminate\\Routing\\Route->runController()
#14 /var/www/vhosts/turnonet.com/turnonet.com/turnonet/vendor/laravel/framework/src/Illuminate/Routing/Router.php(685): Illuminate\\Routing\\Route->run()
#15 /var/www/vhosts/turnonet.com/turnonet.com/turnonet/vendor/laravel/framework/src/Illuminate/Pipeline/Pipeline.php(128): Illuminate\\Routing\\Router->Illuminate\\Routing\\{closure}(Object(Illuminate\\Http\\Request))
#16 /var/www/vhosts/turnonet.com/turnonet.com/turnonet/vendor/laravel/framework/src/Illuminate/Routing/Middleware/SubstituteBindings.php(41): Illuminate\\Pipeline\\Pipeline->Illuminate\\Pipeline\\{closure}(Object(Illuminate\\Http\\Request))
#17 /var/www/vhosts/turnonet.com/turnonet.com/turnonet/vendor/laravel/framework/src/Illuminate/Pipeline/Pipeline.php(167): Illuminate\\Routing\\Middleware\\SubstituteBindings->handle(Object(Illuminate\\Http\\Request), Object(Closure))
#18 /var/www/vhosts/turnonet.com/turnonet.com/turnonet/vendor/laravel/framework/src/Illuminate/View/Middleware/ShareErrorsFromSession.php(49): Illuminate\\Pipeline\\Pipeline->Illuminate\\Pipeline\\{closure}(Object(Illuminate\\Http\\Request))
#19 /var/www/vhosts/turnonet.com/turnonet.com/turnonet/vendor/laravel/framework/src/Illuminate/Pipeline/Pipeline.php(167): Illuminate\\View\\Middleware\\ShareErrorsFromSession->handle(Object(Illuminate\\Http\\Request), Object(Closure))
#20 /var/www/vhosts/turnonet.com/turnonet.com/turnonet/vendor/laravel/framework/src/Illuminate/Session/Middleware/StartSession.php(116): Illuminate\\Pipeline\\Pipeline->Illuminate\\Pipeline\\{closure}(Object(Illuminate\\Http\\Request))
#21 /var/www/vhosts/turnonet.com/turnonet.com/turnonet/vendor/laravel/framework/src/Illuminate/Session/Middleware/StartSession.php(62): Illuminate\\Session\\Middleware\\StartSession->handleStatefulRequest(Object(Illuminate\\Http\\Request), Object(Illuminate\\Session\\Store), Object(Closure))
#22 /var/www/vhosts/turnonet.com/turnonet.com/turnonet/vendor/laravel/framework/src/Illuminate/Pipeline/Pipeline.php(167): Illuminate\\Session\\Middleware\\StartSession->handle(Object(Illuminate\\Http\\Request), Object(Closure))
#23 /var/www/vhosts/turnonet.com/turnonet.com/turnonet/vendor/laravel/framework/src/Illuminate/Cookie/Middleware/AddQueuedCookiesToResponse.php(37): Illuminate\\Pipeline\\Pipeline->Illuminate\\Pipeline\\{closure}(Object(Illuminate\\Http\\Request))
#24 /var/www/vhosts/turnonet.com/turnonet.com/turnonet/vendor/laravel/framework/src/Illuminate/Pipeline/Pipeline.php(167): Illuminate\\Cookie\\Middleware\\AddQueuedCookiesToResponse->handle(Object(Illuminate\\Http\\Request), Object(Closure))
#25 /var/www/vhosts/turnonet.com/turnonet.com/turnonet/vendor/laravel/framework/src/Illuminate/Cookie/Middleware/EncryptCookies.php(66): Illuminate\\Pipeline\\Pipeline->Illuminate\\Pipeline\\{closure}(Object(Illuminate\\Http\\Request))
#26 /var/www/vhosts/turnonet.com/turnonet.com/turnonet/vendor/laravel/framework/src/Illuminate/Pipeline/Pipeline.php(167): Illuminate\\Cookie\\Middleware\\EncryptCookies->handle(Object(Illuminate\\Http\\Request), Object(Closure))
#27 /var/www/vhosts/turnonet.com/turnonet.com/turnonet/vendor/laravel/framework/src/Illuminate/Pipeline/Pipeline.php(103): Illuminate\\Pipeline\\Pipeline->Illuminate\\Pipeline\\{closure}(Object(Illuminate\\Http\\Request))
#28 /var/www/vhosts/turnonet.com/turnonet.com/turnonet/vendor/laravel/framework/src/Illuminate/Routing/Router.php(687): Illuminate\\Pipeline\\Pipeline->then(Object(Closure))
#29 /var/www/vhosts/turnonet.com/turnonet.com/turnonet/vendor/laravel/framework/src/Illuminate/Routing/Router.php(662): Illuminate\\Routing\\Router->runRouteWithinStack(Object(Illuminate\\Routing\\Route), Object(Illuminate\\Http\\Request))
#30 /var/www/vhosts/turnonet.com/turnonet.com/turnonet/vendor/laravel/framework/src/Illuminate/Routing/Router.php(628): Illuminate\\Routing\\Router->runRoute(Object(Illuminate\\Http\\Request), Object(Illuminate\\Routing\\Route))
#31 /var/www/vhosts/turnonet.com/turnonet.com/turnonet/vendor/laravel/framework/src/Illuminate/Routing/Router.php(617): Illuminate\\Routing\\Router->dispatchToRoute(Object(Illuminate\\Http\\Request))
#32 /var/www/vhosts/turnonet.com/turnonet.com/turnonet/vendor/laravel/framework/src/Illuminate/Foundation/Http/Kernel.php(165): Illuminate\\Routing\\Router->dispatch(Object(Illuminate\\Http\\Request))
#33 /var/www/vhosts/turnonet.com/turnonet.com/turnonet/vendor/laravel/framework/src/Illuminate/Pipeline/Pipeline.php(128): Illuminate\\Foundation\\Http\\Kernel->Illuminate\\Foundation\\Http\\{closure}(Object(Illuminate\\Http\\Request))
#34 /var/www/vhosts/turnonet.com/turnonet.com/turnonet/vendor/laravel/framework/src/Illuminate/Foundation/Http/Middleware/TransformsRequest.php(21): Illuminate\\Pipeline\\Pipeline->Illuminate\\Pipeline\\{closure}(Object(Illuminate\\Http\\Request))
#35 /var/www/vhosts/turnonet.com/turnonet.com/turnonet/vendor/laravel/framework/src/Illuminate/Pipeline/Pipeline.php(167): Illuminate\\Foundation\\Http\\Middleware\\TransformsRequest->handle(Object(Illuminate\\Http\\Request), Object(Closure))
#36 /var/www/vhosts/turnonet.com/turnonet.com/turnonet/vendor/laravel/framework/src/Illuminate/Foundation/Http/Middleware/TransformsRequest.php(21): Illuminate\\Pipeline\\Pipeline->Illuminate\\Pipeline\\{closure}(Object(Illuminate\\Http\\Request))
#37 /var/www/vhosts/turnonet.com/turnonet.com/turnonet/vendor/laravel/framework/src/Illuminate/Pipeline/Pipeline.php(167): Illuminate\\Foundation\\Http\\Middleware\\TransformsRequest->handle(Object(Illuminate\\Http\\Request), Object(Closure))
#38 /var/www/vhosts/turnonet.com/turnonet.com/turnonet/vendor/laravel/framework/src/Illuminate/Foundation/Http/Middleware/ValidatePostSize.php(27): Illuminate\\Pipeline\\Pipeline->Illuminate\\Pipeline\\{closure}(Object(Illuminate\\Http\\Request))
#39 /var/www/vhosts/turnonet.com/turnonet.com/turnonet/vendor/laravel/framework/src/Illuminate/Pipeline/Pipeline.php(167): Illuminate\\Foundation\\Http\\Middleware\\ValidatePostSize->handle(Object(Illuminate\\Http\\Request), Object(Closure))
#40 /var/www/vhosts/turnonet.com/turnonet.com/turnonet/vendor/laravel/framework/src/Illuminate/Foundation/Http/Middleware/CheckForMaintenanceMode.php(63): Illuminate\\Pipeline\\Pipeline->Illuminate\\Pipeline\\{closure}(Object(Illuminate\\Http\\Request))
#41 /var/www/vhosts/turnonet.com/turnonet.com/turnonet/vendor/laravel/framework/src/Illuminate/Pipeline/Pipeline.php(167): Illuminate\\Foundation\\Http\\Middleware\\CheckForMaintenanceMode->handle(Object(Illuminate\\Http\\Request), Object(Closure))
#42 /var/www/vhosts/turnonet.com/turnonet.com/turnonet/vendor/fruitcake/laravel-cors/src/HandleCors.php(37): Illuminate\\Pipeline\\Pipeline->Illuminate\\Pipeline\\{closure}(Object(Illuminate\\Http\\Request))
#43 /var/www/vhosts/turnonet.com/turnonet.com/turnonet/vendor/laravel/framework/src/Illuminate/Pipeline/Pipeline.php(167): Fruitcake\\Cors\\HandleCors->handle(Object(Illuminate\\Http\\Request), Object(Closure))
#44 /var/www/vhosts/turnonet.com/turnonet.com/turnonet/vendor/fideloper/proxy/src/TrustProxies.php(57): Illuminate\\Pipeline\\Pipeline->Illuminate\\Pipeline\\{closure}(Object(Illuminate\\Http\\Request))
#45 /var/www/vhosts/turnonet.com/turnonet.com/turnonet/vendor/laravel/framework/src/Illuminate/Pipeline/Pipeline.php(167): Fideloper\\Proxy\\TrustProxies->handle(Object(Illuminate\\Http\\Request), Object(Closure))
#46 /var/www/vhosts/turnonet.com/turnonet.com/turnonet/vendor/laravel/framework/src/Illuminate/Pipeline/Pipeline.php(103): Illuminate\\Pipeline\\Pipeline->Illuminate\\Pipeline\\{closure}(Object(Illuminate\\Http\\Request))
#47 /var/www/vhosts/turnonet.com/turnonet.com/turnonet/vendor/laravel/framework/src/Illuminate/Foundation/Http/Kernel.php(140): Illuminate\\Pipeline\\Pipeline->then(Object(Closure))
#48 /var/www/vhosts/turnonet.com/turnonet.com/turnonet/vendor/laravel/framework/src/Illuminate/Foundation/Http/Kernel.php(109): Illuminate\\Foundation\\Http\\Kernel->sendRequestThroughRouter(Object(Illuminate\\Http\\Request))
#49 /var/www/vhosts/turnonet.com/turnonet.com/index.php(54): Illuminate\\Foundation\\Http\\Kernel->handle(Object(Illuminate\\Http\\Request))
#50 {main}
"} 
[2021-05-12 18:54:59] local.ERROR: http://www.turnonet.com/lista_prestadores/3236/ALL/ALL file_put_contents(/var/www/vhosts/turnonet.com/turnonet.com/turnonet/storage/framework/cache/data/82/6f/826f2df8beb62fad02637f5d5e7e9bc279a6ddc6): failed to open stream: No such file or directory  
[2021-05-12 18:56:03] local.INFO: SMS no enviado, numero incorrecto: 41303318  
[2021-05-12 18:56:03] local.INFO: SMS enviado a 1162485380  
[2021-05-12 19:00:06] local.INFO: SMS enviado a 1162485380  
[2021-05-12 19:00:37] local.INFO: Reporte de turnos del dia 2021-05-12 para las 20:00:00:20  en la cola  
[2021-05-12 19:08:02] local.INFO: SMS no enviado, numero incorrecto: 44805236  
[2021-05-12 19:08:02] local.INFO: SMS no enviado, numero incorrecto: 44805236  
[2021-05-12 19:08:02] local.INFO: SMS no enviado, numero incorrecto: 44805236  
[2021-05-12 19:16:02] local.INFO: SMS no enviado, numero incorrecto: 44805236  
[2021-05-12 19:24:02] local.INFO: SMS no enviado, numero incorrecto: 44805236  
[2021-05-12 19:24:02] local.INFO: SMS no enviado, numero incorrecto: 44805236  
[2021-05-12 19:32:02] local.INFO: SMS no enviado, numero incorrecto: 44805236  
[2021-05-12 19:56:02] local.INFO: SMS no enviado, numero incorrecto: 44805236  
[2021-05-12 19:56:02] local.INFO: SMS no enviado, numero incorrecto: 44805236  
[2021-05-12 19:56:02] local.INFO: SMS no enviado, numero incorrecto: 44805236  
[2021-05-12 20:00:03] local.INFO: SMS no enviado, numero incorrecto: 44805236  
[2021-05-12 20:00:03] local.INFO: SMS no enviado, numero incorrecto: 44805236  
[2021-05-12 20:00:05] local.INFO: Enviado a eit.equipoterapeutico@gmail.com el reporte de turnos para 2021-05-13  
[2021-05-12 20:00:06] local.INFO: Enviado a silpesce89@gmail.com el reporte de turnos para 2021-05-13  
[2021-05-12 20:00:09] local.INFO: Enviado a atencionalcliente@jazminchebar.com.ar el reporte de turnos para 2021-05-13  
[2021-05-12 20:00:10] local.INFO: Enviado a salvador@jazminchebar.com.ar el reporte de turnos para 2021-05-13  
[2021-05-12 20:00:10] local.INFO: Enviado a elcano@jazminchebar.com.ar el reporte de turnos para 2021-05-13  
[2021-05-12 20:00:11] local.INFO: Enviado a laplata@jazminchebar.com.ar el reporte de turnos para 2021-05-13  
[2021-05-12 20:00:12] local.INFO: Enviado a localpalermo@jazminchebar.com.ar el reporte de turnos para 2021-05-13  
[2021-05-12 20:00:12] local.INFO: Enviado a elcano@jazminchebar.com.ar el reporte de turnos para 2021-05-13  
[2021-05-12 20:00:13] local.INFO: Enviado a laplata@jazminchebar.com.ar el reporte de turnos para 2021-05-13  
[2021-05-12 20:00:14] local.INFO: Enviado a carlos_r_martinez@hotmail.com el reporte de turnos para 2021-05-13  
[2021-05-12 20:05:03] local.INFO: Enviado a carlos_r_martinez@hotmail.com el reporte de turnos para 2021-05-13  
[2021-05-12 20:05:04] local.INFO: Enviado a jmorellana@sodimac.com.ar el reporte de turnos para 2021-05-13  
[2021-05-12 20:05:05] local.INFO: Enviado a jmorellana@sodimac.com.ar el reporte de turnos para 2021-05-13  
[2021-05-12 20:05:14] local.INFO: Enviado a adelarosana@gmail.com el reporte de turnos para 2021-05-13  
[2021-05-12 20:05:15] local.INFO: Enviado a gracielaallinlewis@hotmail.com el reporte de turnos para 2021-05-13  
[2021-05-12 20:05:19] local.INFO: Enviado a anamcarro@yahoo.com.ar el reporte de turnos para 2021-05-13  
[2021-05-12 20:05:19] local.INFO: Enviado a anamcarro@yahoo.com.ar el reporte de turnos para 2021-05-13  
[2021-05-12 20:05:20] local.INFO: Enviado a monicagvera@hotmail.com el reporte de turnos para 2021-05-13  
[2021-05-12 20:05:20] local.INFO: Enviado a soniabonomo@gmail.com el reporte de turnos para 2021-05-13  
[2021-05-12 20:05:21] local.INFO: Enviado a afainboim@gmail.com el reporte de turnos para 2021-05-13  
[2021-05-12 20:08:02] local.INFO: SMS no enviado, numero incorrecto: 44805236  
[2021-05-12 20:08:02] local.INFO: SMS no enviado, numero incorrecto: 44805236  
[2021-05-12 20:08:02] local.INFO: SMS no enviado, numero incorrecto: 44805236  
[2021-05-12 20:32:02] local.INFO: SMS no enviado, numero incorrecto: 44805236  
[2021-05-12 20:32:02] local.INFO: SMS no enviado, numero incorrecto: 44805236  
[2021-05-12 20:32:02] local.INFO: SMS no enviado, numero incorrecto: 44805236  
[2021-05-12 20:36:08] local.INFO: cancelo turno 2278-1377610 desde smsfacil por curl   
[2021-05-12 20:40:05] local.INFO: SMS no enviado, numero incorrecto: 44805236  
[2021-05-12 20:48:03] local.INFO: SMS no enviado, numero incorrecto: 44805236  
[2021-05-12 20:48:03] local.INFO: SMS no enviado, numero incorrecto: 44805236  
[2021-05-12 20:56:02] local.INFO: SMS no enviado, numero incorrecto: 44805236  
[2021-05-12 20:57:51] local.ERROR: http://www.turnonet.com/store_signin The GET method is not supported for this route. Supported methods: POST.  
[2021-05-12 21:02:02] local.ERROR: http://www.turnonet.com/update_settings_business The GET method is not supported for this route. Supported methods: POST.  
[2021-05-12 21:06:34] local.ERROR: http://www.turnonet.com/update_shedules_business The GET method is not supported for this route. Supported methods: POST.  
[2021-05-12 21:24:02] local.INFO: SMS no enviado, numero incorrecto:   
[2021-05-12 21:24:02] local.INFO: SMS no enviado, numero incorrecto: 44805236  
[2021-05-12 21:40:04] local.INFO: SMS no enviado, numero incorrecto:   
[2021-05-12 22:00:06] local.INFO: SMS enviado a 1162485380  
[2021-05-12 22:00:12] local.INFO: Reporte de turnos del dia 2021-05-12 para las 23:00:00:12  en la cola  
[2021-05-12 22:08:02] local.INFO: SMS no enviado, numero incorrecto: 44805236  
[2021-05-12 22:16:02] local.INFO: SMS no enviado, numero incorrecto:   
[2021-05-12 22:24:02] local.INFO: SMS no enviado, numero incorrecto: 44805236  
[2021-05-12 22:32:02] local.INFO: SMS no enviado, numero incorrecto: 41303318  
[2021-05-12 22:32:02] local.INFO: SMS no enviado, numero incorrecto: 44805236  
[2021-05-12 22:40:03] local.INFO: SMS no enviado, numero incorrecto: 44805236  
[2021-05-12 22:40:03] local.INFO: SMS no enviado, numero incorrecto: 44805236  
[2021-05-12 23:00:08] local.INFO: Enviado a cv.fisioterapia.vet@gmail.com el reporte de turnos para 2021-05-13  
[2021-05-12 23:00:09] local.INFO: Enviado a espaciokosmos@gmail.com el reporte de turnos para 2021-05-13  
[2021-05-12 23:00:10] local.INFO: Enviado a marianaamado84@gmail.com el reporte de turnos para 2021-05-13  
[2021-05-12 23:00:10] local.INFO: Enviado a marianaamado84@gmail.com el reporte de turnos para 2021-05-13  
[2021-05-12 23:00:16] local.INFO: Enviado a turnos@dgttucuman.gov.ar el reporte de turnos para 2021-05-13  
[2021-05-12 23:00:16] local.INFO: Enviado a jatorrado@yahoo.com el reporte de turnos para 2021-05-13  
[2021-05-12 23:00:17] local.INFO: Enviado a TURNOS@dgttucuman.gov.ar el reporte de turnos para 2021-05-13  
[2021-05-12 23:00:36] local.INFO: Enviado a deptomedicoeze@aerolineas.com.ar el reporte de turnos para 2021-05-13  
[2021-05-12 23:00:37] local.INFO: Enviado a deptomedicoaep@aerolineas.com.ar el reporte de turnos para 2021-05-13  
[2021-05-12 23:00:37] local.INFO: Enviado a deptomedicoeze@aerolineas.com.ar el reporte de turnos para 2021-05-13  
[2021-05-12 23:05:04] local.INFO: Enviado a kartodromobuenosaires@gmail.com el reporte de turnos para 2021-05-13  
[2021-05-12 23:08:02] local.INFO: SMS no enviado, numero incorrecto: 44805236  
[2021-05-12 23:24:02] local.INFO: SMS no enviado, numero incorrecto:   
[2021-05-12 23:40:05] local.INFO: SMS no enviado, numero incorrecto: 44805236  
[2021-05-12 23:48:02] local.INFO: SMS no enviado, numero incorrecto: 44805236  
