[2021-05-08 00:08:02] local.INFO: SMS no enviado, numero incorrecto: 44805236  
[2021-05-08 00:08:02] local.INFO: SMS no enviado, numero incorrecto: 44805236  
[2021-05-08 00:16:02] local.INFO: SMS no enviado, numero incorrecto: 44805236  
[2021-05-08 00:20:30] local.INFO: Recordatorio de turnos por correo (5 dias): 340  en la cola  
[2021-05-08 00:24:01] local.INFO: SMS no enviado, numero incorrecto: 44805236  
[2021-05-08 00:30:06] local.INFO: Recordatorio de turnos por correo (para mañana): 3  en la cola  
[2021-05-08 00:40:03] local.INFO: SMS no enviado, numero incorrecto: 44805236  
[2021-05-08 00:40:03] local.INFO: SMS no enviado, numero incorrecto: 41303318  
[2021-05-08 00:48:02] local.INFO: SMS no enviado, numero incorrecto: 44805236  
[2021-05-08 00:48:02] local.INFO: SMS no enviado, numero incorrecto: 44805236  
[2021-05-08 00:48:02] local.INFO: SMS no enviado, numero incorrecto: 44805236  
[2021-05-08 00:56:02] local.INFO: SMS no enviado, numero incorrecto: 44805236  
[2021-05-08 01:00:04] local.INFO: SMS no enviado, numero incorrecto: 44805236  
[2021-05-08 01:48:02] local.INFO: SMS no enviado, numero incorrecto: 44805236  
[2021-05-08 02:56:02] local.INFO: SMS no enviado, numero incorrecto: 44805236  
[2021-05-08 03:16:01] local.INFO: SMS no enviado, numero incorrecto: 44805236  
[2021-05-08 03:40:04] local.INFO: SMS no enviado, numero incorrecto: 44805236  
[2021-05-08 04:56:02] local.INFO: SMS no enviado, numero incorrecto: 44805236  
[2021-05-08 05:00:09] local.INFO: Reporte de turnos del dia 2021-05-08 para las 06:00:00:4  en la cola  
[2021-05-08 05:32:02] local.INFO: SMS no enviado, numero incorrecto: 44805236  
[2021-05-08 05:56:02] local.INFO: SMS no enviado, numero incorrecto: 44805236  
[2021-05-08 05:56:02] local.INFO: SMS no enviado, numero incorrecto: 44805236  
[2021-05-08 06:00:08] local.INFO: Enviado a naspropiedades@gmail.com el reporte de turnos para 2021-05-08  
[2021-05-08 06:00:09] local.INFO: Enviado a naspropiedades@gmail.com el reporte de turnos para 2021-05-08  
[2021-05-08 06:00:10] local.INFO: Enviado a naspropiedades@gmail.com el reporte de turnos para 2021-05-08  
[2021-05-08 06:00:12] local.INFO: Enviado a danielroda_mp@yahoo.com.ar el reporte de turnos para 2021-05-08  
[2021-05-08 06:08:02] local.INFO: SMS no enviado, numero incorrecto: 44805236  
[2021-05-08 06:32:02] local.INFO: SMS no enviado, numero incorrecto: 44805236  
[2021-05-08 07:16:02] local.INFO: SMS no enviado, numero incorrecto: 44805236  
[2021-05-08 07:32:02] local.INFO: SMS no enviado, numero incorrecto: 44805236  
[2021-05-08 07:32:02] local.INFO: SMS no enviado, numero incorrecto: 44805236  
[2021-05-08 07:48:02] local.INFO: SMS no enviado, numero incorrecto: 44805236  
[2021-05-08 07:48:03] local.INFO: SMS no enviado, numero incorrecto: 44805236  
[2021-05-08 07:48:03] local.INFO: SMS no enviado, numero incorrecto: 44805236  
[2021-05-08 07:56:02] local.INFO: SMS no enviado, numero incorrecto: 44805236  
[2021-05-08 07:56:02] local.INFO: SMS no enviado, numero incorrecto: 44805236  
[2021-05-08 07:56:02] local.INFO: SMS no enviado, numero incorrecto: 44805236  
[2021-05-08 08:00:04] local.INFO: Recordatorio de turnos por sms (para mañana): 3  en la cola  
[2021-05-08 08:00:05] local.INFO: SMS enviado a 1538115564  
[2021-05-08 08:00:06] local.INFO: SMS enviado a 2215230769  
[2021-05-08 08:00:06] local.INFO: SMS enviado a 2214598003  
[2021-05-08 08:08:02] local.INFO: SMS no enviado, numero incorrecto: 44805236  
[2021-05-08 08:16:02] local.INFO: SMS no enviado, numero incorrecto: 44805236  
[2021-05-08 08:16:02] local.INFO: SMS no enviado, numero incorrecto: 44805236  
[2021-05-08 08:24:03] local.INFO: SMS no enviado, numero incorrecto: 44805236  
[2021-05-08 08:32:02] local.INFO: SMS no enviado, numero incorrecto: 44805236  
[2021-05-08 08:32:02] local.INFO: SMS no enviado, numero incorrecto: 44805236  
[2021-05-08 08:32:02] local.INFO: SMS no enviado, numero incorrecto:   
[2021-05-08 08:32:02] local.INFO: SMS no enviado, numero incorrecto: 44805236  
[2021-05-08 08:40:03] local.INFO: SMS no enviado, numero incorrecto: 44805236  
[2021-05-08 08:40:04] local.INFO: SMS no enviado, numero incorrecto: 44805236  
[2021-05-08 08:40:04] local.INFO: SMS no enviado, numero incorrecto: 44805236  
[2021-05-08 09:08:02] local.INFO: SMS no enviado, numero incorrecto: 41303318  
[2021-05-08 09:08:02] local.INFO: SMS no enviado, numero incorrecto: 44805236  
[2021-05-08 09:08:02] local.INFO: SMS no enviado, numero incorrecto: 44805236  
[2021-05-08 09:16:02] local.INFO: SMS no enviado, numero incorrecto: 44805236  
[2021-05-08 09:24:02] local.INFO: SMS no enviado, numero incorrecto: 44805236  
[2021-05-08 09:32:02] local.INFO: SMS no enviado, numero incorrecto: 44805236  
[2021-05-08 09:32:02] local.INFO: SMS no enviado, numero incorrecto: 44805236  
[2021-05-08 09:40:04] local.INFO: SMS no enviado, numero incorrecto: 44805236  
[2021-05-08 09:40:04] local.INFO: SMS no enviado, numero incorrecto: 44805236  
[2021-05-08 09:48:02] local.INFO: SMS no enviado, numero incorrecto: 44805236  
[2021-05-08 09:48:02] local.INFO: SMS no enviado, numero incorrecto: 44805236  
[2021-05-08 09:48:02] local.INFO: SMS no enviado, numero incorrecto: 44805236  
[2021-05-08 09:48:02] local.INFO: SMS no enviado, numero incorrecto: 44805236  
[2021-05-08 09:48:02] local.INFO: SMS no enviado, numero incorrecto: 44805236  
[2021-05-08 09:48:02] local.INFO: SMS no enviado, numero incorrecto: 44805236  
[2021-05-08 09:48:02] local.INFO: SMS no enviado, numero incorrecto: 44805236  
[2021-05-08 09:56:02] local.INFO: SMS no enviado, numero incorrecto:   
[2021-05-08 09:56:02] local.INFO: SMS no enviado, numero incorrecto: 44805236  
[2021-05-08 09:56:02] local.INFO: SMS no enviado, numero incorrecto: 44805236  
[2021-05-08 09:56:02] local.INFO: SMS no enviado, numero incorrecto: 44805236  
[2021-05-08 10:08:02] local.INFO: SMS no enviado, numero incorrecto: 44805236  
[2021-05-08 10:16:02] local.INFO: SMS no enviado, numero incorrecto:   
[2021-05-08 10:20:50] local.INFO: PAGO POR MERCADO PAGO PARA 2774 approved accredited  
[2021-05-08 10:24:02] local.INFO: SMS no enviado, numero incorrecto: 44805236  
[2021-05-08 10:24:02] local.INFO: SMS no enviado, numero incorrecto: 44805236  
[2021-05-08 10:24:02] local.INFO: SMS no enviado, numero incorrecto: 44805236  
[2021-05-08 10:40:03] local.INFO: SMS no enviado, numero incorrecto: 44805236  
[2021-05-08 10:40:03] local.INFO: SMS no enviado, numero incorrecto:   
[2021-05-08 10:40:03] local.INFO: SMS no enviado, numero incorrecto: 41303318  
[2021-05-08 10:40:03] local.INFO: SMS no enviado, numero incorrecto: 44805236  
[2021-05-08 10:48:02] local.INFO: SMS no enviado, numero incorrecto:   
[2021-05-08 10:48:02] local.INFO: SMS no enviado, numero incorrecto:   
[2021-05-08 10:48:02] local.INFO: SMS no enviado, numero incorrecto:   
[2021-05-08 10:48:02] local.INFO: SMS no enviado, numero incorrecto:   
[2021-05-08 10:48:02] local.INFO: SMS no enviado, numero incorrecto: 44805236  
[2021-05-08 10:48:02] local.INFO: SMS no enviado, numero incorrecto: 44805236  
[2021-05-08 10:56:02] local.INFO: SMS no enviado, numero incorrecto: 44805236  
[2021-05-08 11:08:02] local.INFO: SMS no enviado, numero incorrecto: 44805236  
[2021-05-08 11:08:02] local.INFO: SMS no enviado, numero incorrecto: 44805236  
[2021-05-08 11:08:02] local.INFO: SMS no enviado, numero incorrecto: 41303318  
[2021-05-08 11:08:02] local.INFO: SMS no enviado, numero incorrecto: 44805236  
[2021-05-08 11:08:02] local.INFO: SMS no enviado, numero incorrecto: 44805236  
[2021-05-08 11:16:03] local.INFO: SMS no enviado, numero incorrecto: 44805236  
[2021-05-08 11:24:02] local.INFO: SMS no enviado, numero incorrecto: 44805236  
[2021-05-08 11:24:02] local.INFO: SMS no enviado, numero incorrecto:   
[2021-05-08 11:32:02] local.INFO: SMS no enviado, numero incorrecto: 44805236  
[2021-05-08 11:34:46] local.INFO: PAGO POR MERCADO PAGO PARA 2774 approved accredited  
[2021-05-08 11:48:02] local.INFO: SMS no enviado, numero incorrecto:   
[2021-05-08 12:08:02] local.INFO: SMS no enviado, numero incorrecto:   
[2021-05-08 12:12:08] local.INFO: cancelo turno 2415-1372156 desde smsfacil por curl   
[2021-05-08 12:24:02] local.INFO: SMS no enviado, numero incorrecto: 44805236  
[2021-05-08 12:24:02] local.INFO: SMS no enviado, numero incorrecto:   
[2021-05-08 12:32:02] local.INFO: SMS no enviado, numero incorrecto: 44805236  
[2021-05-08 12:32:02] local.INFO: SMS no enviado, numero incorrecto: 44805236  
[2021-05-08 12:32:02] local.INFO: SMS no enviado, numero incorrecto:   
[2021-05-08 12:40:03] local.INFO: SMS no enviado, numero incorrecto:   
[2021-05-08 12:48:02] local.INFO: SMS no enviado, numero incorrecto: 44805236  
[2021-05-08 12:48:02] local.INFO: SMS no enviado, numero incorrecto: 44805236  
[2021-05-08 12:48:02] local.INFO: SMS no enviado, numero incorrecto:   
[2021-05-08 12:48:02] local.INFO: SMS no enviado, numero incorrecto:   
[2021-05-08 12:48:02] local.INFO: SMS no enviado, numero incorrecto: 44805236  
[2021-05-08 12:56:02] local.INFO: SMS no enviado, numero incorrecto:   
[2021-05-08 13:00:04] local.INFO: SMS no enviado, numero incorrecto: 44805236  
[2021-05-08 13:08:02] local.INFO: SMS no enviado, numero incorrecto: 44805236  
[2021-05-08 13:16:02] local.INFO: SMS no enviado, numero incorrecto: 44805236  
[2021-05-08 13:16:02] local.INFO: SMS no enviado, numero incorrecto: 44805236  
[2021-05-08 13:24:02] local.INFO: SMS no enviado, numero incorrecto: 44805236  
[2021-05-08 13:32:03] local.INFO: SMS no enviado, numero incorrecto:   
[2021-05-08 13:32:03] local.INFO: SMS no enviado, numero incorrecto: 44805236  
[2021-05-08 13:40:04] local.INFO: SMS no enviado, numero incorrecto: 44805236  
[2021-05-08 13:40:04] local.INFO: SMS no enviado, numero incorrecto:   
[2021-05-08 14:00:05] local.INFO: SMS enviado a 1162485380  
[2021-05-08 14:00:05] local.INFO: SMS no enviado, numero incorrecto:   
[2021-05-08 14:08:03] local.INFO: SMS enviado a 1162485380  
[2021-05-08 14:08:03] local.INFO: SMS enviado a 1162485380  
[2021-05-08 14:08:03] local.INFO: SMS enviado a 1162485380  
[2021-05-08 14:16:03] local.INFO: SMS enviado a 1162485380  
[2021-05-08 14:16:03] local.INFO: SMS no enviado, numero incorrecto: 44805236  
[2021-05-08 14:24:03] local.INFO: SMS no enviado, numero incorrecto: 44805236  
[2021-05-08 14:24:03] local.INFO: SMS no enviado, numero incorrecto: 44805236  
[2021-05-08 14:32:02] local.INFO: SMS no enviado, numero incorrecto: 44805236  
[2021-05-08 14:48:02] local.INFO: SMS no enviado, numero incorrecto:   
[2021-05-08 14:56:02] local.INFO: SMS no enviado, numero incorrecto: 44805236  
[2021-05-08 14:56:02] local.INFO: SMS no enviado, numero incorrecto:   
[2021-05-08 15:24:02] local.INFO: SMS no enviado, numero incorrecto: 44805236  
[2021-05-08 15:40:03] local.INFO: SMS no enviado, numero incorrecto:   
[2021-05-08 15:40:03] local.INFO: SMS no enviado, numero incorrecto: 44805236  
[2021-05-08 15:40:03] local.INFO: SMS no enviado, numero incorrecto: 44805236  
[2021-05-08 15:56:02] local.INFO: SMS no enviado, numero incorrecto: 44805236  
[2021-05-08 15:56:02] local.INFO: SMS no enviado, numero incorrecto:   
[2021-05-08 16:00:05] local.INFO: SMS no enviado, numero incorrecto: 44805236  
[2021-05-08 16:00:08] local.INFO: Reporte de turnos del dia 2021-05-08 para las 17:00:00:0  en la cola  
[2021-05-08 16:16:03] local.INFO: SMS no enviado, numero incorrecto: 41303318  
[2021-05-08 16:24:02] local.INFO: SMS no enviado, numero incorrecto: 41303318  
[2021-05-08 16:32:02] local.INFO: SMS no enviado, numero incorrecto: 44805236  
[2021-05-08 16:32:02] local.INFO: SMS no enviado, numero incorrecto: 41303318  
[2021-05-08 16:32:02] local.INFO: SMS no enviado, numero incorrecto:   
[2021-05-08 16:40:03] local.INFO: SMS no enviado, numero incorrecto: 44805236  
[2021-05-08 16:40:03] local.INFO: SMS no enviado, numero incorrecto: 44805236  
[2021-05-08 16:56:02] local.INFO: SMS no enviado, numero incorrecto: 44805236  
[2021-05-08 17:08:03] local.INFO: SMS no enviado, numero incorrecto: 44805236  
[2021-05-08 17:08:03] local.INFO: SMS no enviado, numero incorrecto: 44805236  
[2021-05-08 17:08:03] local.INFO: SMS no enviado, numero incorrecto: 41303318  
[2021-05-08 17:08:03] local.INFO: SMS no enviado, numero incorrecto: 44805236  
[2021-05-08 17:16:02] local.INFO: SMS no enviado, numero incorrecto: 44805236  
[2021-05-08 17:16:02] local.INFO: SMS no enviado, numero incorrecto: 44805236  
[2021-05-08 17:24:02] local.INFO: SMS no enviado, numero incorrecto: 44805236  
[2021-05-08 17:24:02] local.INFO: SMS no enviado, numero incorrecto: 44805236  
[2021-05-08 17:56:02] local.INFO: SMS no enviado, numero incorrecto:   
[2021-05-08 17:56:02] local.INFO: SMS no enviado, numero incorrecto: 44805236  
[2021-05-08 18:08:02] local.INFO: SMS no enviado, numero incorrecto: 44805236  
[2021-05-08 18:08:02] local.INFO: SMS no enviado, numero incorrecto: 41303318  
[2021-05-08 18:16:02] local.INFO: SMS no enviado, numero incorrecto: 44805236  
[2021-05-08 18:32:02] local.INFO: SMS no enviado, numero incorrecto: 44805236  
[2021-05-08 18:32:02] local.INFO: SMS no enviado, numero incorrecto: 44805236  
[2021-05-08 18:40:04] local.INFO: SMS no enviado, numero incorrecto: 44805236  
[2021-05-08 18:40:04] local.INFO: SMS no enviado, numero incorrecto: 44805236  
[2021-05-08 18:56:02] local.INFO: SMS no enviado, numero incorrecto: 44805236  
[2021-05-08 18:56:02] local.INFO: SMS no enviado, numero incorrecto: 44805236  
[2021-05-08 19:00:16] local.INFO: Reporte de turnos del dia 2021-05-08 para las 20:00:00:3  en la cola  
[2021-05-08 19:08:03] local.INFO: SMS enviado a 1162485380  
[2021-05-08 19:08:03] local.INFO: SMS no enviado, numero incorrecto: 44805236  
[2021-05-08 19:16:01] local.INFO: SMS no enviado, numero incorrecto:   
[2021-05-08 19:24:02] local.INFO: SMS no enviado, numero incorrecto: 44805236  
[2021-05-08 19:24:02] local.INFO: SMS no enviado, numero incorrecto: 44805236  
[2021-05-08 19:32:02] local.INFO: SMS no enviado, numero incorrecto: 44805236  
[2021-05-08 19:32:02] local.INFO: SMS no enviado, numero incorrecto: 41303318  
[2021-05-08 20:00:09] local.INFO: Enviado a atencionalcliente@jazminchebar.com.ar el reporte de turnos para 2021-05-09  
[2021-05-08 20:00:09] local.INFO: Enviado a salvador@jazminchebar.com.ar el reporte de turnos para 2021-05-09  
[2021-05-08 20:00:10] local.INFO: Enviado a localpalermo@jazminchebar.com.ar el reporte de turnos para 2021-05-09  
[2021-05-08 20:24:02] local.INFO: SMS no enviado, numero incorrecto: 44805236  
[2021-05-08 20:24:02] local.INFO: SMS no enviado, numero incorrecto: 44805236  
[2021-05-08 20:32:02] local.INFO: SMS no enviado, numero incorrecto: 44805236  
[2021-05-08 20:32:02] local.INFO: SMS no enviado, numero incorrecto: 44805236  
[2021-05-08 20:32:02] local.INFO: SMS no enviado, numero incorrecto:   
[2021-05-08 20:32:02] local.INFO: SMS no enviado, numero incorrecto: 44805236  
[2021-05-08 20:40:03] local.INFO: SMS no enviado, numero incorrecto: 44805236  
[2021-05-08 20:48:03] local.INFO: SMS no enviado, numero incorrecto: 44805236  
[2021-05-08 20:56:02] local.INFO: SMS no enviado, numero incorrecto: 44805236  
[2021-05-08 21:08:03] local.INFO: SMS no enviado, numero incorrecto: 44805236  
[2021-05-08 21:16:02] local.INFO: SMS no enviado, numero incorrecto: 41303318  
[2021-05-08 21:32:02] local.INFO: SMS no enviado, numero incorrecto: 44805236  
[2021-05-08 21:40:03] local.INFO: SMS no enviado, numero incorrecto: 44805236  
[2021-05-08 21:40:03] local.INFO: SMS no enviado, numero incorrecto:   
[2021-05-08 21:48:02] local.INFO: SMS no enviado, numero incorrecto: 44805236  
[2021-05-08 22:00:10] local.INFO: Reporte de turnos del dia 2021-05-08 para las 23:00:00:0  en la cola  
[2021-05-08 22:08:02] local.INFO: SMS enviado a 1162485380  
[2021-05-08 22:08:02] local.INFO: SMS no enviado, numero incorrecto: 44805236  
[2021-05-08 22:08:02] local.INFO: SMS no enviado, numero incorrecto: 44805236  
[2021-05-08 22:08:03] local.INFO: SMS enviado a 1162485380  
[2021-05-08 22:08:03] local.INFO: SMS no enviado, numero incorrecto: 41303318  
[2021-05-08 22:08:03] local.INFO: SMS enviado a 1162485380  
[2021-05-08 22:16:02] local.INFO: SMS no enviado, numero incorrecto: 44805236  
[2021-05-08 22:40:05] local.INFO: SMS no enviado, numero incorrecto: 44805236  
[2021-05-08 22:48:02] local.INFO: SMS no enviado, numero incorrecto: 44805236  
[2021-05-08 22:56:02] local.INFO: SMS no enviado, numero incorrecto: 44805236  
[2021-05-08 22:56:02] local.INFO: SMS no enviado, numero incorrecto:   
[2021-05-08 23:08:02] local.INFO: SMS no enviado, numero incorrecto: 44805236  
[2021-05-08 23:16:02] local.INFO: SMS no enviado, numero incorrecto:   
[2021-05-08 23:16:02] local.INFO: SMS no enviado, numero incorrecto: 44805236  
[2021-05-08 23:24:02] local.INFO: SMS no enviado, numero incorrecto:   
[2021-05-08 23:32:02] local.INFO: SMS no enviado, numero incorrecto:   
[2021-05-08 23:48:02] local.INFO: SMS no enviado, numero incorrecto: 44805236  
[2021-05-08 23:56:02] local.INFO: SMS no enviado, numero incorrecto:   
[2021-05-08 23:56:03] local.INFO: SMS enviado a 2994494000  
