[2021-05-14 00:08:03] local.INFO: SMS enviado a 1162485380  
[2021-05-14 00:08:03] local.INFO: SMS enviado a 1162485380  
[2021-05-14 00:16:01] local.INFO: SMS no enviado, numero incorrecto: 44805236  
[2021-05-14 00:19:52] local.INFO: Recordatorio de turnos por correo (5 dias): 285  en la cola  
[2021-05-14 00:24:02] local.INFO: SMS no enviado, numero incorrecto:   
[2021-05-14 00:29:16] local.INFO: Enviado a adelarosana@gmail.com el reporte de turnos para 2021-05-14  
[2021-05-14 00:29:17] local.INFO: Enviado a hernimansilla@gmail.com el reporte de turnos para 2021-05-14  
[2021-05-14 00:29:17] local.INFO: Enviado a indiaginformes@gmail.com el reporte de turnos para 2021-05-14  
[2021-05-14 00:34:17] local.INFO: Recordatorio de turnos por correo (para mañana): 193  en la cola  
[2021-05-14 00:48:02] local.INFO: SMS no enviado, numero incorrecto:   
[2021-05-14 00:56:02] local.INFO: SMS no enviado, numero incorrecto:   
[2021-05-14 01:00:04] local.INFO: SMS no enviado, numero incorrecto: 44805236  
[2021-05-14 01:08:02] local.INFO: SMS no enviado, numero incorrecto: 44805236  
[2021-05-14 01:08:02] local.INFO: SMS no enviado, numero incorrecto: 44805236  
[2021-05-14 01:40:02] local.INFO: SMS no enviado, numero incorrecto: 44805236  
[2021-05-14 02:16:02] local.INFO: SMS no enviado, numero incorrecto: 44805236  
[2021-05-14 05:00:09] local.INFO: Reporte de turnos del dia 2021-05-14 para las 06:00:00:21  en la cola  
[2021-05-14 06:00:05] local.INFO: Enviado a naspropiedades@gmail.com el reporte de turnos para 2021-05-14  
[2021-05-14 06:00:06] local.INFO: Enviado a naspropiedades@gmail.com el reporte de turnos para 2021-05-14  
[2021-05-14 06:00:06] local.INFO: Enviado a naspropiedades@gmail.com el reporte de turnos para 2021-05-14  
[2021-05-14 06:00:08] local.INFO: Enviado a deptomedicocentral@aerolineas.com.ar el reporte de turnos para 2021-05-14  
[2021-05-14 06:00:09] local.INFO: Enviado a deptomedicoaep@aerolineas.com.ar el reporte de turnos para 2021-05-14  
[2021-05-14 06:00:11] local.INFO: Enviado a cmininni@sodimac.com.uy el reporte de turnos para 2021-05-14  
[2021-05-14 06:00:12] local.INFO: Enviado a glmartinez@sodimac.com.ar el reporte de turnos para 2021-05-14  
[2021-05-14 06:00:12] local.INFO: Enviado a glmartinez@sodimac.com.ar el reporte de turnos para 2021-05-14  
[2021-05-14 06:00:14] local.INFO: Enviado a dastella@sodimac.com.ar el reporte de turnos para 2021-05-14  
[2021-05-14 06:00:14] local.INFO: Enviado a dastella@sodimac.com.ar el reporte de turnos para 2021-05-14  
[2021-05-14 06:05:02] local.INFO: Enviado a dabaldi@sodimac.com.ar el reporte de turnos para 2021-05-14  
[2021-05-14 06:05:03] local.INFO: Enviado a davherrera@sodimac.com.ar el reporte de turnos para 2021-05-14  
[2021-05-14 06:05:04] local.INFO: Enviado a jcondori@sodimac.com.ar el reporte de turnos para 2021-05-14  
[2021-05-14 06:05:05] local.INFO: Enviado a jcondori@sodimac.com.ar el reporte de turnos para 2021-05-14  
[2021-05-14 06:05:06] local.INFO: Enviado a lwoltmann@sodimac.com.ar el reporte de turnos para 2021-05-14  
[2021-05-14 06:05:06] local.INFO: Enviado a gbalbi@sodimac.com.ar el reporte de turnos para 2021-05-14  
[2021-05-14 06:05:07] local.INFO: Enviado a danielroda_mp@yahoo.com.ar el reporte de turnos para 2021-05-14  
[2021-05-14 06:05:08] local.INFO: Enviado a serviciotecnico@climaplat.com.ar el reporte de turnos para 2021-05-14  
[2021-05-14 06:05:08] local.INFO: Enviado a lwoltmann@sodimac.com.ar el reporte de turnos para 2021-05-14  
[2021-05-14 06:05:09] local.INFO: Enviado a lwoltmann@sodimac.com.ar el reporte de turnos para 2021-05-14  
[2021-05-14 06:56:03] local.INFO: SMS no enviado, numero incorrecto: 44805236  
[2021-05-14 07:40:05] local.INFO: SMS enviado a 2994494000  
[2021-05-14 08:00:08] local.INFO: Recordatorio de turnos por sms (para mañana): 110  en la cola  
[2021-05-14 08:08:02] local.INFO: SMS enviado a 1124593243  
[2021-05-14 08:08:03] local.INFO: SMS enviado a 1169508274  
[2021-05-14 08:08:03] local.INFO: SMS enviado a 1553174384  
[2021-05-14 08:08:03] local.INFO: SMS enviado a 1133824994  
[2021-05-14 08:08:03] local.INFO: SMS enviado a 1134724954  
[2021-05-14 08:08:03] local.INFO: SMS enviado a 1170312012  
[2021-05-14 08:08:04] local.INFO: SMS enviado a 1136524517  
[2021-05-14 08:08:04] local.INFO: SMS enviado a 1165075151  
[2021-05-14 08:08:04] local.INFO: SMS enviado a 1556303855  
[2021-05-14 08:08:04] local.INFO: SMS enviado a 1162330529  
[2021-05-14 08:08:05] local.INFO: SMS enviado a 1138834702  
[2021-05-14 08:08:05] local.INFO: SMS enviado a 1562941014  
[2021-05-14 08:08:05] local.INFO: SMS enviado a 1564234015  
[2021-05-14 08:08:05] local.INFO: SMS enviado a 1157005530  
[2021-05-14 08:08:06] local.INFO: SMS enviado a 1158430187  
[2021-05-14 08:08:06] local.INFO: SMS enviado a 1541580244  
[2021-05-14 08:08:06] local.INFO: SMS enviado a 1161823284  
[2021-05-14 08:08:06] local.INFO: SMS enviado a 1167268666  
[2021-05-14 08:08:06] local.INFO: SMS enviado a 1557440425  
[2021-05-14 08:08:06] local.INFO: SMS enviado a 1163707367  
[2021-05-14 08:08:07] local.INFO: SMS enviado a 01141598403  
[2021-05-14 08:08:07] local.INFO: SMS enviado a 1569893998  
[2021-05-14 08:08:07] local.INFO: SMS enviado a 1168493917  
[2021-05-14 08:08:07] local.INFO: SMS enviado a 1159020838  
[2021-05-14 08:08:07] local.INFO: SMS enviado a 1131649991  
[2021-05-14 08:08:08] local.INFO: SMS enviado a 1157413378  
[2021-05-14 08:08:08] local.INFO: SMS enviado a 11595596942  
[2021-05-14 08:08:08] local.INFO: SMS enviado a +541131548812  
[2021-05-14 08:08:08] local.INFO: SMS enviado a 91158504292  
[2021-05-14 08:08:08] local.INFO: SMS enviado a 1559587815  
[2021-05-14 08:08:08] local.INFO: SMS enviado a +17866978086  
[2021-05-14 08:08:09] local.INFO: SMS enviado a 1559389197  
[2021-05-14 08:08:09] local.INFO: SMS enviado a 1151220000  
[2021-05-14 08:08:09] local.INFO: SMS enviado a +541144716466  
[2021-05-14 08:08:09] local.INFO: SMS enviado a 1155966614  
[2021-05-14 08:08:09] local.INFO: SMS enviado a +541157478801  
[2021-05-14 08:08:09] local.INFO: SMS enviado a 1168287310  
[2021-05-14 08:08:10] local.INFO: SMS enviado a 1162416491  
[2021-05-14 08:08:10] local.INFO: SMS enviado a 1140853511  
[2021-05-14 08:08:10] local.INFO: SMS enviado a 1154778769  
[2021-05-14 08:08:10] local.INFO: SMS enviado a 1534231888  
[2021-05-14 08:08:10] local.INFO: SMS enviado a 1126883031  
[2021-05-14 08:08:10] local.INFO: SMS enviado a 1167270906  
[2021-05-14 08:08:11] local.INFO: SMS enviado a 01167370189  
[2021-05-14 08:08:11] local.INFO: SMS enviado a 1565645310  
[2021-05-14 08:08:11] local.INFO: SMS enviado a 1567944848  
[2021-05-14 08:08:11] local.INFO: SMS enviado a 1158331173  
[2021-05-14 08:08:11] local.INFO: SMS enviado a 1155090276  
[2021-05-14 08:08:11] local.INFO: SMS enviado a 1161061413  
[2021-05-14 08:08:12] local.INFO: SMS enviado a 1141608224  
[2021-05-14 08:08:12] local.INFO: SMS enviado a +5492214400122  
[2021-05-14 08:08:12] local.INFO: SMS enviado a 1136857897  
[2021-05-14 08:08:12] local.INFO: SMS enviado a +541151402009  
[2021-05-14 08:08:12] local.INFO: SMS enviado a 1150435638  
[2021-05-14 08:08:12] local.INFO: SMS enviado a 1144038822  
[2021-05-14 08:08:13] local.INFO: SMS enviado a 1167085689  
[2021-05-14 08:08:13] local.INFO: SMS enviado a 1151889129  
[2021-05-14 08:08:13] local.INFO: SMS enviado a 3425210363  
[2021-05-14 08:08:13] local.INFO: SMS enviado a 5491132760171  
[2021-05-14 08:08:13] local.INFO: SMS enviado a 1130670154  
[2021-05-14 08:08:13] local.INFO: SMS enviado a +541132639418  
[2021-05-14 08:08:14] local.INFO: SMS enviado a 1154004368  
[2021-05-14 08:08:14] local.INFO: SMS enviado a 1168481013  
[2021-05-14 08:08:14] local.INFO: SMS enviado a 1161752610  
[2021-05-14 08:08:14] local.INFO: SMS enviado a 1133964206  
[2021-05-14 08:08:14] local.INFO: SMS enviado a 1131326938  
[2021-05-14 08:08:14] local.INFO: SMS enviado a 1165902600  
[2021-05-14 08:08:15] local.INFO: SMS enviado a +541135184461  
[2021-05-14 08:08:15] local.INFO: SMS enviado a 1151755127  
[2021-05-14 08:08:15] local.INFO: SMS enviado a 01158011441  
[2021-05-14 08:08:15] local.INFO: SMS enviado a 1140923637  
[2021-05-14 08:08:15] local.INFO: SMS enviado a 1151618151  
[2021-05-14 08:08:15] local.INFO: SMS enviado a 1133546923  
[2021-05-14 08:08:16] local.INFO: SMS enviado a 1137021753  
[2021-05-14 08:08:16] local.INFO: SMS enviado a 1139522291  
[2021-05-14 08:08:16] local.INFO: SMS enviado a 1565645310  
[2021-05-14 08:08:16] local.INFO: SMS enviado a 1134795555  
[2021-05-14 08:08:16] local.INFO: SMS enviado a 1164122008  
[2021-05-14 08:08:16] local.INFO: SMS enviado a 1559765429  
[2021-05-14 08:08:17] local.INFO: SMS enviado a 1136809570  
[2021-05-14 08:08:17] local.INFO: SMS enviado a +541164235097  
[2021-05-14 08:08:17] local.INFO: SMS enviado a 1153236741  
[2021-05-14 08:08:17] local.INFO: SMS enviado a 1130494261  
[2021-05-14 08:08:17] local.INFO: SMS enviado a 1167868392  
[2021-05-14 08:08:17] local.INFO: SMS enviado a 1551789141  
[2021-05-14 08:08:17] local.INFO: SMS enviado a 1164871785  
[2021-05-14 08:08:18] local.INFO: SMS enviado a 1136935018  
[2021-05-14 08:08:18] local.INFO: SMS enviado a 1136463875  
[2021-05-14 08:08:18] local.INFO: SMS enviado a 1545395854  
[2021-05-14 08:08:18] local.INFO: SMS enviado a 1140394659  
[2021-05-14 08:08:18] local.INFO: SMS enviado a 1130062211  
[2021-05-14 08:08:18] local.INFO: SMS enviado a +5491132720917  
[2021-05-14 08:08:19] local.INFO: SMS enviado a 2914255325  
[2021-05-14 08:08:19] local.INFO: SMS enviado a 1158694913  
[2021-05-14 08:08:19] local.INFO: SMS enviado a 1550618585  
[2021-05-14 08:08:19] local.INFO: SMS enviado a 1165781019  
[2021-05-14 08:08:19] local.INFO: SMS enviado a 1164527620  
[2021-05-14 08:08:19] local.INFO: SMS enviado a 1567074208  
[2021-05-14 08:08:19] local.INFO: SMS enviado a 1128432848  
[2021-05-14 08:08:20] local.INFO: SMS enviado a 1559112366  
[2021-05-14 08:16:03] local.INFO: SMS enviado a 1135837788  
[2021-05-14 08:16:03] local.INFO: SMS enviado a +541561953824  
[2021-05-14 08:16:03] local.INFO: SMS enviado a 1160335910  
[2021-05-14 08:16:03] local.INFO: SMS enviado a 1164154654  
[2021-05-14 08:16:04] local.INFO: SMS enviado a 1168074618  
[2021-05-14 08:16:04] local.INFO: SMS enviado a 1564404176  
[2021-05-14 08:16:04] local.INFO: SMS enviado a 1162781414  
[2021-05-14 08:16:04] local.INFO: SMS enviado a 1161974665  
[2021-05-14 08:16:05] local.INFO: SMS enviado a 1530729560  
[2021-05-14 08:16:05] local.INFO: SMS enviado a 1161278312  
[2021-05-14 08:16:05] local.INFO: SMS no enviado, numero incorrecto: 44805236  
[2021-05-14 08:24:09] local.INFO: cancelo turno 2415-1380416 desde smsfacil por curl   
[2021-05-14 08:32:02] local.INFO: SMS no enviado, numero incorrecto: 44805236  
[2021-05-14 08:32:02] local.INFO: SMS no enviado, numero incorrecto: 44805236  
[2021-05-14 08:32:02] local.INFO: SMS no enviado, numero incorrecto: 44805236  
[2021-05-14 08:56:02] local.INFO: SMS no enviado, numero incorrecto: 44805236  
[2021-05-14 08:56:02] local.INFO: SMS enviado a 2994494000  
[2021-05-14 09:32:01] local.INFO: SMS no enviado, numero incorrecto: 44805236  
[2021-05-14 09:32:01] local.INFO: SMS no enviado, numero incorrecto: 44805236  
[2021-05-14 09:56:02] local.INFO: SMS no enviado, numero incorrecto: 44805236  
[2021-05-14 10:08:02] local.INFO: SMS no enviado, numero incorrecto: 44805236  
[2021-05-14 10:08:02] local.INFO: SMS no enviado, numero incorrecto: 41303318  
[2021-05-14 10:24:04] local.INFO: SMS no enviado, numero incorrecto: 44805236  
[2021-05-14 10:24:04] local.INFO: SMS no enviado, numero incorrecto:   
[2021-05-14 10:32:02] local.INFO: SMS no enviado, numero incorrecto: 44805236  
[2021-05-14 10:32:02] local.INFO: SMS no enviado, numero incorrecto: 44805236  
[2021-05-14 10:48:02] local.INFO: SMS no enviado, numero incorrecto:   
[2021-05-14 10:48:02] local.INFO: SMS no enviado, numero incorrecto:   
[2021-05-14 10:48:02] local.INFO: SMS no enviado, numero incorrecto: 41303318  
[2021-05-14 10:48:02] local.INFO: SMS no enviado, numero incorrecto: 41303318  
[2021-05-14 10:56:02] local.INFO: SMS enviado a 2994494000  
[2021-05-14 10:56:02] local.INFO: SMS no enviado, numero incorrecto: 41303318  
[2021-05-14 11:04:09] local.INFO: cancelo turno 2278-1377551 desde smsfacil por curl   
[2021-05-14 11:08:02] local.INFO: SMS no enviado, numero incorrecto: 44805236  
[2021-05-14 11:08:02] local.INFO: SMS no enviado, numero incorrecto: 44805236  
[2021-05-14 11:08:02] local.INFO: SMS no enviado, numero incorrecto: 44805236  
[2021-05-14 11:16:02] local.INFO: SMS no enviado, numero incorrecto: 44805236  
[2021-05-14 11:24:03] local.INFO: SMS no enviado, numero incorrecto: 44805236  
[2021-05-14 11:32:02] local.INFO: SMS no enviado, numero incorrecto: 44805236  
[2021-05-14 11:40:03] local.INFO: SMS no enviado, numero incorrecto: 41303318  
[2021-05-14 11:40:03] local.INFO: SMS no enviado, numero incorrecto:   
[2021-05-14 11:48:02] local.INFO: SMS no enviado, numero incorrecto: 41303318  
[2021-05-14 11:56:03] local.INFO: SMS enviado a 2994494000  
[2021-05-14 12:08:03] local.INFO: SMS no enviado, numero incorrecto: 44805236  
[2021-05-14 12:14:53] local.INFO: PAGO POR MERCADO PAGO PARA 2774 approved accredited  
[2021-05-14 12:24:03] local.INFO: SMS no enviado, numero incorrecto: 44805236  
[2021-05-14 12:24:03] local.INFO: SMS no enviado, numero incorrecto:   
[2021-05-14 12:32:02] local.INFO: SMS no enviado, numero incorrecto: 44805236  
[2021-05-14 12:32:02] local.INFO: SMS no enviado, numero incorrecto: 44805236  
[2021-05-14 12:40:03] local.INFO: SMS no enviado, numero incorrecto: 44805236  
[2021-05-14 12:40:03] local.INFO: SMS no enviado, numero incorrecto: 41303318  
[2021-05-14 12:40:03] local.INFO: SMS no enviado, numero incorrecto: 41303318  
[2021-05-14 12:44:09] local.INFO: cancelo turno 2278-1377806 desde smsfacil por curl   
[2021-05-14 12:44:11] local.INFO: cancelo turno 2278-1377806 desde smsfacil por curl   
[2021-05-14 12:48:03] local.INFO: SMS no enviado, numero incorrecto: 44805236  
[2021-05-14 12:48:03] local.INFO: SMS no enviado, numero incorrecto: 44805236  
[2021-05-14 12:48:03] local.INFO: SMS no enviado, numero incorrecto: 44805236  
[2021-05-14 12:48:03] local.INFO: SMS no enviado, numero incorrecto: 44805236  
[2021-05-14 12:56:02] local.INFO: SMS no enviado, numero incorrecto:   
[2021-05-14 13:00:04] local.INFO: SMS no enviado, numero incorrecto: 44805236  
[2021-05-14 13:00:04] local.INFO: SMS no enviado, numero incorrecto: 44805236  
[2021-05-14 13:00:04] local.INFO: SMS no enviado, numero incorrecto: 44805236  
[2021-05-14 13:08:02] local.INFO: SMS no enviado, numero incorrecto: 44805236  
[2021-05-14 13:08:02] local.INFO: SMS no enviado, numero incorrecto: 44805236  
[2021-05-14 13:08:02] local.INFO: SMS no enviado, numero incorrecto:   
[2021-05-14 13:08:53] local.INFO: PAGO POR MERCADO PAGO PARA 2774 approved accredited  
[2021-05-14 13:16:02] local.INFO: SMS no enviado, numero incorrecto:   
[2021-05-14 13:16:02] local.INFO: SMS no enviado, numero incorrecto: 44805236  
[2021-05-14 13:24:03] local.INFO: SMS no enviado, numero incorrecto:   
[2021-05-14 13:24:03] local.INFO: SMS no enviado, numero incorrecto: 44805236  
[2021-05-14 13:32:02] local.INFO: SMS no enviado, numero incorrecto: 44805236  
[2021-05-14 13:32:03] local.INFO: SMS no enviado, numero incorrecto: 44805236  
[2021-05-14 13:32:03] local.INFO: SMS no enviado, numero incorrecto: 44805236  
[2021-05-14 13:32:03] local.INFO: SMS no enviado, numero incorrecto: 41303318  
[2021-05-14 13:32:03] local.INFO: SMS no enviado, numero incorrecto: 41303318  
[2021-05-14 13:48:02] local.INFO: SMS no enviado, numero incorrecto:   
[2021-05-14 14:08:02] local.INFO: SMS no enviado, numero incorrecto: 41303318  
[2021-05-14 15:00:05] local.INFO: SMS no enviado, numero incorrecto: 41303318  
[2021-05-14 15:00:05] local.INFO: SMS no enviado, numero incorrecto: 44805236  
[2021-05-14 15:00:05] local.INFO: SMS no enviado, numero incorrecto: 44805236  
[2021-05-14 15:08:03] local.INFO: SMS no enviado, numero incorrecto: 44805236  
[2021-05-14 15:08:03] local.INFO: SMS no enviado, numero incorrecto: 44805236  
[2021-05-14 15:08:03] local.INFO: SMS no enviado, numero incorrecto: 44805236  
[2021-05-14 15:08:03] local.INFO: SMS no enviado, numero incorrecto:   
[2021-05-14 15:16:03] local.INFO: SMS enviado a 2994494000  
[2021-05-14 15:16:03] local.INFO: SMS enviado a 1162485380  
[2021-05-14 15:24:03] local.INFO: SMS no enviado, numero incorrecto: 44805236  
[2021-05-14 15:32:03] local.INFO: SMS enviado a 2994494000  
[2021-05-14 15:32:03] local.INFO: SMS no enviado, numero incorrecto: 44805236  
[2021-05-14 15:40:05] local.INFO: SMS no enviado, numero incorrecto: 44805236  
[2021-05-14 15:48:02] local.INFO: SMS no enviado, numero incorrecto:   
[2021-05-14 15:48:02] local.INFO: SMS no enviado, numero incorrecto: 44805236  
[2021-05-14 15:48:02] local.INFO: SMS no enviado, numero incorrecto: 44805236  
[2021-05-14 15:56:02] local.INFO: SMS no enviado, numero incorrecto:   
[2021-05-14 15:56:02] local.INFO: SMS no enviado, numero incorrecto: 44805236  
[2021-05-14 15:56:02] local.INFO: SMS no enviado, numero incorrecto: 41303318  
[2021-05-14 16:00:05] local.INFO: SMS no enviado, numero incorrecto: 44805236  
[2021-05-14 16:00:09] local.INFO: Reporte de turnos del dia 2021-05-14 para las 17:00:00:8  en la cola  
[2021-05-14 16:16:02] local.INFO: SMS no enviado, numero incorrecto:   
[2021-05-14 16:24:02] local.INFO: SMS no enviado, numero incorrecto: 44805236  
[2021-05-14 16:32:03] local.INFO: SMS enviado a 2994494000  
[2021-05-14 16:40:03] local.INFO: SMS no enviado, numero incorrecto: 41303318  
[2021-05-14 16:56:02] local.INFO: SMS no enviado, numero incorrecto:   
[2021-05-14 16:56:02] local.INFO: SMS no enviado, numero incorrecto:   
[2021-05-14 16:56:02] local.INFO: SMS enviado a 1162485380  
[2021-05-14 17:00:09] local.INFO: Enviado a secretaria@crha.org.ar el reporte de turnos para 2021-05-15  
[2021-05-14 17:00:10] local.INFO: Enviado a cammisaje@yahoo.com.ar el reporte de turnos para 2021-05-15  
[2021-05-14 17:00:11] local.INFO: Enviado a grimihumberto@gmail.com el reporte de turnos para 2021-05-15  
[2021-05-14 17:00:11] local.INFO: Enviado a hugotigre@outlook.com el reporte de turnos para 2021-05-15  
[2021-05-14 17:00:13] local.INFO: Enviado a info@neumovil.com.ar el reporte de turnos para 2021-05-15  
[2021-05-14 17:00:14] local.INFO: Enviado a titulos@iugr.edu.ar el reporte de turnos para 2021-05-15  
[2021-05-14 17:00:15] local.INFO: Enviado a titulos@ugr.edu.ar el reporte de turnos para 2021-05-15  
[2021-05-14 17:00:16] local.INFO: Enviado a titulos@ugr.edu.ar el reporte de turnos para 2021-05-15  
[2021-05-14 17:16:03] local.INFO: SMS no enviado, numero incorrecto: 41303318  
[2021-05-14 17:32:09] local.INFO: PAGO POR MERCADO PAGO PARA 2774 approved accredited  
[2021-05-14 17:40:03] local.INFO: SMS no enviado, numero incorrecto: 44805236  
[2021-05-14 17:56:02] local.INFO: SMS no enviado, numero incorrecto: 44805236  
[2021-05-14 18:08:02] local.INFO: SMS no enviado, numero incorrecto: 41303318  
[2021-05-14 18:08:02] local.INFO: SMS no enviado, numero incorrecto: 44805236  
[2021-05-14 18:08:02] local.INFO: SMS no enviado, numero incorrecto:   
[2021-05-14 18:24:02] local.INFO: SMS no enviado, numero incorrecto: 44805236  
[2021-05-14 18:40:04] local.INFO: SMS no enviado, numero incorrecto: 41303318  
[2021-05-14 18:40:04] local.INFO: SMS no enviado, numero incorrecto:   
[2021-05-14 19:00:14] local.INFO: Reporte de turnos del dia 2021-05-14 para las 20:00:00:10  en la cola  
[2021-05-14 19:16:03] local.INFO: SMS no enviado, numero incorrecto:   
[2021-05-14 19:32:02] local.INFO: SMS no enviado, numero incorrecto:   
[2021-05-14 19:56:02] local.INFO: SMS no enviado, numero incorrecto: 44805236  
[2021-05-14 20:00:05] local.INFO: SMS no enviado, numero incorrecto: 44805236  
[2021-05-14 20:00:12] local.INFO: Enviado a atencionalcliente@jazminchebar.com.ar el reporte de turnos para 2021-05-15  
[2021-05-14 20:00:13] local.INFO: Enviado a salvador@jazminchebar.com.ar el reporte de turnos para 2021-05-15  
[2021-05-14 20:00:13] local.INFO: Enviado a elcano@jazminchebar.com.ar el reporte de turnos para 2021-05-15  
[2021-05-14 20:00:14] local.INFO: Enviado a laplata@jazminchebar.com.ar el reporte de turnos para 2021-05-15  
[2021-05-14 20:00:15] local.INFO: Enviado a localpalermo@jazminchebar.com.ar el reporte de turnos para 2021-05-15  
[2021-05-14 20:00:15] local.INFO: Enviado a elcano@jazminchebar.com.ar el reporte de turnos para 2021-05-15  
[2021-05-14 20:00:16] local.INFO: Enviado a laplata@jazminchebar.com.ar el reporte de turnos para 2021-05-15  
[2021-05-14 20:00:20] local.INFO: Enviado a adelarosana@gmail.com el reporte de turnos para 2021-05-15  
[2021-05-14 20:00:21] local.INFO: Enviado a anamcarro@yahoo.com.ar el reporte de turnos para 2021-05-15  
[2021-05-14 20:00:21] local.INFO: Enviado a Alapontmarisa@yahoo.com.ar el reporte de turnos para 2021-05-15  
[2021-05-14 20:16:02] local.INFO: SMS no enviado, numero incorrecto: 44805236  
[2021-05-14 20:16:02] local.INFO: SMS no enviado, numero incorrecto: 44805236  
[2021-05-14 20:16:02] local.INFO: SMS no enviado, numero incorrecto: 44805236  
[2021-05-14 20:24:02] local.INFO: SMS no enviado, numero incorrecto: 44805236  
[2021-05-14 20:24:02] local.INFO: SMS no enviado, numero incorrecto:   
[2021-05-14 20:24:02] local.INFO: SMS no enviado, numero incorrecto:   
[2021-05-14 20:40:04] local.INFO: SMS no enviado, numero incorrecto: 44805236  
[2021-05-14 20:40:04] local.INFO: SMS enviado a 1162485380  
[2021-05-14 20:48:02] local.INFO: SMS no enviado, numero incorrecto:   
[2021-05-14 20:48:02] local.INFO: SMS no enviado, numero incorrecto:   
[2021-05-14 20:48:02] local.INFO: SMS no enviado, numero incorrecto: 44805236  
[2021-05-14 20:48:02] local.INFO: SMS no enviado, numero incorrecto: 44805236  
[2021-05-14 20:56:03] local.INFO: SMS no enviado, numero incorrecto: 44805236  
[2021-05-14 21:08:02] local.INFO: SMS no enviado, numero incorrecto:   
[2021-05-14 21:16:02] local.INFO: SMS no enviado, numero incorrecto:   
[2021-05-14 21:24:03] local.INFO: SMS enviado a 2994494000  
[2021-05-14 21:40:05] local.INFO: SMS no enviado, numero incorrecto:   
[2021-05-14 21:40:05] local.INFO: SMS no enviado, numero incorrecto: 44805236  
[2021-05-14 21:48:02] local.INFO: SMS enviado a 2994494000  
[2021-05-14 21:56:02] local.INFO: SMS no enviado, numero incorrecto:   
[2021-05-14 22:00:05] local.INFO: SMS no enviado, numero incorrecto:   
[2021-05-14 22:00:08] local.INFO: Reporte de turnos del dia 2021-05-14 para las 23:00:00:6  en la cola  
[2021-05-14 22:08:02] local.INFO: SMS no enviado, numero incorrecto: 44805236  
[2021-05-14 22:24:02] local.INFO: SMS no enviado, numero incorrecto: 44805236  
[2021-05-14 22:48:03] local.INFO: SMS no enviado, numero incorrecto:   
[2021-05-14 22:56:02] local.INFO: SMS no enviado, numero incorrecto:   
[2021-05-14 23:00:06] local.INFO: Enviado a lourdes-leguizamon2015@hotmail.com el reporte de turnos para 2021-05-15  
[2021-05-14 23:00:07] local.INFO: Enviado a contacto@kimkacosmetic.com el reporte de turnos para 2021-05-15  
[2021-05-14 23:00:07] local.INFO: Enviado a lourdes-leguizamon2015@hotmail.com el reporte de turnos para 2021-05-15  
[2021-05-14 23:00:21] local.INFO: Enviado a deptomedicoeze@aerolineas.com.ar el reporte de turnos para 2021-05-15  
[2021-05-14 23:00:22] local.INFO: Enviado a deptomedicoaep@aerolineas.com.ar el reporte de turnos para 2021-05-15  
[2021-05-14 23:00:22] local.INFO: Enviado a deptomedicoeze@aerolineas.com.ar el reporte de turnos para 2021-05-15  
[2021-05-14 23:32:02] local.INFO: SMS no enviado, numero incorrecto:   
[2021-05-14 23:48:02] local.INFO: SMS no enviado, numero incorrecto:   
[2021-05-14 23:48:02] local.INFO: SMS no enviado, numero incorrecto:   
